0.000000 0.000000 0.110000 3.520000 9.84250984251476390696212E-01 5.56776436283002151839128E+00 
0.002500 0.005000 0.110000 3.520000 9.59168206229413011776330E-01 5.42587474338683861674326E+00 
0.005000 0.010000 0.110000 3.520000 9.34709217704115191693859E-01 5.28751381020922206488422E+00 
0.007500 0.015000 0.110000 3.520000 9.10858268517506175498966E-01 5.15259246694852635073403E+00 
0.010000 0.020000 0.110000 3.520000 8.87600010930406413400817E-01 5.02102389368115265000370E+00 
0.012500 0.025000 0.110000 3.520000 8.64919489919557804569195E-01 4.89272349202023271175221E+00 
0.015000 0.030000 0.110000 3.520000 8.42802133662545971404256E-01 4.76760883129021806325909E+00 
0.017500 0.035000 0.110000 3.520000 8.21233744208767491024048E-01 4.64559959575390468700107E+00 
0.020000 0.040000 0.110000 3.520000 8.00200488334578463600621E-01 4.52661753288133805739335E+00 
0.022500 0.045000 0.110000 3.520000 7.79688888580745254053284E-01 4.41058640264997947610937E+00 
0.025000 0.050000 0.110000 3.520000 7.59685814470311804313951E-01 4.29743192786546313044482E+00 
0.027500 0.055000 0.110000 3.520000 7.40178473904979483677380E-01 4.18708174549216849413824E+00 
0.030000 0.060000 0.110000 3.520000 7.21154404738076904024524E-01 4.07946535898273854314766E+00 
0.032500 0.065000 0.110000 3.520000 7.02601466522189688213018E-01 3.97451409159562718542702E+00 
0.035000 0.070000 0.110000 3.520000 6.84507832429490425951712E-01 3.87216104068958122397248E+00 
0.037500 0.075000 0.110000 3.520000 6.66861981342799059468973E-01 3.77234103298392131620176E+00 
0.040000 0.080000 0.110000 3.520000 6.49652690115382402957778E-01 3.67499058077335760685855E+00 
0.042500 0.085000 0.110000 3.520000 6.32869025997480849632382E-01 3.58004783908595314301238E+00 
0.045000 0.090000 0.110000 3.520000 6.16500339227529225993862E-01 3.48745256377274248649201E+00 
0.047500 0.095000 0.110000 3.520000 6.00536255786023431824106E-01 3.39714607051740946630503E+00 
0.050000 0.100000 0.110000 3.520000 5.84966670309957303963699E-01 3.30907119475429034594072E+00 
0.052500 0.105000 0.110000 3.520000 5.69781739165740264141391E-01 3.22317225248287675398728E+00 
0.055000 0.110000 0.110000 3.520000 5.54971873678480220881681E-01 3.13939500196685949973130E+00 
0.057500 0.115000 0.110000 3.520000 5.40527733515505093286890E-01 3.05768660630567001845748E+00 
0.060000 0.120000 0.110000 3.520000 5.26440220221965460289937E-01 2.97799559686633008581680E+00 
0.062500 0.125000 0.110000 3.520000 5.12700470906354399680538E-01 2.90027183756335560360640E+00 
0.065000 0.130000 0.110000 3.520000 4.99299852073753880343787E-01 2.82446648997433147343372E+00 
0.067500 0.135000 0.110000 3.520000 4.86229953604605025230256E-01 2.75053197927869286232294E+00 
0.070000 0.140000 0.110000 3.520000 4.73482582876781576963765E-01 2.67842196100715002060610E+00 
0.072500 0.145000 0.110000 3.520000 4.61049759028731631627096E-01 2.60809128858911831727596E+00 
0.075000 0.150000 0.110000 3.520000 4.48923707361438328877767E-01 2.53949598168542634013534E+00 
0.077500 0.155000 0.110000 3.520000 4.37096853876938806759966E-01 2.47259319529351140332096E+00 
0.080000 0.160000 0.110000 3.520000 4.25561819951128017525122E-01 2.40734118961224963229029E+00 
0.082500 0.165000 0.110000 3.520000 4.14311417138564785922483E-01 2.34369930065350029479987E+00 
0.085000 0.170000 0.110000 3.520000 4.03338642106989220259550E-01 2.28162791158740807517802E+00 
0.087500 0.175000 0.110000 3.520000 3.92636671699253037015609E-01 2.22108842480846435663011E+00 
0.090000 0.180000 0.110000 3.520000 3.82198858120360196455323E-01 2.16204323470929482553515E+00 
0.092500 0.185000 0.110000 3.520000 3.72018724247307974728471E-01 2.10445570114911806314240E+00 
0.095000 0.190000 0.110000 3.520000 3.62089959059421206966078E-01 2.04829012360380868784659E+00 
0.097500 0.195000 0.110000 3.520000 3.52406413186867883968745E-01 1.99351171598450127575575E+00 
0.100000 0.200000 0.110000 3.520000 3.42962094575046005928698E-01 1.94008658211165663232123E+00 
0.102500 0.205000 0.110000 3.520000 3.33751164262535593429959E-01 1.88798169183155373218597E+00 
0.105000 0.210000 0.110000 3.520000 3.24767932270312142950530E-01 1.83716485776216886804946E+00 
0.107500 0.215000 0.110000 3.520000 3.16006853599925974229734E-01 1.78760471265545750618742E+00 
0.110000 0.220000 0.110000 3.520000 3.07462524338355636110975E-01 1.73927068736308165775029E+00 
0.112500 0.225000 0.110000 3.520000 2.99129677867257803836054E-01 1.69213298939268397269586E+00 
0.115000 0.230000 0.110000 3.520000 2.91003181174341207793077E-01 1.64616258204187326796841E+00 
0.117500 0.235000 0.110000 3.520000 2.83078031264610563422224E-01 1.60133116409714926220431E+00 
0.120000 0.240000 0.110000 3.520000 2.75349351669234132522490E-01 1.55761115008507888823885E+00 
0.122500 0.245000 0.110000 3.520000 2.67812389049807808572012E-01 1.51497565106311182780985E+00 
0.125000 0.250000 0.110000 3.520000 2.60462509895806881843328E-01 1.47339845593754614760940E+00 
0.127500 0.255000 0.110000 3.520000 2.53295197313028463970142E-01 1.43285401329621597810160E+00 
0.130000 0.260000 0.110000 3.520000 2.46306047900855307197787E-01 1.39331741374362705343515E+00 
0.132500 0.265000 0.110000 3.520000 2.39490768716186519515787E-01 1.35476437272635652497854E+00 
0.135000 0.270000 0.110000 3.520000 2.32845174321906628334133E-01 1.31717121383667157274999E+00 
0.137500 0.275000 0.110000 3.520000 2.26365183917786344514056E-01 1.28051485258245389964316E+00 
0.140000 0.280000 0.110000 3.520000 2.20046818551733941449200E-01 1.24477278061165486100492E+00 
0.142500 0.285000 0.110000 3.520000 2.13886198409341837800568E-01 1.20992305037965586222981E+00 
0.145000 0.290000 0.110000 3.520000 2.07879540179698729662761E-01 1.17594426024805076558266E+00 
0.147500 0.295000 0.110000 3.520000 2.02023154495469259295248E-01 1.14281554000355090039420E+00 
0.150000 0.300000 0.110000 3.520000 1.96313443445266272435745E-01 1.11051653678583650552980E+00 
0.152500 0.305000 0.110000 3.520000 1.90746898156377048261234E-01 1.07902740141339181789704E+00 
0.155000 0.310000 0.110000 3.520000 1.85320096445929810569098E-01 1.04832877509649580183293E+00 
0.157500 0.315000 0.110000 3.520000 1.80029700538622661198929E-01 1.01840177652674812591727E+00 
0.160000 0.320000 0.110000 3.520000 1.74872454849165692714053E-01 9.89227989332667423383327E-01 
0.162500 0.325000 0.110000 3.520000 1.69845183827622620009734E-01 9.60789449891101487999379E-01 
0.165000 0.330000 0.110000 3.520000 1.64944789865869162470702E-01 9.33068635484369690580309E-01 
0.167500 0.335000 0.110000 3.520000 1.60168251263421296259892E-01 9.06048452793248082492994E-01 
0.170000 0.340000 0.110000 3.520000 1.55512620250919081366092E-01 8.79712226716106382440330E-01 
0.172500 0.345000 0.110000 3.520000 1.50975021069587544975121E-01 8.54043689504697889347540E-01 
0.175000 0.350000 0.110000 3.520000 1.46552648105030547398542E-01 8.29026970207303426363410E-01 
0.177500 0.355000 0.110000 3.520000 1.42242764073748972908362E-01 8.04646584410128928865902E-01 
0.180000 0.360000 0.110000 3.520000 1.38042698260810114962993E-01 7.80887424268058127907466E-01 
0.182500 0.365000 0.110000 3.520000 1.33949844807130541424200E-01 7.57734748816061176590608E-01 
0.185000 0.370000 0.110000 3.520000 1.29961661044870585568489E-01 7.35174174552764458923093E-01 
0.187500 0.375000 0.110000 3.520000 1.26075665879475218300598E-01 7.13191666287890879694089E-01 
0.190000 0.380000 0.110000 3.520000 1.22289438216929738367789E-01 6.91773528245474889075695E-01 
0.192500 0.385000 0.110000 3.520000 1.18600615434836992312384E-01 6.70906395414969214385792E-01 
0.195000 0.390000 0.110000 3.520000 1.15006891895956878113516E-01 6.50577225142554449455190E-01 
0.197500 0.395000 0.110000 3.520000 1.11506017502884982595113E-01 6.30773288955166600011637E-01 
0.200000 0.400000 0.110000 3.520000 1.08095796292582341235899E-01 6.11482164609957079548508E-01 
0.202500 0.405000 0.110000 3.520000 1.04774085069503697376092E-01 5.92691728362098047000472E-01 
0.205000 0.410000 0.110000 3.520000 1.01538792076106401673918E-01 5.74390147444045706670579E-01 
0.207500 0.415000 0.110000 3.520000 9.83878756995561626341740E-02 5.56565872749562373655863E-01 
0.210000 0.420000 0.110000 3.520000 9.53193432134811502454141E-02 5.39207631716003499278145E-01 
0.212500 0.425000 0.110000 3.520000 9.23312495536586647082444E-02 5.22304421398555485112070E-01 
0.215000 0.430000 0.110000 3.520000 8.94216961265524717950015E-02 5.05845501730304736298649E-01 
0.217500 0.435000 0.110000 3.520000 8.65888296496525183831849E-02 4.89820388962208641547846E-01 
0.220000 0.440000 0.110000 3.520000 8.38308410225998418274784E-02 4.74218849277214082871268E-01 
0.222500 0.445000 0.110000 3.520000 8.11459642281130016927548E-02 4.59030892572957649466758E-01 
0.225000 0.450000 0.110000 3.520000 7.85324752617630184037267E-02 4.44246766407659365860638E-01 
0.227500 0.455000 0.110000 3.520000 7.59886910896748063448669E-02 4.29856950103990664846521E-01 
0.230000 0.460000 0.110000 3.520000 7.35129686332642168222762E-02 4.15852149005880744603303E-01 
0.232500 0.465000 0.110000 3.520000 7.11037037801482835197575E-02 4.02223288883379270775009E-01 
0.235000 0.470000 0.110000 3.520000 6.87593304203973632038327E-02 3.88961510480875516382326E-01 
0.237500 0.475000 0.110000 3.520000 6.64783195073241489625460E-02 3.76058164204118861029258E-01 
0.240000 0.480000 0.110000 3.520000 6.42591781420352031739540E-02 3.63504804941659709349722E-01 
0.242500 0.485000 0.110000 3.520000 6.21004486809950267955927E-02 3.51293187016470165318083E-01 
0.245000 0.490000 0.110000 3.520000 6.00007078658823383987553E-02 3.39415259263667390410291E-01 
0.247500 0.495000 0.110000 3.520000 5.79585659750415163604664E-02 3.27863160230398076322444E-01 
0.250000 0.500000 0.110000 3.520000 5.59726659958596911570439E-02 3.16629213494096561909430E-01 
0.252500 0.505000 0.110000 3.520000 5.40416828174230742809492E-02 3.05705923095459075611302E-01 
0.255000 0.510000 0.110000 3.520000 5.21643224428309654205904E-02 2.95085969082619081760299E-01 
0.257500 0.515000 0.110000 3.520000 5.03393212205687778926233E-02 2.84762203163136440320358E-01 
0.260000 0.520000 0.110000 3.520000 4.85654450943640292326364E-02 2.74727644460542042015305E-01 
0.262500 0.525000 0.110000 3.520000 4.68414888709712609604630E-02 2.64975475372303814758368E-01 
0.265000 0.530000 0.110000 3.520000 4.51662755053528069959512E-02 2.55499037526198624625806E-01 
0.267500 0.535000 0.110000 3.520000 4.35386554027433758662369E-02 2.46291827832193249703252E-01 
0.270000 0.540000 0.110000 3.520000 4.19575057371050566534798E-02 2.37347494627043686943324E-01 
0.272500 0.545000 0.110000 3.520000 4.04217297855002238859967E-02 2.28659833908939652546977E-01 
0.275000 0.550000 0.110000 3.520000 3.89302562779263935932583E-02 2.20222785659615338804684E-01 
0.277500 0.555000 0.110000 3.520000 3.74820387621764491981047E-02 2.12030430251455959123064E-01 
0.280000 0.560000 0.110000 3.520000 3.60760549833035806810422E-02 2.04076984937221622695702E-01 
0.282500 0.565000 0.110000 3.520000 3.47113062772874680916857E-02 1.96356800420105143123450E-01 
0.285000 0.570000 0.110000 3.520000 3.33868169785136795213454E-02 1.88864357501929480687153E-01 
0.287500 0.575000 0.110000 3.520000 3.21016338406936718730122E-02 1.81594263807376393726756E-01 
0.290000 0.580000 0.110000 3.520000 3.08548254708668028001295E-02 1.74541250582218615550190E-01 
0.292500 0.585000 0.110000 3.520000 2.96454817761405593767865E-02 1.67700169563609641221191E-01 
0.295000 0.590000 0.110000 3.520000 2.84727134228373451874106E-02 1.61065989920556179582078E-01 
0.297500 0.595000 0.110000 3.520000 2.73356513077301771508232E-02 1.54633795262775403100974E-01 
0.300000 0.600000 0.110000 3.520000 2.62334460410606970515168E-02 1.48398780716203271268228E-01 
0.302500 0.605000 0.110000 3.520000 2.51652674410448896902270E-02 1.42356250063487038692855E-01 
0.305000 0.610000 0.110000 3.520000 2.41303040395832758824302E-02 1.36501612947859785052174E-01 
0.307500 0.615000 0.110000 3.520000 2.31277625989021289043546E-02 1.30830382138850453976886E-01 
0.310000 0.620000 0.110000 3.520000 2.21568676388627511242291E-02 1.25338170858340952618093E-01 
0.312500 0.625000 0.110000 3.520000 2.12168609746851595521111E-02 1.20020690165536791926826E-01 
0.315000 0.630000 0.110000 3.520000 2.03070012648413136813197E-02 1.14873746399464710110649E-01 
0.317500 0.635000 0.110000 3.520000 1.94265635688819042481423E-02 1.09893238677663457325551E-01 
0.320000 0.640000 0.110000 3.520000 1.85748389149682502363703E-02 1.05075156449774581579604E-01 
0.322500 0.645000 0.110000 3.520000 1.77511338768889526118500E-02 1.00415577104787420714693E-01 
0.325000 0.650000 0.110000 3.520000 1.69547701603477915521800E-02 9.59106636307300169930201E-02 
0.327500 0.655000 0.110000 3.520000 1.61850841983160603776426E-02 9.15566623256361816762805E-02 
0.330000 0.660000 0.110000 3.520000 1.54414267552493381790990E-02 8.73499005586575588688802E-02 
0.332500 0.665000 0.110000 3.520000 1.47231625399741345577853E-02 8.32867845802197082072382E-02 
0.335000 0.670000 0.110000 3.520000 1.40296698270558350962744E-02 7.93637973801558233022391E-02 
0.337500 0.675000 0.110000 3.520000 1.33603400864645595336189E-02 7.55774965927804298626569E-02 
0.340000 0.680000 0.110000 3.520000 1.27145776213604556198478E-02 7.19245124478936070921975E-02 
0.342500 0.685000 0.110000 3.520000 1.20917992138246926242529E-02 6.84015457667328380386706E-02 
0.345000 0.690000 0.110000 3.520000 1.14914337783666598707955E-02 6.50053660019137141690138E-02 
0.347500 0.695000 0.110000 3.520000 1.09129220230420164589047E-02 6.17328093204242145386473E-02 
0.350000 0.700000 0.110000 3.520000 1.03557161180200564543075E-02 5.85807767287584921223065E-02 
0.352500 0.705000 0.110000 3.520000 9.81927937144224868837306E-03 5.55462322392959520489519E-02 
0.355000 0.710000 0.110000 3.520000 9.30308591241739944732725E-03 5.26262010770510643697939E-02 
0.357500 0.715000 0.110000 3.520000 8.80662038100164801246450E-03 4.98177679259353758944862E-02 
0.360000 0.720000 0.110000 3.520000 8.32937762501457894248613E-03 4.71180752136904704152620E-02 
0.362500 0.725000 0.110000 3.520000 7.87086240354548105635502E-03 4.45243214346660587388271E-02 
0.365000 0.730000 0.110000 3.520000 7.43058909700596362246650E-03 4.20337595096299324048950E-02 
0.367500 0.735000 0.110000 3.520000 7.00808142358777357017185E-03 3.96436951818111074641315E-02 
0.370000 0.740000 0.110000 3.520000 6.60287216198674788147915E-03 3.73514854483896763248651E-02 
0.372500 0.745000 0.110000 3.520000 6.21450288025561167759570E-03 3.51545370266565931904879E-02 
0.375000 0.750000 0.110000 3.520000 5.84252367065057551243079E-03 3.30503048540795249521373E-02 
0.377500 0.755000 0.110000 3.520000 5.48649289033806015353223E-03 3.10362906215185876956930E-02 
0.380000 0.760000 0.110000 3.520000 5.14597690782978272466819E-03 2.91100413388465685537998E-02 
0.382500 0.765000 0.110000 3.520000 4.82054985501574519840551E-03 2.72691479322356988834741E-02 
0.385000 0.770000 0.110000 3.520000 4.50979338466622053926969E-03 2.55112438723817322450138E-02 
0.387500 0.775000 0.110000 3.520000 4.21329643327499493016264E-03 2.38340038329427454655285E-02 
0.390000 0.780000 0.110000 3.520000 3.93065498911754959004972E-03 2.22351423784780365122682E-02 
0.392500 0.785000 0.110000 3.520000 3.66147186539879810479592E-03 2.07124126811779850354522E-02 
0.395000 0.790000 0.110000 3.520000 3.40535647836629189882940E-03 1.92636052656827670703787E-02 
0.397500 0.795000 0.110000 3.520000 3.16192463026564564779197E-03 1.78865467812928426172281E-02 
0.400000 0.800000 0.110000 3.520000 2.93079829701599131261402E-03 1.65790988008799426711715E-02 
0.402500 0.805000 0.110000 3.520000 2.71160542048421359870303E-03 1.53391566458126946126406E-02 
0.405000 0.810000 0.110000 3.520000 2.50397970523740182394179E-03 1.41646482362148742190078E-02 
0.407500 0.815000 0.110000 3.520000 2.30756041965403608032248E-03 1.30535329658803544994328E-02 
0.410000 0.820000 0.110000 3.520000 2.12199220127493124593565E-03 1.20038006011717861970522E-02 
0.412500 0.825000 0.110000 3.520000 1.94692486627592929553099E-03 1.10134702032353738732073E-02 
0.415000 0.830000 0.110000 3.520000 1.78201322294488893882569E-03 1.00805890728674074630078E-02 
0.417500 0.835000 0.110000 3.520000 1.62691688904630918019456E-03 9.20323171737253732660466E-03 
0.420000 0.840000 0.110000 3.520000 1.48130011295751558460243E-03 8.37949883875726414528273E-03 
0.422500 0.845000 0.110000 3.520000 1.34483159846101327575263E-03 7.60751634260581344193497E-03 
0.425000 0.850000 0.110000 3.520000 1.21718433307821199095000E-03 6.88543436698903308507136E-03 
0.427500 0.855000 0.110000 3.520000 1.09803541983035063238361E-03 6.21142633076046842000029E-03 
0.430000 0.860000 0.110000 3.520000 9.87065912312985651450026E-04 5.58368800059678548758368E-03 
0.432500 0.865000 0.110000 3.520000 8.83960652971017032779322E-04 5.00043657614315708442865E-03 
0.435000 0.870000 0.110000 3.520000 7.88408114461757662631836E-04 4.45990979262726825599339E-03 
0.437500 0.875000 0.110000 3.520000 7.00100243994084643281428E-04 3.96036504030859021208144E-03 
0.440000 0.880000 0.110000 3.520000 6.18732310532249638219959E-04 3.50007850013259527721665E-03 
0.442500 0.885000 0.110000 3.520000 5.44002754753427860724690E-04 3.07734429496248984917117E-03 
0.445000 0.890000 0.110000 3.520000 4.75613041648571962475428E-04 2.69047365576372075196554E-03 
0.447500 0.895000 0.110000 3.520000 4.13267515656652074940158E-04 2.33779410211949105827256E-03 
0.450000 0.900000 0.110000 3.520000 3.56673258222810760694615E-04 2.01764863645799994232299E-03 
0.452500 0.905000 0.110000 3.520000 3.05539947671426971413655E-04 1.72839495137479108068101E-03 
0.455000 0.910000 0.110000 3.520000 2.59579721285543624145070E-04 1.46840464943617516994923E-03 
0.457500 0.915000 0.110000 3.520000 2.18507039484529768215773E-04 1.23606247485206154589077E-03 
0.460000 0.920000 0.110000 3.520000 1.82038551992275734721718E-04 1.02976555640894450356637E-03 
0.462500 0.925000 0.110000 3.520000 1.49892965888622983761103E-04 8.47922661056073356279639E-04 
0.465000 0.930000 0.110000 3.520000 1.21790915437125190344016E-04 6.88953457540068727599225E-04 
0.467500 0.935000 0.110000 3.520000 9.74548335825925520414445E-05 5.51287789485261367841695E-04 
0.470000 0.940000 0.110000 3.520000 7.66088250122516937687389E-05 4.33364957319174175665727E-04 
0.472500 0.945000 0.110000 3.520000 5.89785406746707419967449E-05 3.33633008444370374699639E-04 
0.475000 0.950000 0.110000 3.520000 4.42910536509321194997661E-05 2.50548035059770368010446E-04 
0.477500 0.955000 0.110000 3.520000 3.22747362728314430885442E-05 1.82573479036212391914129E-04 
0.480000 0.960000 0.110000 3.520000 2.26591383831634464744633E-05 1.28179443252634026441730E-04 
0.482500 0.965000 0.110000 3.520000 1.51748666334164570380699E-05 8.58420088007220147621745E-05 
0.485000 0.970000 0.110000 3.520000 9.55346471443601846589531E-06 5.40425574672329000667191E-05 
0.487500 0.975000 0.110000 3.520000 5.52729441583646892964272E-06 3.12670989044200312218826E-05 
0.490000 0.980000 0.110000 3.520000 2.82941741013344730319668E-06 1.60056019001011173353601E-05 
0.492500 0.985000 0.110000 3.520000 1.19347765774271452812055E-06 6.75132915987608665862700E-06 
0.495000 0.990000 0.110000 3.520000 3.53584329138933838580132E-07 2.00017501484349036419978E-06 
0.497500 0.995000 0.110000 3.520000 4.41951405921914429819932E-08 2.50005468865851343852349E-07 
0.500000 1.000000 0.110000 3.520000 0.00000000000000000000000E+00 0.00000000000000000000000E+00 
