0.000000 0.000000 0.110000 3604.480000 9.99984741094520401816226E-01 1.81016573826818415682283E+02 
0.002500 0.005000 0.110000 3604.480000 9.27727389007371838758331E-01 1.67936595932058281732679E+02 
0.005000 0.010000 0.110000 3604.480000 8.60692862029531657874770E-01 1.55802050370544492352565E+02 
0.007500 0.015000 0.110000 3604.480000 7.98505345571029367945926E-01 1.44544907434747472052550E+02 
0.010000 0.020000 0.110000 3604.480000 7.40815849968754380761027E-01 1.34101993247585852486736E+02 
0.012500 0.025000 0.110000 3604.480000 6.87300317008509020766382E-01 1.24414647006305415288807E+02 
0.015000 0.030000 0.110000 3604.480000 6.37657858249803255468180E-01 1.15428402085203501314936E+02 
0.017500 0.035000 0.110000 3604.480000 5.91609116131629697576955E-01 1.07092689364084492353868E+02 
0.020000 0.040000 0.110000 3604.480000 5.48894739442712720212114E-01 9.93605612588967233023141E+01 
0.022500 0.045000 0.110000 3604.480000 5.09273965305338527365109E-01 9.21884350333868525240177E+01 
0.025000 0.050000 0.110000 3604.480000 4.72523300350365382804796E-01 8.55358540662761157591376E+01 
0.027500 0.055000 0.110000 3604.480000 4.38435294254755525411582E-01 7.93652658378385922333109E+01 
0.030000 0.060000 0.110000 3604.480000 4.06817399274172264433957E-01 7.36418154832492746209027E+01 
0.032500 0.065000 0.110000 3604.480000 3.77490909833972043685435E-01 6.83331538380495970841366E+01 
0.035000 0.070000 0.110000 3604.480000 3.50289976644159339880247E-01 6.34092589738911840413493E+01 
0.037500 0.075000 0.110000 3604.480000 3.25060690179527433940621E-01 5.88422702907195471766499E+01 
0.040000 0.080000 0.110000 3604.480000 3.01660228716865153053561E-01 5.46063342950349479565375E+01 
0.042500 0.085000 0.110000 3604.480000 2.79956066448474538699287E-01 5.06774612531271841930902E+01 
0.045000 0.090000 0.110000 3604.480000 2.59825237496785765856089E-01 4.70333919634899046968712E+01 
0.047500 0.095000 0.110000 3604.480000 2.41153651940002489162396E-01 4.36534739442370991469033E+01 
0.050000 0.100000 0.110000 3604.480000 2.23835460224783872051901E-01 4.05185463795088409710843E+01 
0.052500 0.105000 0.110000 3604.480000 2.07772462590223527811872E-01 3.76108332137920839954859E+01 
0.055000 0.110000 0.110000 3604.480000 1.92873560358966328331931E-01 3.49138438250029992104828E+01 
0.057500 0.115000 0.110000 3604.480000 1.79054246167331648775800E-01 3.24122807462823914192995E+01 
0.060000 0.120000 0.110000 3604.480000 1.66236130407767329630886E-01 3.00919539429231406302279E+01 
0.062500 0.125000 0.110000 3604.480000 1.54346501344846537273625E-01 2.79397011848600520522723E+01 
0.065000 0.130000 0.110000 3604.480000 1.43317916541189138701640E-01 2.59433140868614415808224E+01 
0.067500 0.135000 0.110000 3604.480000 1.33087823393015447503984E-01 2.40914694181270689909979E+01 
0.070000 0.140000 0.110000 3604.480000 1.23598206727284914974163E-01 2.23736653105561416055025E+01 
0.072500 0.145000 0.110000 3604.480000 1.14795261554274913295970E-01 2.07801620206364567877699E+01 
0.075000 0.150000 0.110000 3604.480000 1.06629089201711116374760E-01 1.93019269238464517002285E+01 
0.077500 0.155000 0.110000 3604.480000 9.90534151797983486442689E-02 1.79305834427704091638134E+01 
0.080000 0.160000 0.110000 3604.480000 9.20253272413332351620241E-02 1.66583636309140104003745E+01 
0.082500 0.165000 0.110000 3604.480000 8.55050322080590646800502E-02 1.54780641535725358437503E+01 
0.085000 0.170000 0.110000 3604.480000 7.94556302340821835050733E-02 1.43830054251444181545594E+01 
0.087500 0.175000 0.110000 3604.480000 7.38429052699953875071870E-02 1.33669936790859740227688E+01 
0.090000 0.180000 0.110000 3604.480000 6.86351305778019338266205E-02 1.24242857623521043564097E+01 
0.092500 0.185000 0.110000 3604.480000 6.38028882272455577506776E-02 1.15495564607418028657548E+01 
0.095000 0.190000 0.110000 3604.480000 5.93189015791101906249772E-02 1.07378681751363131979815E+01 
0.097500 0.195000 0.110000 3604.480000 5.51578798308509643533171E-02 9.98464278125245741080107E+00 
0.100000 0.200000 0.110000 3604.480000 5.12963737648891304754528E-02 9.28563551729479996765804E+00 
0.102500 0.205000 0.110000 3604.480000 4.77126419003871815593953E-02 8.63691075483882819696646E+00 
0.105000 0.210000 0.110000 3604.480000 4.43865263056133010910465E-02 8.03481951846764452795924E+00 
0.107500 0.215000 0.110000 3604.480000 4.12993373803955191037041E-02 7.47597862916831701340925E+00 
0.110000 0.220000 0.110000 3604.480000 3.84337469669209091938100E-02 6.95725135531972593838645E+00 
0.112500 0.225000 0.110000 3604.480000 3.57736891925006725290181E-02 6.47572946331574694767141E+00 
0.115000 0.230000 0.110000 3604.480000 3.33042684901318566947914E-02 6.02871656750840134719738E+00 
0.117500 0.235000 0.110000 3604.480000 3.10116742819561627686475E-02 5.61371268626423258751856E+00 
0.120000 0.240000 0.110000 3604.480000 2.88831018472460628043752E-02 5.22839991753968291732235E+00 
0.122500 0.245000 0.110000 3604.480000 2.69066789305294797041146E-02 4.87062915353256897788015E+00 
0.125000 0.250000 0.110000 3604.480000 2.50713976770711895192267E-02 4.53840775968811360741029E+00 
0.127500 0.255000 0.110000 3604.480000 2.33670515123212477193171E-02 4.22988814865861773029110E+00 
0.130000 0.260000 0.110000 3604.480000 2.17841766092796602916071E-02 3.94335718476467711468558E+00 
0.132500 0.265000 0.110000 3604.480000 2.03139976131455519958724E-02 3.67722635910721562524373E+00 
0.135000 0.270000 0.110000 3604.480000 1.89483773162546983992449E-02 3.43002267975809305156076E+00 
0.137500 0.275000 0.110000 3604.480000 1.76797699982859692069415E-02 3.20038022543526023966365E+00 
0.140000 0.280000 0.110000 3604.480000 1.65011781671468259202751E-02 2.98703231476657293796961E+00 
0.142500 0.285000 0.110000 3604.480000 1.54061124549384770993088E-02 2.78880424668403881227619E+00 
0.145000 0.290000 0.110000 3604.480000 1.43885544410529125219922E-02 2.60460657068552414727947E+00 
0.147500 0.295000 0.110000 3604.480000 1.34429221908577457844647E-02 2.43342884867036968188359E+00 
0.150000 0.300000 0.110000 3604.480000 1.25640383136651802298278E-02 2.27433387281414267633295E+00 
0.152500 0.305000 0.110000 3604.480000 1.17471003578419590923643E-02 2.12645230651109606867522E+00 
0.155000 0.310000 0.110000 3604.480000 1.09876533740661339738631E-02 1.98897771779312959594677E+00 
0.157500 0.315000 0.110000 3604.480000 1.02815644899458442929063E-02 1.86116197684416340152325E+00 
0.160000 0.320000 0.110000 3604.480000 9.62499935054825922486899E-03 1.74231099128033029010965E+00 
0.162500 0.325000 0.110000 3604.480000 9.01440028989901505351856E-03 1.63178075476929884679578E+00 
0.165000 0.330000 0.110000 3604.480000 8.44646610826267803251444E-03 1.52897368632701113888572E+00 
0.167500 0.335000 0.110000 3604.480000 7.91813333904945251817686E-03 1.43333523926557404593041E+00 
0.170000 0.340000 0.110000 3604.480000 7.42655889756296209297526E-03 1.34435076028110378487668E+00 
0.172500 0.345000 0.110000 3604.480000 6.96910401155019509911170E-03 1.26154258057254753389032E+00 
0.175000 0.350000 0.110000 3604.480000 6.54331934068062837095425E-03 1.18446732217967665157232E+00 
0.177500 0.355000 0.110000 3604.480000 6.14693119870527143050465E-03 1.11271340392746265202106E+00 
0.180000 0.360000 0.110000 3604.480000 5.77782879816569980985230E-03 1.04589873247177878035075E+00 
0.182500 0.365000 0.110000 3604.480000 5.43405244317342155102590E-03 9.83668564964160663244286E-01 
0.185000 0.370000 0.110000 3604.480000 5.11378260099586492981594E-03 9.25693530797556896061451E-01 
0.187500 0.375000 0.110000 3604.480000 4.81532978799978621936573E-03 8.71667800766522726796381E-01 
0.190000 0.380000 0.110000 3604.480000 4.53712520994909059013356E-03 8.21307392780144751576188E-01 
0.192500 0.385000 0.110000 3604.480000 4.27771210076340838851516E-03 7.74348604009870822295625E-01 
0.195000 0.390000 0.110000 3604.480000 4.03573770764683020101371E-03 7.30546560042835468884448E-01 
0.197500 0.395000 0.110000 3604.480000 3.80994587402423180722000E-03 6.89673872249917940813191E-01 
0.200000 0.400000 0.110000 3604.480000 3.59917017500303686172725E-03 6.51519395171589188464623E-01 
0.202500 0.405000 0.110000 3604.480000 3.40232756313980314738510E-03 6.15887076278798462070085E-01 
0.205000 0.410000 0.110000 3604.480000 3.21841248515852265330017E-03 5.82594890985226321333812E-01 
0.207500 0.415000 0.110000 3604.480000 3.04649143296487892249025E-03 5.51473856275504159540901E-01 
0.210000 0.420000 0.110000 3604.480000 2.88569789484833909287698E-03 5.22367116775169448850136E-01 
0.212500 0.425000 0.110000 3604.480000 2.73522767517972702905338E-03 4.95129097525427275261478E-01 
0.215000 0.430000 0.110000 3604.480000 2.59433455321030461207532E-03 4.69624718141844088581394E-01 
0.217500 0.435000 0.110000 3604.480000 2.46232625377034147068356E-03 4.45728663432877092454021E-01 
0.220000 0.440000 0.110000 3604.480000 2.33856070475805524408464E-03 4.23324705933008027525233E-01 
0.222500 0.445000 0.110000 3604.480000 2.22244255830839239351793E-03 4.02305076167025432720692E-01 
0.225000 0.450000 0.110000 3604.480000 2.11341995443637504711876E-03 3.82569876806892805731763E-01 
0.227500 0.455000 0.110000 3604.480000 2.01098150776090776534200E-03 3.64026537210492273644036E-01 
0.230000 0.460000 0.110000 3604.480000 1.91465349962930395967542E-03 3.46589305141871528714859E-01 
0.232500 0.465000 0.110000 3604.480000 1.82399725957609385416924E-03 3.30178772764655403815226E-01 
0.235000 0.470000 0.110000 3604.480000 1.73860672155827966807451E-03 3.14721434273375011425600E-01 
0.237500 0.475000 0.110000 3604.480000 1.65810614180834058062342E-03 3.00149272780733666898811E-01 
0.240000 0.480000 0.110000 3604.480000 1.58214796643355699000411E-03 2.86399374311852639163334E-01 
0.242500 0.485000 0.110000 3604.480000 1.51041083806333228077567E-03 2.73413566968893073649838E-01 
0.245000 0.490000 0.110000 3604.480000 1.44259773190533765845067E-03 2.61138083521176900259064E-01 
0.247500 0.495000 0.110000 3604.480000 1.37843421251815693127918E-03 2.49523245847328600799386E-01 
0.250000 0.500000 0.110000 3604.480000 1.31766680344634471745702E-03 2.38523169807695889499399E-01 
0.252500 0.505000 0.110000 3604.480000 1.26006146259884815354069E-03 2.28095489258364092499676E-01 
0.255000 0.510000 0.110000 3604.480000 1.20540215689046454478062E-03 2.18201098033699358857973E-01 
0.257500 0.515000 0.110000 3604.480000 1.15348953021666739311712E-03 2.08803908824035960867249E-01 
0.260000 0.520000 0.110000 3604.480000 1.10413965930358380813925E-03 1.99870627960465507833021E-01 
0.262500 0.525000 0.110000 3604.480000 1.05718289237676020368706E-03 1.91370545191427876563495E-01 
0.265000 0.530000 0.110000 3604.480000 1.01246276593404795421383E-03 1.83275337597658516397559E-01 
0.267500 0.535000 0.110000 3604.480000 9.69834995198940981800395E-04 1.75558886844721651065981E-01 
0.270000 0.540000 0.110000 3604.480000 9.29166534079714848126663E-04 1.68197109017438117817278E-01 
0.272500 0.545000 0.110000 3604.480000 8.90334700675032863527447E-04 1.61167796319490769230143E-01 
0.275000 0.550000 0.110000 3604.480000 8.53226364555379488199827E-04 1.54450469955649066777781E-01 
0.277500 0.555000 0.110000 3604.480000 8.17737192218222154645180E-04 1.48026243544563756993071E-01 
0.280000 0.560000 0.110000 3604.480000 7.83770947268376408714752E-04 1.41877696437881062330177E-01 
0.282500 0.565000 0.110000 3604.480000 7.51238842018071362530152E-04 1.35988756347317163442057E-01 
0.285000 0.570000 0.110000 3604.480000 7.20058937337079681476060E-04 1.30344590705927271256925E-01 
0.287500 0.575000 0.110000 3604.480000 6.90155587714585678875412E-04 1.24931506213573281782736E-01 
0.290000 0.580000 0.110000 3604.480000 6.61458928623054396959968E-04 1.19736856039872080481601E-01 
0.292500 0.585000 0.110000 3604.480000 6.33904403401509266777203E-04 1.14748954180920306744618E-01 
0.295000 0.590000 0.110000 3604.480000 6.07432327001947093732259E-04 1.09956996488960304092508E-01 
0.297500 0.595000 0.110000 3604.480000 5.81987484068513310705995E-04 1.05350987916939156652241E-01 
0.300000 0.600000 0.110000 3604.480000 5.57518758944410474862052E-04 1.00921675542605004949337E-01 
0.302500 0.605000 0.110000 3604.480000 5.33978795326144300807669E-04 9.66604869593446769382439E-02 
0.305000 0.610000 0.110000 3604.480000 5.11323683408185019824699E-04 9.25594736433179993140286E-02 
0.307500 0.615000 0.110000 3604.480000 4.89512672482952894068009E-04 8.86112589284980545212278E-02 
0.310000 0.620000 0.110000 3604.480000 4.68507907080704119953674E-04 8.48089902428883907203883E-02 
0.312500 0.625000 0.110000 3604.480000 4.48274184850868794710577E-04 8.11462952803638365439909E-02 
0.315000 0.630000 0.110000 3604.480000 4.28778734500164025560121E-04 7.76172418031749744571357E-02 
0.317500 0.635000 0.110000 3604.480000 4.09991012212946432345662E-04 7.42163007900956267492987E-02 
0.320000 0.640000 0.110000 3604.480000 3.91882515085364307484694E-04 7.09383126643969574853799E-02 
0.322500 0.645000 0.110000 3604.480000 3.74426610206642562425627E-04 6.77784563542551399262237E-02 
0.325000 0.650000 0.110000 3604.480000 3.57598378118001252162078E-04 6.47322209557887467967774E-02 
0.327500 0.655000 0.110000 3604.480000 3.41374469472124940968433E-04 6.17953797856511041763916E-02 
0.330000 0.660000 0.110000 3604.480000 3.25732973803667983595661E-04 5.89639666259542186144138E-02 
0.332500 0.665000 0.110000 3604.480000 3.10653299403917764181376E-04 5.62342539792601847636888E-02 
0.335000 0.670000 0.110000 3604.480000 2.96116063370510575886163E-04 5.36027331654536851046622E-02 
0.337500 0.675000 0.110000 3604.480000 2.82102990976021731836521E-04 5.10660961055110149131586E-02 
0.340000 0.680000 0.110000 3604.480000 2.68596823567456650851820E-04 4.86212186495271064812229E-02 
0.342500 0.685000 0.110000 3604.480000 2.55581234272279477631740E-04 4.62651453178768504170826E-02 
0.345000 0.690000 0.110000 3604.480000 2.43040750845795075311961E-04 4.39950753350993456480822E-02 
0.347500 0.695000 0.110000 3604.480000 2.30960685049631656625552E-04 4.18083498460377622762962E-02 
0.350000 0.700000 0.110000 3604.480000 2.19327068001946937645177E-04 3.97024402129765655033999E-02 
0.352500 0.705000 0.110000 3604.480000 2.08126590987015556728085E-04 3.76749373010323643229391E-02 
0.355000 0.710000 0.110000 3604.480000 1.97346551255259773432690E-04 3.57235416669114264065499E-02 
0.357500 0.715000 0.110000 3604.480000 1.86974802384763709667617E-04 3.38460545733839518467434E-02 
0.360000 0.720000 0.110000 3604.480000 1.76999708812097155318996E-04 3.20403697584840246870286E-02 
0.362500 0.725000 0.110000 3604.480000 1.67410104174067102863338E-04 3.03044658945610702327489E-02 
0.365000 0.730000 0.110000 3604.480000 1.58195253133006444052483E-04 2.86363996779190506380974E-02 
0.367500 0.735000 0.110000 3604.480000 1.49344816386631215133010E-04 2.70342994949239676105712E-02 
0.370000 0.740000 0.110000 3604.480000 1.40848818589508247966363E-04 2.54963596151693179525655E-02 
0.372500 0.745000 0.110000 3604.480000 1.32697618936964512959334E-04 2.40208348665948250022506E-02 
0.375000 0.750000 0.110000 3604.480000 1.24881884184026368655313E-04 2.26060357513927952244348E-02 
0.377500 0.755000 0.110000 3604.480000 1.17392563891832997871080E-04 2.12503239651302792967424E-02 
0.380000 0.760000 0.110000 3604.480000 1.10220867712106009722595E-04 1.99521082847988612263279E-02 
0.382500 0.765000 0.110000 3604.480000 1.03358244536793573943242E-04 1.87098407944970672456275E-02 
0.385000 0.770000 0.110000 3604.480000 9.67963633550956450112002E-05 1.75220134201818020236452E-02 
0.387500 0.775000 0.110000 3604.480000 9.05270956738218608543523E-05 1.63871547474131983024304E-02 
0.390000 0.780000 0.110000 3604.480000 8.45424993695677962990756E-05 1.53038270982862861097074E-02 
0.392500 0.785000 0.110000 3604.480000 7.88348038526058287733117E-05 1.42706238458083691650335E-02 
0.395000 0.790000 0.110000 3604.480000 7.33963964327888856000251E-05 1.32861669458639725105442E-02 
0.397500 0.795000 0.110000 3604.480000 6.82198097872311996769934E-05 1.23491046686227401441016E-02 
0.400000 0.800000 0.110000 3604.480000 6.32977104381587691184913E-05 1.14581095128075717559657E-02 
0.402500 0.805000 0.110000 3604.480000 5.86228881571765903239941E-05 1.06118762876621103991015E-02 
0.405000 0.810000 0.110000 3604.480000 5.41882462193520801456426E-05 9.80912034875139858536297E-03 
0.407500 0.815000 0.110000 3604.480000 4.99867924370354501447007E-05 9.04857597491000135991879E-03 
0.410000 0.820000 0.110000 3604.480000 4.60116309092711261974872E-05 8.32899487472593159920198E-03 
0.412500 0.825000 0.110000 3604.480000 4.22559544280679111175926E-05 7.64914481192871358039564E-03 
0.415000 0.830000 0.110000 3604.480000 3.87130374877242761696289E-05 7.00780833994210823612026E-03 
0.417500 0.835000 0.110000 3604.480000 3.53762298479029122996731E-05 6.40378163667611969428473E-03 
0.420000 0.840000 0.110000 3604.480000 3.22389506052468815806671E-05 5.83587343137490464906048E-03 
0.422500 0.845000 0.110000 3604.480000 2.92946827320704914691778E-05 5.30290401601420883365146E-03 
0.425000 0.850000 0.110000 3604.480000 2.65369680440709982056132E-05 4.80370433435988852116649E-03 
0.427500 0.855000 0.110000 3604.480000 2.39594025621231410897588E-05 4.33711514236303705138731E-03 
0.430000 0.860000 0.110000 3604.480000 2.15556322360629442562007E-05 3.90198623408216302421714E-03 
0.432500 0.865000 0.110000 3604.480000 1.93193490009674307631565E-05 3.49717572779356710224730E-03 
0.435000 0.870000 0.110000 3604.480000 1.72442871388122147496922E-05 3.12154940738101340999555E-03 
0.437500 0.875000 0.110000 3604.480000 1.53242199205601166412099E-05 2.77398011448884082574828E-03 
0.440000 0.880000 0.110000 3604.480000 1.35529565057205368000005E-05 2.45334718728225983225277E-03 
0.442500 0.885000 0.110000 3604.480000 1.19243390782356750587584E-05 2.15853594198737704437652E-03 
0.445000 0.890000 0.110000 3604.480000 1.04322401992115469708750E-05 1.88843719368432245812872E-03 
0.447500 0.895000 0.110000 3604.480000 9.07056035853365067117646E-06 1.64194681310234264805248E-03 
0.450000 0.900000 0.110000 3604.480000 7.83322570879844406674386E-06 1.41796531641758200362191E-03 
0.452500 0.905000 0.110000 3604.480000 6.71418596626618618088264E-06 1.21539748528495935783744E-03 
0.455000 0.910000 0.110000 3604.480000 5.70741246470678470893798E-06 1.03315201454663545266310E-03 
0.457500 0.915000 0.110000 3604.480000 4.80689634907647423821709E-06 8.70141185252565189413299E-04 
0.460000 0.920000 0.110000 3604.480000 4.00664689693885022435393E-06 7.25280560805247748179525E-04 
0.462500 0.925000 0.110000 3604.480000 3.30068995643498783783970E-06 5.97488704202114558408643E-04 
0.465000 0.930000 0.110000 3604.480000 2.68306649042141919653259E-06 4.85686914496352381033495E-04 
0.467500 0.935000 0.110000 3604.480000 2.14783121713662223604404E-06 3.88798980731254169383032E-04 
0.470000 0.940000 0.110000 3604.480000 1.68905133843301714927023E-06 3.05750951725619352777885E-04 
0.472500 0.945000 0.110000 3604.480000 1.30080534722528188057628E-06 2.35470920198839890309997E-04 
0.475000 0.950000 0.110000 3604.480000 9.77181906362854460100162E-07 1.76888819825144882197376E-04 
0.477500 0.955000 0.110000 3604.480000 7.12278791637602652719148E-07 1.28936233897551053581912E-04 
0.480000 0.960000 0.110000 3604.480000 5.00201892090584429711726E-07 9.05462143640560571935735E-05 
0.482500 0.965000 0.110000 3604.480000 3.35064261187511954091854E-07 6.06531100720512561714527E-05 
0.485000 0.970000 0.110000 3604.480000 2.10985212793608204661446E-07 3.81924031222904549289811E-05 
0.487500 0.975000 0.110000 3604.480000 1.22089456197337727880146E-07 2.21005522914599596888494E-05 
0.490000 0.980000 0.110000 3604.480000 6.25062647110448206141627E-08 1.13148425328182238583851E-05 
0.492500 0.985000 0.110000 3604.480000 2.63686726166051521078140E-08 4.77323960783091866380600E-06 
0.495000 0.990000 0.110000 3604.480000 7.81269542729026242866095E-09 1.41424893849141147187786E-06 
0.497500 0.995000 0.110000 3604.480000 9.76568604411716137420393E-10 1.76777800313192297274552E-07 
0.500000 1.000000 0.110000 3604.480000 0.00000000000000000000000E+00 0.00000000000000000000000E+00 
