0.000000 0.000000 0.110000 3690987.520000 9.99999985098838695130041E-01 5.79261866516345071431715E+03 
0.002500 0.005000 0.110000 3690987.520000 8.82497347060374415228523E-01 5.11197068071345256612403E+03 
0.005000 0.010000 0.110000 3690987.520000 7.78804033383024285619456E-01 4.51131484750291656382615E+03 
0.007500 0.015000 0.110000 3690987.520000 6.87299031569053697765526E-01 3.98126125814108081613085E+03 
0.010000 0.020000 0.110000 3690987.520000 6.06551158873988804920430E-01 3.51351961662551184417680E+03 
0.012500 0.025000 0.110000 3690987.520000 5.35296909542743004628562E-01 3.10077091582669208946754E+03 
0.015000 0.030000 0.110000 3690987.520000 4.72420875604748824461154E-01 2.73655402261876179181854E+03 
0.017500 0.035000 0.110000 3690987.520000 4.16938443879403597414068E-01 2.41516544822880723586422E+03 
0.020000 0.040000 0.110000 3690987.520000 3.67980505980207373006863E-01 2.13157077912011982334661E+03 
0.022500 0.045000 0.110000 3690987.520000 3.24779948352276859324661E-01 1.88132641893016898393398E+03 
0.025000 0.050000 0.110000 3690987.520000 2.86659716173397360883257E-01 1.66051044720001277710253E+03 
0.027500 0.055000 0.110000 3690987.520000 2.53022268683907702868652E-01 1.46566153812046445636952E+03 
0.030000 0.060000 0.110000 3690987.520000 2.23340264532325749602393E-01 1.29372500429049773629231E+03 
0.032500 0.065000 0.110000 3690987.520000 1.97148334339493414013589E-01 1.14200513831803687025968E+03 
0.035000 0.070000 0.110000 3690987.520000 1.74035814167310842748293E-01 1.00812312057468773218716E+03 
0.037500 0.075000 0.110000 3690987.520000 1.53640328171371048915361E-01 8.89979845949055061282706E+02 
0.040000 0.080000 0.110000 3690987.520000 1.35642121635001777768537E-01 7.85723097273469079482311E+02 
0.042500 0.085000 0.110000 3690987.520000 1.19759057016265921258302E-01 6.93718559332007998818881E+02 
0.045000 0.090000 0.110000 3690987.520000 1.05742195758632070989869E-01 6.12524225974141927508754E+02 
0.047500 0.095000 0.110000 3690987.520000 9.33718975704006109994637E-02 5.40867804727590851143759E+02 
0.050000 0.100000 0.110000 3690987.520000 8.24543768006971850015319E-02 4.77626769197332293970248E+02 
0.052500 0.105000 0.110000 3690987.520000 7.28186625489608690964261E-02 4.21810750138819514631905E+02 
0.055000 0.110000 0.110000 3690987.520000 6.43139153449659162209429E-02 3.72545992008359576175280E+02 
0.057500 0.115000 0.110000 3690987.520000 5.68070587202892315903391E-02 3.29061633559584095110040E+02 
0.060000 0.120000 0.110000 3690987.520000 5.01806888419437796544642E-02 2.90677599148036620135827E+02 
0.062500 0.125000 0.110000 3690987.520000 4.43312296674918046579528E-02 2.56793912248088247451960E+02 
0.065000 0.130000 0.110000 3690987.520000 3.91673048728323203171442E-02 2.26881264651310203817047E+02 
0.067500 0.135000 0.110000 3690987.520000 3.46083011562156594997930E-02 2.00472694234368617571818E+02 
0.070000 0.140000 0.110000 3690987.520000 3.05831004854868089559705E-02 1.77156241350634019227073E+02 
0.072500 0.145000 0.110000 3690987.520000 2.70289614749436510332536E-02 1.56568469072794442809027E+02 
0.075000 0.150000 0.110000 3690987.520000 2.38905323932340866999180E-02 1.38388745923892855671511E+02 
0.077500 0.155000 0.110000 3690987.520000 2.11189803495447740722124E-02 1.22334201584914879390453E+02 
0.080000 0.160000 0.110000 3690987.520000 1.86712230130964933205728E-02 1.08155276538731328628273E+02 
0.082500 0.165000 0.110000 3690987.520000 1.65092508181920137599885E-02 9.56317958623488522107436E+01 
0.085000 0.170000 0.110000 3690987.520000 1.45995290181483178965083E-02 8.45695055533052197915822E+01 
0.087500 0.175000 0.110000 3690987.520000 1.29124701979676185376045E-02 7.47970169966764473201692E+01 
0.090000 0.180000 0.110000 3690987.520000 1.14219689566419733278702E-02 6.61631115570690013782951E+01 
0.092500 0.185000 0.110000 3690987.520000 1.01049914424457595168994E-02 5.85343629130582385755588E+01 
0.095000 0.190000 0.110000 3690987.520000 8.94121328338118477596641E-03 5.17930397262976711658666E+01 
0.097500 0.195000 0.110000 3690987.520000 7.91270021332819706305628E-03 4.58352556305662730551376E+01 
0.100000 0.200000 0.110000 3690987.520000 7.00362636409119446861959E-03 4.05693374049957284910306E+01 
0.102500 0.205000 0.110000 3690987.520000 6.20002578477452624683419E-03 3.59143856205456515340302E+01 
0.105000 0.210000 0.110000 3690987.520000 5.48957327188923614735838E-03 3.17990050723700896639912E+01 
0.107500 0.215000 0.110000 3690987.520000 4.86139105437713523599763E-03 2.81601849798630823329404E+01 
0.110000 0.220000 0.110000 3690987.520000 4.30587828447724293989829E-03 2.49423112922542635772061E+01 
0.112500 0.225000 0.110000 3690987.520000 3.81456064436497700037565E-03 2.20962955172069506204480E+01 
0.115000 0.230000 0.110000 3690987.520000 3.37995769534694262548058E-03 1.95788063252764921173821E+01 
0.117500 0.235000 0.110000 3690987.520000 2.99546587602404290953673E-03 1.73515918028759266178440E+01 
0.120000 0.240000 0.110000 3690987.520000 2.65525530259818655365311E-03 1.53808816557974807892606E+01 
0.122500 0.245000 0.110000 3690987.520000 2.35417874224396871801757E-03 1.36368599266584791251944E+01 
0.125000 0.250000 0.110000 3690987.520000 2.08769132259538445911540E-03 1.20931999025685161797128E+01 
0.127500 0.255000 0.110000 3690987.520000 1.85177970991335554343249E-03 1.07266538712546637412970E+01 
0.130000 0.260000 0.110000 3690987.520000 1.64289963805531861497367E-03 9.51669125019926731567921E+00 
0.132500 0.265000 0.110000 3690987.520000 1.45792080230680966626555E-03 8.44517937761547976549537E+00 
0.135000 0.270000 0.110000 3690987.520000 1.29407824852580534240321E-03 7.49610192829323018770538E+00 
0.137500 0.275000 0.110000 3690987.520000 1.14892949072066931706648E-03 6.65531051207714252626602E+00 
0.140000 0.280000 0.110000 3690987.520000 1.02031668074543013964572E-03 5.91030553733401298188710E+00 
0.142500 0.285000 0.110000 3690987.520000 9.06333233675870155246490E-04 5.25004288448052935933674E+00 
0.145000 0.290000 0.110000 3690987.520000 8.05294382883481774278167E-04 4.66476334275253012862095E+00 
0.147500 0.295000 0.110000 3690987.520000 7.15711200962668874815675E-04 4.14584212334076784856052E+00 
0.150000 0.300000 0.110000 3690987.520000 6.36267677467639643403008E-04 3.68565607945980389104079E+00 
0.152500 0.305000 0.110000 3690987.520000 5.65800492745597129531920E-04 3.27746654387488112192273E+00 
0.155000 0.310000 0.110000 3690987.520000 5.03281169773539690213970E-04 2.91531594129709459295441E+00 
0.157500 0.315000 0.110000 3690987.520000 4.47800323491492316581308E-04 2.59393655077571683165161E+00 
0.160000 0.320000 0.110000 3690987.520000 3.98553760269091013335174E-04 2.30866998520767996438963E+00 
0.162500 0.325000 0.110000 3690987.520000 3.54830209369205338762465E-04 2.05539612438370333791227E+00 
0.165000 0.330000 0.110000 3690987.520000 3.16000494044461790847655E-04 1.83047038727895583498650E+00 
0.167500 0.335000 0.110000 3690987.520000 2.81507972627826653921890E-04 1.63066836093512268490713E+00 
0.170000 0.340000 0.110000 3690987.520000 2.50860100017039836916427E-04 1.45313691935690281198390E+00 
0.172500 0.345000 0.110000 3690987.520000 2.23620977621809871030076E-04 1.29535106819642931164083E+00 
0.175000 0.350000 0.110000 3690987.520000 1.99404775422708496063207E-04 1.15507584124827866745022E+00 
0.177500 0.355000 0.110000 3690987.520000 1.77869923528220600381436E-04 1.03033265435391929720765E+00 
0.180000 0.360000 0.110000 3690987.520000 1.58713982729645594789425E-04 9.19369592481849240428460E-01 
0.182500 0.365000 0.110000 3690987.520000 1.41669114234302574587346E-04 8.20635167619211181033734E-01 
0.185000 0.370000 0.110000 3690987.520000 1.26498078175449953520354E-04 7.32755139665319243924557E-01 
0.187500 0.375000 0.110000 3690987.520000 1.12990698801656704540995E-04 6.54512040621327617628822E-01 
0.190000 0.380000 0.110000 3690987.520000 1.00960741571034487602809E-04 5.84827084787720719027959E-01 
0.192500 0.385000 0.110000 3690987.520000 9.02431538327392272899261E-05 5.22744185084237367178162E-01 
0.195000 0.390000 0.110000 3690987.520000 8.06916264719969900153299E-05 4.67415828589125670333715E-01 
0.197500 0.395000 0.110000 3690987.520000 7.21764389159335815722776E-05 4.18090593479501948515065E-01 
0.200000 0.400000 0.110000 3690987.520000 6.45825543252348288928918E-05 3.74102115202843810148892E-01 
0.202500 0.405000 0.110000 3690987.520000 5.78079357014263522387097E-05 3.34859332328443837223375E-01 
0.205000 0.410000 0.110000 3690987.520000 5.17620570831627444213612E-05 2.99837862475116900817795E-01 
0.207500 0.415000 0.110000 3690987.520000 4.63645870419664618469063E-05 2.68572376303930715479851E-01 
0.210000 0.420000 0.110000 3690987.520000 4.15442243664280048401002E-05 2.40649853080671383143141E-01 
0.212500 0.425000 0.110000 3690987.520000 3.72376681863930593797789E-05 2.15703614997898002192400E-01 
0.215000 0.430000 0.110000 3690987.520000 3.33887068725005690646504E-05 1.93408049517322516708262E-01 
0.217500 0.435000 0.110000 3690987.520000 2.99474118845467700386793E-05 1.73473939640726521060898E-01 
0.220000 0.440000 0.110000 3690987.520000 2.68694243635855243873978E-05 1.55644331409984376657363E-01 
0.222500 0.445000 0.110000 3690987.520000 2.41153236930540453919827E-05 1.39690876222399562589516E-01 
0.225000 0.450000 0.110000 3690987.520000 2.16500685160973547539222E-05 1.25410592857176594883128E-01 
0.227500 0.455000 0.110000 3690987.520000 1.94425018095656662673720E-05 1.12623000557777741548193E-01 
0.230000 0.460000 0.110000 3690987.520000 1.74649125974258417057835E-05 1.01167580204811646815699E-01 
0.232500 0.465000 0.110000 3690987.520000 1.56926477530145412359747E-05 9.09015256344856276138344E-02 
0.235000 0.470000 0.110000 3690987.520000 1.41037681043301013275723E-05 8.16977515876708554332097E-02 
0.237500 0.475000 0.110000 3690987.520000 1.26787437314104312665458E-05 7.34431286837800706424062E-02 
0.240000 0.480000 0.110000 3690987.520000 1.14001839404066049359554E-05 6.60369192635227031384915E-02 
0.242500 0.485000 0.110000 3690987.520000 1.02525979245650416860113E-05 5.93893909892224194924104E-02 
0.245000 0.490000 0.110000 3690987.520000 9.22218258623882996085665E-06 5.34205877786211869029387E-02 
0.247500 0.495000 0.110000 3690987.520000 8.29663440352461141350047E-06 4.80592400200323816017445E-02 
0.250000 0.500000 0.110000 3690987.520000 7.46498258658611951905926E-06 4.32417981105319010337595E-02 
0.252500 0.505000 0.110000 3690987.520000 6.71744108783811952985074E-06 3.89115752073746282158062E-02 
0.255000 0.510000 0.110000 3690987.520000 6.04527731191316581096928E-06 3.50179867148860055059423E-02 
0.257500 0.515000 0.110000 3690987.520000 5.44069562012944955820513E-06 3.15158754702580326534367E-02 
0.260000 0.520000 0.110000 3690987.520000 4.89673394389698591862639E-06 2.83649128644272580102026E-02 
0.262500 0.525000 0.110000 3690987.520000 4.40717201557664281903965E-06 2.55290672584280384227462E-02 
0.265000 0.530000 0.110000 3690987.520000 3.96644989675739610077978E-06 2.29761320487635867237941E-02 
0.267500 0.535000 0.110000 3690987.520000 3.56959563541297349078402E-06 2.06773066128950605557790E-02 
0.270000 0.540000 0.110000 3690987.520000 3.21216101728676752574318E-06 1.86068241415090346313477E-02 
0.272500 0.545000 0.110000 3690987.520000 2.89016449520846702467931E-06 1.67416210498068651624237E-02 
0.275000 0.550000 0.110000 3690987.520000 2.60004048469422819291259E-06 1.50610432662474473530789E-02 
0.277500 0.555000 0.110000 3690987.520000 2.33859430673471238956067E-06 1.35465852332963283127798E-02 
0.280000 0.560000 0.110000 3690987.520000 2.10296214055300315421055E-06 1.21816579290202602753324E-02 
0.282500 0.565000 0.110000 3690987.520000 1.89057542156704625143130E-06 1.09513826380568512347535E-02 
0.285000 0.570000 0.110000 3690987.520000 1.69912918392295997109997E-06 9.84240757197938319345010E-03 
0.287500 0.575000 0.110000 3690987.520000 1.52655390374664926400724E-06 8.84274476798813796607490E-03 
0.290000 0.580000 0.110000 3690987.520000 1.37099044954851107159946E-06 7.94162498615497147724795E-03 
0.292500 0.585000 0.110000 3690987.520000 1.23076779076395064113343E-06 7.12936858349711658627834E-03 
0.295000 0.590000 0.110000 3690987.520000 1.10438315488573711151187E-06 6.39727057180997961405300E-03 
0.297500 0.595000 0.110000 3690987.520000 9.90484358629205817380558E-07 5.73749826884337437576944E-03 
0.300000 0.600000 0.110000 3690987.520000 8.87854069585014888288561E-07 5.14300013205616114719820E-03 
0.302500 0.605000 0.110000 3690987.520000 7.95395782312389338383849E-07 4.60742452347100758108800E-03 
0.305000 0.610000 0.110000 3690987.520000 7.12121317211046900895000E-07 4.12504729540548800703625E-03 
0.307500 0.615000 0.110000 3690987.520000 6.37139672137591530040363E-07 3.69070721213615813433018E-03 
0.310000 0.620000 0.110000 3690987.520000 5.69647075915977193515441E-07 3.29974833367675281226017E-03 
0.312500 0.625000 0.110000 3690987.520000 5.08918109909098495408628E-07 2.94796858642730431540602E-03 
0.315000 0.630000 0.110000 3690987.520000 4.54297778914932932766378E-07 2.63157383289844542390012E-03 
0.317500 0.635000 0.110000 3690987.520000 4.05194426043334740231437E-07 2.34713683029387672196453E-03 
0.320000 0.640000 0.110000 3690987.520000 3.61073398110402837968546E-07 2.09156053655499369822723E-03 
0.322500 0.645000 0.110000 3690987.520000 3.21451378627081604620998E-07 1.86204528352439352238690E-03 
0.325000 0.650000 0.110000 3690987.520000 2.85891314807885760874767E-07 1.65605939104148725850296E-03 
0.327500 0.655000 0.110000 3690987.520000 2.53997873318562300260615E-07 1.47131284382119565355695E-03 
0.330000 0.660000 0.110000 3690987.520000 2.25413366836691851953427E-07 1.30573369557250573702589E-03 
0.332500 0.665000 0.110000 3690987.520000 1.99814100022201988068134E-07 1.15744690259874695448250E-03 
0.335000 0.670000 0.110000 3690987.520000 1.76907089279137976386202E-07 1.02475532262811608666397E-03 
0.337500 0.675000 0.110000 3690987.520000 1.56427115818851256499297E-07 9.06122644332242382567144E-04 
0.340000 0.680000 0.110000 3690987.520000 1.38134076081932328073607E-07 8.00158039330593501975430E-04 
0.342500 0.685000 0.110000 3690987.520000 1.21810597607237865537056E-07 7.05602351828695027562144E-04 
0.345000 0.690000 0.110000 3690987.520000 1.07259892009551912047546E-07 6.21315661736271461317027E-04 
0.347500 0.695000 0.110000 3690987.520000 9.43038198944954860018639E-08 5.46266075457065838558157E-04 
0.350000 0.700000 0.110000 3690987.520000 8.27811453462323555144563E-08 4.79519614801593235201699E-04 
0.352500 0.705000 0.110000 3690987.520000 7.25459601111438984070705E-08 4.20231088883946612110021E-04 
0.355000 0.710000 0.110000 3690987.520000 6.34662598052114437587631E-08 3.67635846633981779475048E-04 
0.357500 0.715000 0.110000 3690987.520000 5.54226564265461671147649E-08 3.21042318873255769478420E-04 
0.360000 0.720000 0.110000 3690987.520000 4.83072131859145423935942E-08 2.79825268932480056977008E-04 
0.362500 0.725000 0.110000 3690987.520000 4.20223892025886210353418E-08 2.43419679676913825903603E-04 
0.365000 0.730000 0.110000 3690987.520000 3.64800829728866306139847E-08 2.11315212684296557885816E-04 
0.367500 0.735000 0.110000 3690987.520000 3.16007647243485533146593E-08 1.83051182303375377770707E-04 
0.370000 0.740000 0.110000 3690987.520000 2.73126888372715386608359E-08 1.58211993512122974002779E-04 
0.372500 0.745000 0.110000 3690987.520000 2.35511784630282816533270E-08 1.36422997984394210081727E-04 
0.375000 0.750000 0.110000 3690987.520000 2.02579753090943765794063E-08 1.17346727642482926627469E-04 
0.377500 0.755000 0.110000 3690987.520000 1.73806483063439167689854E-08 1.00679469292210292587914E-04 
0.380000 0.760000 0.110000 3690987.520000 1.48720555358346869584274E-08 8.61481477699308834843420E-05 
0.382500 0.765000 0.110000 3690987.520000 1.26898543796694404749761E-08 7.35074884332263047163544E-05 
0.385000 0.770000 0.110000 3690987.520000 1.07960553821277725481357E-08 6.25374328485320425934785E-05 
0.387500 0.775000 0.110000 3690987.520000 9.15661577068966611735460E-09 5.30407842133962613277200E-05 
0.390000 0.780000 0.110000 3690987.520000 7.74106899851173841965995E-09 4.48410614372811316984992E-05 
0.392500 0.785000 0.110000 3690987.520000 6.52218703629559057717695E-09 3.77805429271068919281316E-05 
0.395000 0.790000 0.110000 3690987.520000 5.47567246754673617431478E-09 3.17184830124750654755522E-05 
0.397500 0.795000 0.110000 3690987.520000 4.57987773159373853159087E-09 2.65294856275164778289678E-05 
0.400000 0.800000 0.110000 3690987.520000 3.81554911752283222172300E-09 2.21020213653564778343713E-05 
0.402500 0.805000 0.110000 3690987.520000 3.16559334300252625850734E-09 1.83370753582373173767427E-05 
0.405000 0.810000 0.110000 3690987.520000 2.61486475803067601768487E-09 1.51469146299532214471192E-05 
0.407500 0.815000 0.110000 3690987.520000 2.14997139776412811822853E-09 1.24539646338345794790957E-05 
0.410000 0.820000 0.110000 3690987.520000 1.75909827328897640994243E-09 1.01897856435501622481866E-05 
0.412500 0.825000 0.110000 3690987.520000 1.43184643667166885640194E-09 8.29414051830441235893358E-06 
0.415000 0.830000 0.110000 3690987.520000 1.15908648884844511534582E-09 6.71414612989084546744098E-06 
0.417500 0.835000 0.110000 3690987.520000 9.32825317593474769606601E-10 5.40350142654743305608688E-06 
0.420000 0.840000 0.110000 3690987.520000 7.46084959476955440138538E-10 4.32178572646355483097410E-06 
0.422500 0.845000 0.110000 3690987.520000 5.92792575733718272423493E-10 3.43382138993338121519335E-06 
0.425000 0.850000 0.110000 3690987.520000 4.67680618500523229725934E-10 2.70909552042998725637931E-06 
0.427500 0.855000 0.110000 3690987.520000 3.66196341998140350361119E-10 2.12123579738188295943572E-06 
0.430000 0.860000 0.110000 3690987.520000 2.84419883862374254587446E-10 1.64753595255500910199550E-06 
0.432500 0.865000 0.110000 3690987.520000 2.18990205786075830182074E-10 1.26852677242693015622536E-06 
0.435000 0.870000 0.110000 3690987.520000 1.67038240646982021530284E-10 9.67588844985969683183159E-07 
0.437500 0.875000 0.110000 3690987.520000 1.26126646003037844300267E-10 7.30603574698501893643218E-07 
0.440000 0.880000 0.110000 3690987.520000 9.41956118016929432312688E-11 5.45639267229635868580425E-07 
0.442500 0.885000 0.110000 3690987.520000 6.95142138703395330896846E-11 4.02669338759733575215026E-07 
0.445000 0.890000 0.110000 3690987.520000 5.06368446697617697363443E-11 2.93319935949852117305366E-07 
0.447500 0.895000 0.110000 3690987.520000 3.63642892875504555246133E-11 2.10644464011315227711503E-07 
0.450000 0.900000 0.110000 3690987.520000 2.57090480637229868256809E-11 1.48922713896627421820918E-07 
0.452500 0.905000 0.110000 3690987.520000 1.78645378750911709305015E-11 1.03482457081781325415846E-07 
0.455000 0.910000 0.110000 3690987.520000 1.21778322206114192039688E-11 7.05415392734934449553926E-08 
0.457500 0.915000 0.110000 3690987.520000 8.12562607709824352517789E-12 4.70686539817157665061726E-08 
0.460000 0.920000 0.110000 3690987.520000 5.29313523473424920189798E-12 3.06611144148421438847886E-08 
0.462500 0.925000 0.110000 3690987.520000 3.35566165075285230001330E-12 1.94380686017739653696731E-08 
0.465000 0.930000 0.110000 3690987.520000 2.06257643101309155662347E-12 1.19477189106475352614893E-08 
0.467500 0.935000 0.110000 3690987.520000 1.22349049641862597175079E-12 7.08721399181234751447253E-09 
0.470000 0.940000 0.110000 3690987.520000 6.96399930089326056212467E-13 4.03397929356492851610971E-09 
0.472500 0.945000 0.110000 3690987.520000 3.77608532033841178897298E-13 2.18734226337813919239321E-09 
0.475000 0.950000 0.110000 3690987.520000 1.93244317126903325852950E-13 1.11939065500628607679664E-09 
0.477500 0.955000 0.110000 3690987.520000 9.21996535875689407187641E-14 5.34077442251330288148871E-10 
0.480000 0.960000 0.110000 3690987.520000 4.03365162478659316993874E-14 2.33654060386773841164633E-10 
0.482500 0.965000 0.110000 3690987.520000 1.58089756059218454668696E-14 9.15753685365559100015902E-11 
0.485000 0.970000 0.110000 3690987.520000 5.36460558944068127057731E-15 3.10751149316895655866839E-11 
0.487500 0.975000 0.110000 3690987.520000 1.49500847162202590468478E-15 8.66001410633949839771080E-12 
0.490000 0.980000 0.110000 3690987.520000 3.13156499345912562246631E-16 1.81399621025902916356865E-12 
0.492500 0.985000 0.110000 3690987.520000 4.17629994393382709878832E-17 2.41917133670367835877342E-13 
0.495000 0.990000 0.110000 3690987.520000 2.44268810969819879105427E-18 1.41495609482555036642893E-14 
0.497500 0.995000 0.110000 3690987.520000 1.90759897824306121602708E-20 1.10499936116752205390547E-16 
0.500000 1.000000 0.110000 3690987.520000 0.00000000000000000000000E+00 0.00000000000000000000000E+00 
