0.000000 0.000000 0.110000 118111600.640000 9.99999999534338712692261E-01 3.27679999847412109375000E+04 
0.002500 0.005000 0.110000 118111600.640000 8.60708515848010335957952E-01 2.82036966473076026886702E+04 
0.005000 0.010000 0.110000 118111600.640000 7.40821952045449427792789E-01 2.42752537246252868499141E+04 
0.007500 0.015000 0.110000 118111600.640000 6.37639032735355715253434E-01 2.08941558246721360774245E+04 
0.010000 0.020000 0.110000 118111600.640000 5.48833920084351944979062E-01 1.79841898933240445330739E+04 
0.012500 0.025000 0.110000 118111600.640000 4.72404155750030085858526E-01 1.54797393756169858534122E+04 
0.015000 0.030000 0.110000 118111600.640000 4.06625799145324651195921E-01 1.33243141863939981703879E+04 
0.017500 0.035000 0.110000 118111600.640000 3.50014770938519292897695E-01 1.14692840141134001896717E+04 
0.020000 0.040000 0.110000 118111600.640000 3.01293546594480654565729E-01 9.87278693480794208880980E+03 
0.022500 0.045000 0.110000 118111600.640000 2.59362462121482839627618E-01 8.49878915879674968891777E+03 
0.025000 0.050000 0.110000 118111600.640000 2.23274995520188618280955E-01 7.31627505320554064383032E+03 
0.027500 0.055000 0.110000 118111600.640000 1.92216474913544627112216E-01 6.29854944996703034121310E+03 
0.030000 0.060000 0.110000 118111600.640000 1.65485739851360141861036E-01 5.42263672344936912850244E+03 
0.032500 0.065000 0.110000 118111600.640000 1.42479347459545296894490E-01 4.66876325755438028863864E+03 
0.035000 0.070000 0.110000 118111600.640000 1.22677971349441014559112E-01 4.01991176517848316507298E+03 
0.037500 0.075000 0.110000 118111600.640000 1.05634689734922251891369E-01 3.46143751323393234997639E+03 
0.040000 0.080000 0.110000 118111600.640000 9.09649010763217691355464E-02 2.98073787846891173103359E+03 
0.042500 0.085000 0.110000 118111600.640000 7.83376416904147804265435E-02 2.56696784291151152501698E+03 
0.045000 0.090000 0.110000 118111600.640000 6.74681109208166707169596E-02 2.21079505865332066605333E+03 
0.047500 0.095000 0.110000 118111600.640000 5.81112363324035180456306E-02 1.90418899214019847931922E+03 
0.050000 0.100000 0.110000 118111600.640000 5.00561345636167318029486E-02 1.64023941738059306771902E+03 
0.052500 0.105000 0.110000 118111600.640000 4.31213434486360722153186E-02 1.41300018212490681435156E+03 
0.055000 0.110000 0.110000 118111600.640000 3.71507182452118084325932E-02 1.21735473545910053871921E+03 
0.057500 0.115000 0.110000 118111600.640000 3.20098996514845968164309E-02 1.04890039177984726848081E+03 
0.060000 0.120000 0.110000 118111600.640000 2.75832740928287703519040E-02 9.03848725473813146891189E+02 
0.062500 0.125000 0.110000 118111600.640000 2.37713577894396003997723E-02 7.78939852044356825899740E+02 
0.065000 0.130000 0.110000 118111600.640000 2.04885456202876098386056E-02 6.71368662885584399191430E+02 
0.067500 0.135000 0.110000 118111600.640000 1.76611739891478353170484E-02 5.78721349276396267669043E+02 
0.070000 0.140000 0.110000 118111600.640000 1.52258539548331822688354E-02 4.98920782391973716585198E+02 
0.072500 0.145000 0.110000 118111600.640000 1.31280369668473270716724E-02 4.30179515329653213484562E+02 
0.075000 0.150000 0.110000 118111600.640000 1.13207807842909367879169E-02 3.70959344739645416666463E+02 
0.077500 0.155000 0.110000 118111600.640000 9.76368766632760599899488E-03 3.19936517450222993375064E+02 
0.080000 0.160000 0.110000 118111600.640000 8.42199080719454457044648E-03 2.75971794770150836484390E+02 
0.082500 0.165000 0.110000 118111600.640000 7.26576833414920887632693E-03 2.38084696773401276459481E+02 
0.085000 0.170000 0.110000 118111600.640000 6.26926706749509482508032E-03 2.05431343267679267228232E+02 
0.087500 0.175000 0.110000 118111600.640000 5.41032072226333218822880E-03 1.77285389427124869143881E+02 
0.090000 0.180000 0.110000 118111600.640000 4.66984936669431749400871E-03 1.53021624047839395643678E+02 
0.092500 0.185000 0.110000 118111600.640000 4.03142879117720370762967E-03 1.32101858629294611091609E+02 
0.095000 0.190000 0.110000 118111600.640000 3.48092002396253137261328E-03 1.14062787345204228017792E+02 
0.097500 0.195000 0.110000 118111600.640000 3.00615059227696138424712E-03 9.85055426077314706390098E+01 
0.100000 0.200000 0.110000 118111600.640000 2.59664030003124669462866E-03 8.50867093514238916895920E+01 
0.102500 0.205000 0.110000 118111600.640000 2.24336530249118898394656E-03 7.35105942320312806259608E+01 
0.105000 0.210000 0.110000 118111600.640000 1.93855512678403748769163E-03 6.35225743944593403966792E+01 
0.107500 0.215000 0.110000 118111600.640000 1.67551803450606616278928E-03 5.49033749546947760222793E+01 
0.110000 0.220000 0.110000 118111600.640000 1.44849076583302999871039E-03 4.74641454148167269977421E+01 
0.112500 0.225000 0.110000 118111600.640000 1.25250925792633215939686E-03 4.10422233637300521991165E+01 
0.115000 0.230000 0.110000 118111600.640000 1.08329740657392209132737E-03 3.54974894186142790886151E+01 
0.117500 0.235000 0.110000 118111600.640000 9.37171349669075910010507E-04 3.07092307859562794192243E+01 
0.120000 0.240000 0.110000 118111600.640000 8.10957103578532532105194E-04 2.65734423700613540120230E+01 
0.122500 0.245000 0.110000 118111600.640000 7.01919686663440042621864E-04 2.30005042925876033166332E+01 
0.125000 0.250000 0.110000 118111600.640000 6.07702125059932682198116E-04 1.99131832339638741302679E+01 
0.127500 0.255000 0.110000 118111600.640000 5.26272960213960798447896E-04 1.72449123602910674435407E+01 
0.130000 0.260000 0.110000 118111600.640000 4.55881070685768105717195E-04 1.49383109242312492881410E+01 
0.132500 0.265000 0.110000 118111600.640000 3.95016786773856555178841E-04 1.29439100690057316001003E+01 
0.135000 0.270000 0.110000 118111600.640000 3.42378419325540606435454E-04 1.12190560444593145916770E+01 
0.137500 0.275000 0.110000 118111600.640000 2.96843446945330006504771E-04 9.72696606950457365314833E+00 
0.140000 0.280000 0.110000 118111600.640000 2.57443711474946281079351E-04 8.43591553761103973840818E+00 
0.142500 0.285000 0.110000 118111600.640000 2.23344062501558936195689E-04 7.31853824005108322126034E+00 
0.145000 0.290000 0.110000 118111600.640000 1.93823969820198789126148E-04 6.35122384306827392208561E+00 
0.147500 0.295000 0.110000 118111600.640000 1.68261690010712799785153E-04 5.51359905827103702335990E+00 
0.150000 0.300000 0.110000 118111600.640000 1.46120631118022280704044E-04 4.78808084047535409411012E+00 
0.152500 0.305000 0.110000 118111600.640000 1.26937609163295199703886E-04 4.15949157706285710389693E+00 
0.155000 0.310000 0.110000 118111600.640000 1.10312732994366968688332E-04 3.61472763475941682997927E+00 
0.157500 0.315000 0.110000 118111600.640000 9.59006907802775293526640E-05 3.14247383548813408182809E+00 
0.160000 0.320000 0.110000 118111600.640000 8.34032431045244270449712E-05 2.73295747004905642540962E+00 
0.162500 0.325000 0.110000 118111600.640000 7.25627548348664337240360E-05 2.37773635042890330026921E+00 
0.165000 0.330000 0.110000 118111600.640000 6.31566213638468939390799E-05 2.06951616885053502059577E+00 
0.167500 0.335000 0.110000 118111600.640000 5.49924649564432585393918E-05 1.80199309169273269581879E+00 
0.170000 0.340000 0.110000 118111600.640000 4.79039942676939389364782E-05 1.56971808416379499107052E+00 
0.172500 0.345000 0.110000 118111600.640000 4.17474349978676676051377E-05 1.36797995001012773208515E+00 
0.175000 0.350000 0.110000 118111600.640000 3.63984524747429553730681E-05 1.19270449069237716166469E+00 
0.177500 0.355000 0.110000 118111600.640000 3.17494979832363432062890E-05 1.04036754991468849418368E+00 
0.180000 0.360000 0.110000 118111600.640000 2.77075201527319631936586E-05 9.07920020364720969929806E-01 
0.182500 0.365000 0.110000 118111600.640000 2.41919908774914023971789E-05 7.92723157073638273750760E-01 
0.185000 0.370000 0.110000 118111600.640000 2.11332022709179773894191E-05 6.92492772013440283096486E-01 
0.187500 0.375000 0.110000 118111600.640000 1.84707971995589171688209E-05 6.05251082635146597787923E-01 
0.190000 0.380000 0.110000 118111600.640000 1.61525011447103453946384E-05 5.29285157509868597891511E-01 
0.192500 0.385000 0.110000 118111600.640000 1.41330276161824071193621E-05 4.63111048927065116487256E-01 
0.195000 0.390000 0.110000 118111600.640000 1.23731331956028303730496E-05 4.05442828553513545664089E-01 
0.197500 0.395000 0.110000 118111600.640000 1.08388016027694447082413E-05 3.55165850919549164199651E-01 
0.200000 0.400000 0.110000 118111600.640000 9.50053903297718808907118E-06 3.11313663032596499302684E-01 
0.202500 0.405000 0.110000 118111600.640000 8.33276547044818246526201E-06 2.73048058935646043021706E-01 
0.205000 0.410000 0.110000 118111600.640000 7.31328879842835234660007E-06 2.39641847346900249693391E-01 
0.207500 0.415000 0.110000 118111600.640000 6.42285034789487626569757E-06 2.10463960199819305474378E-01 
0.210000 0.420000 0.110000 118111600.640000 5.64473209516521673271595E-06 1.84966581294373821897636E-01 
0.212500 0.425000 0.110000 118111600.640000 4.96441706930416385605900E-06 1.62674018526958841235341E-01 
0.215000 0.430000 0.110000 118111600.640000 4.36929569344643313792090E-06 1.43173081282852721063392E-01 
0.217500 0.435000 0.110000 118111600.640000 3.84841178610166476060581E-06 1.26104757406979350875531E-01 
0.220000 0.440000 0.110000 118111600.640000 3.39224281165239692533288E-06 1.11157012452225742449308E-01 
0.222500 0.445000 0.110000 118111600.640000 2.99250971292273081384664E-06 9.80585582730520433081267E-02 
0.225000 0.450000 0.110000 118111600.640000 2.64201229951529938230672E-06 8.65734590305173301594266E-02 
0.227500 0.455000 0.110000 118111600.640000 2.33448671789602431778077E-06 7.64964607720169248450404E-02 
0.230000 0.460000 0.110000 118111600.640000 2.06448200526393773124377E-06 6.76489463484887115773958E-02 
0.232500 0.465000 0.110000 118111600.640000 1.82725313966868741909644E-06 5.98754308806635493489523E-02 
0.235000 0.470000 0.110000 118111600.640000 1.61866835275017772635242E-06 5.30405245829178237371160E-02 
0.237500 0.475000 0.110000 118111600.640000 1.43512877671227235520913E-06 4.70262997553077405354927E-02 
0.240000 0.480000 0.110000 118111600.640000 1.27349876045510647818511E-06 4.17300073825929290771697E-02 
0.242500 0.485000 0.110000 118111600.640000 1.13104541697845079840034E-06 3.70620962235498757619823E-02 
0.245000 0.490000 0.110000 118111600.640000 1.00538616022381461114334E-06 3.29444936982139571779449E-02 
0.247500 0.495000 0.110000 118111600.640000 8.94443158735345646154083E-07 2.93091134254398061331770E-02 
0.250000 0.500000 0.110000 118111600.640000 7.96403779579481240464916E-07 2.60965590492604412875544E-02 
0.252500 0.505000 0.110000 118111600.640000 7.09686222043883987099149E-07 2.32549981239339904892649E-02 
0.255000 0.510000 0.110000 118111600.640000 6.32909649467394333551148E-07 2.07391833937475775218040E-02 
0.257500 0.515000 0.110000 118111600.640000 5.64868221485849211737620E-07 1.85096018816483069702183E-02 
0.260000 0.520000 0.110000 118111600.640000 5.04508510038868069573893E-07 1.65317348569536289037973E-02 
0.262500 0.525000 0.110000 118111600.640000 4.50909852419338852370576E-07 1.47754140440768955144790E-02 
0.265000 0.530000 0.110000 118111600.640000 4.03267254970844469896498E-07 1.32142614108846315895684E-02 
0.267500 0.535000 0.110000 118111600.640000 3.60876513057625811702967E-07 1.18252015798722825978828E-02 
0.270000 0.540000 0.110000 118111600.640000 3.23121257780704501605341E-07 1.05880373749581251086038E-02 
0.272500 0.545000 0.110000 118111600.640000 2.89461678577335219760864E-07 9.48508028362212048112401E-03 
0.275000 0.550000 0.110000 118111600.640000 2.59424704173897287055298E-07 8.50082870637026630222799E-03 
0.277500 0.555000 0.110000 118111600.640000 2.32595453107037172655846E-07 7.62168780741139407358675E-03 
0.280000 0.560000 0.110000 118111600.640000 2.08609789828323037116133E-07 6.83572559309448928022146E-03 
0.282500 0.565000 0.110000 118111600.640000 1.87147843821173655655171E-07 6.13246054633221834850865E-03 
0.285000 0.570000 0.110000 118111600.640000 1.67928367666884313578506E-07 5.50267675170846518734047E-03 
0.287500 0.575000 0.110000 118111600.640000 1.50703826013363216781743E-07 4.93826297080588588750416E-03 
0.290000 0.580000 0.110000 118111600.640000 1.35256121281178746835078E-07 4.43207258214166517629184E-03 
0.292500 0.585000 0.110000 118111600.640000 1.21392873990448088894725E-07 3.97780169491900297690234E-03 
0.295000 0.590000 0.110000 118111600.640000 1.08944186067764858306938E-07 3.56988308906851887700173E-03 
0.297500 0.595000 0.110000 118111600.640000 9.77598246147460927688385E-08 3.20339393297599996784930E-03 
0.300000 0.600000 0.110000 118111600.640000 8.77067715754806518615839E-08 2.87397549098535000020038E-03 
0.302500 0.605000 0.110000 118111600.640000 7.86670916874128422925430E-08 2.57776326041314401624205E-03 
0.305000 0.610000 0.110000 118111600.640000 7.05360771732484713356884E-08 2.31132617681300590872784E-03 
0.307500 0.615000 0.110000 118111600.640000 6.32206329444896821654582E-08 2.07161370032503790519773E-03 
0.310000 0.620000 0.110000 118111600.640000 5.66378707375306972838144E-08 1.85590974832740588859603E-03 
0.312500 0.625000 0.110000 118111600.640000 5.07138846742773709562941E-08 1.66179257300672089149585E-03 
0.315000 0.630000 0.110000 118111600.640000 4.53826843027466040090024E-08 1.48709979923240072016699E-03 
0.317500 0.635000 0.110000 118111600.640000 4.05852642911893872815651E-08 1.32989794029369384244232E-03 
0.320000 0.640000 0.110000 118111600.640000 3.62687926759473981339405E-08 1.18845579840544434205296E-03 
0.322500 0.645000 0.110000 118111600.640000 3.23859019457633668215670E-08 1.06122123495877400400911E-03 
0.325000 0.650000 0.110000 118111600.640000 2.88940693250426493015830E-08 9.46800863642997532314272E-04 
0.327500 0.655000 0.110000 118111600.640000 2.57550744321617965686481E-08 8.43942278993077749961460E-04 
0.330000 0.660000 0.110000 118111600.640000 2.29345240685807806371693E-08 7.51518484679255019918764E-04 
0.332500 0.665000 0.110000 118111600.640000 2.04014352687920140101838E-08 6.68514230887776715085702E-04 
0.335000 0.670000 0.110000 118111600.640000 1.81278689353077427136247E-08 5.94014009272164113240056E-04 
0.337500 0.675000 0.110000 118111600.640000 1.60886074193226048551206E-08 5.27191487916363115892593E-04 
0.340000 0.680000 0.110000 118111600.640000 1.42608703062067409225415E-08 4.67300198193782486549841E-04 
0.342500 0.685000 0.110000 118111600.640000 1.26240634430919737884546E-08 4.13665310903237797100079E-04 
0.345000 0.690000 0.110000 118111600.640000 1.11595569189720967823962E-08 3.65676361120877667365558E-04 
0.347500 0.695000 0.110000 118111600.640000 9.85048828956756073064748E-09 3.22780800272549830021857E-04 
0.350000 0.700000 0.110000 118111600.640000 8.68158784168248856775183E-09 2.84478270396251785388092E-04 
0.352500 0.705000 0.110000 118111600.640000 7.63902312542247848282591E-09 2.50315509773843774925239E-04 
0.355000 0.710000 0.110000 118111600.640000 6.71026035664853495442597E-09 2.19881811366659193386630E-04 
0.357500 0.715000 0.110000 118111600.640000 5.88394061446143986781162E-09 1.92804966054672461588451E-04 
0.360000 0.720000 0.110000 118111600.640000 5.14976903635577222067521E-09 1.68747631783305944127085E-04 
0.362500 0.725000 0.110000 118111600.640000 4.49841545305908850193957E-09 1.47404077565840212031556E-04 
0.365000 0.730000 0.110000 118111600.640000 3.92142511128058529799796E-09 1.28497258046442219044797E-04 
0.367500 0.735000 0.110000 118111600.640000 3.41113831023494078884560E-09 1.11776180149778539768893E-04 
0.370000 0.740000 0.110000 118111600.640000 2.96061793085728765011750E-09 9.70135283583316017190501E-05 
0.372500 0.745000 0.110000 118111600.640000 2.56358396852604692458376E-09 8.40035194806615056247606E-05 
0.375000 0.750000 0.110000 118111600.640000 2.21435429382834386125160E-09 7.25599615001671716454923E-05 
0.377500 0.755000 0.110000 118111600.640000 1.90779096399696093701068E-09 6.25144943082524159839661E-05 
0.380000 0.760000 0.110000 118111600.640000 1.63925149231915648096520E-09 5.37149929003141195682676E-05 
0.382500 0.765000 0.110000 118111600.640000 1.40454455596184966476518E-09 4.60241160097578898150253E-05 
0.385000 0.770000 0.110000 118111600.640000 1.19988968590042375678352E-09 3.93179852275850856622823E-05 
0.387500 0.775000 0.110000 118111600.640000 1.02188053737773045995573E-09 3.34849814487934717118292E-05 
0.390000 0.780000 0.110000 118111600.640000 8.67451386754120969817410E-10 2.84246470411590359389769E-05 
0.392500 0.785000 0.110000 118111600.640000 7.33846541766327873152307E-10 2.40466834805990317474548E-05 
0.395000 0.790000 0.110000 118111600.640000 6.18592387973956362412709E-10 2.02700353691306020835396E-05 
0.397500 0.795000 0.110000 118111600.640000 5.19471825291667842804068E-10 1.70220527711573718730037E-05 
0.400000 0.800000 0.110000 118111600.640000 4.34500875629962989401954E-10 1.42377246926426272367232E-05 
0.402500 0.805000 0.110000 118111600.640000 3.61907266351116462144519E-10 1.18589773037933842315516E-05 
0.405000 0.810000 0.110000 118111600.640000 3.00110814963936447268745E-10 9.83403118473826950410224E-06 
0.407500 0.815000 0.110000 118111600.640000 2.47705458637824512694289E-10 8.11681246864423363196646E-06 
0.410000 0.820000 0.110000 118111600.640000 2.03442788061018455528687E-10 6.66641327918345275076401E-06 
0.412500 0.825000 0.110000 118111600.640000 1.66216959198436911120098E-10 5.44659731901438070358337E-06 
0.415000 0.830000 0.110000 118111600.640000 1.35050868876501772081918E-10 4.42534687134521006758028E-06 
0.417500 0.835000 0.110000 118111600.640000 1.09083491055388716880864E-10 3.57444783490297747475216E-06 
0.420000 0.840000 0.110000 118111600.640000 8.75582803311228112635669E-11 2.86910972989023227948456E-06 
0.422500 0.845000 0.110000 118111600.640000 6.98125578026322687369463E-11 2.28761789407665418197226E-06 
0.425000 0.850000 0.110000 118111600.640000 5.52678020810469798925701E-11 1.81101533859174743711974E-06 
0.427500 0.855000 0.110000 118111600.640000 4.34207750296105313108115E-11 1.42281195617027788999267E-06 
0.430000 0.860000 0.110000 118111600.640000 3.38354179054898208497193E-11 1.10871897392709044960360E-06 
0.432500 0.865000 0.110000 118111600.640000 2.61354590180752425932375E-11 8.56406721104289549295206E-07 
0.435000 0.870000 0.110000 118111600.640000 1.99976788986623906253309E-11 6.55283942151369216010841E-07 
0.437500 0.875000 0.110000 118111600.640000 1.51457833597987213831591E-11 4.96297029133884502283356E-07 
0.440000 0.880000 0.110000 118111600.640000 1.13448387662978229224135E-11 3.71747676694047061521646E-07 
0.442500 0.885000 0.110000 118111600.640000 8.39622739363782410004761E-12 2.75127579234724220110360E-07 
0.445000 0.890000 0.110000 118111600.640000 6.13308395623600943614843E-12 2.00968895077941557203712E-07 
0.447500 0.895000 0.110000 118111600.640000 4.41617728544283162350891E-12 1.44709297289390706639140E-07 
0.450000 0.900000 0.110000 118111600.640000 3.13020375770242866434713E-12 1.02570516732393182473327E-07 
0.452500 0.905000 0.110000 118111600.640000 2.18046144572551935466715E-12 7.14493606535338182137332E-08 
0.455000 0.910000 0.110000 118111600.640000 1.48987611468686004332802E-12 4.88202605260590298997724E-08 
0.457500 0.915000 0.110000 118111600.640000 9.96352133284472636971514E-13 3.26484667034655993682826E-08 
0.460000 0.920000 0.110000 118111600.640000 6.50423135215126172093669E-13 2.13130652947292544071653E-08 
0.462500 0.925000 0.110000 118111600.640000 4.13178867147843257787092E-13 1.35390451187005278711674E-08 
0.465000 0.930000 0.110000 118111600.640000 2.54446109533683288366655E-13 8.33769011719973399319854E-09 
0.467500 0.935000 0.110000 118111600.640000 1.51202869740116732114219E-13 4.95461563564414507791873E-09 
0.470000 0.940000 0.110000 118111600.640000 8.62062346814023001711822E-14 2.82480589804019057200930E-09 
0.472500 0.945000 0.110000 118111600.640000 4.68153426267993928069947E-14 1.53404514719496250349960E-09 
0.475000 0.950000 0.110000 118111600.640000 2.39919003174658340001387E-14 7.86166589602720448516545E-10 
0.477500 0.955000 0.110000 118111600.640000 1.14615399729267509452119E-14 3.75571741832863774972702E-10 
0.480000 0.960000 0.110000 118111600.640000 5.02008834703339645884757E-15 1.64498254955590335163517E-10 
0.482500 0.965000 0.110000 118111600.640000 1.96951299278475175132387E-15 6.45370017475707453873806E-11 
0.485000 0.970000 0.110000 118111600.640000 6.68924852227463984421145E-16 2.19193295577895398415121E-11 
0.487500 0.975000 0.110000 118111600.640000 1.86556054216599085663320E-16 6.11306878456951883901567E-12 
0.490000 0.980000 0.110000 118111600.640000 3.91016055108531864787488E-17 1.28128140937963721453564E-12 
0.492500 0.985000 0.110000 118111600.640000 5.21714913629777839249728E-18 1.70955542898205602365351E-13 
0.495000 0.990000 0.110000 118111600.640000 3.05252096181117654289459E-19 1.00025006876628632957570E-14 
0.497500 0.995000 0.110000 118111600.640000 2.38433481287016284897090E-21 7.81298831481294962350785E-17 
0.500000 1.000000 0.110000 118111600.640000 0.00000000000000000000000E+00 0.00000000000000000000000E+00 
