0.001000 0.988592 0.333333 0.093600
0.002000 0.979186 0.333333 0.093600
0.003000 0.970536 0.333333 0.093600
0.004000 0.962378 0.333333 0.093600
0.005000 0.954585 0.333333 0.093600
0.006000 0.947085 0.333333 0.093600
0.007000 0.939828 0.333333 0.093600
0.008000 0.932778 0.333333 0.093600
0.009000 0.925912 0.333333 0.093600
0.010000 0.919207 0.333333 0.093600
0.011000 0.912648 0.333333 0.093600
0.012000 0.906222 0.333333 0.093600
0.013000 0.899918 0.333333 0.093600
0.014000 0.893726 0.333333 0.093600
0.015000 0.887639 0.333333 0.093600
0.016000 0.881650 0.333333 0.093600
0.017000 0.875752 0.333333 0.093600
0.018000 0.869941 0.333333 0.093600
0.019000 0.864212 0.333333 0.093600
0.020000 0.858559 0.333333 0.093600
0.021000 0.852981 0.333333 0.093600
0.022000 0.847473 0.333333 0.093600
0.023000 0.842031 0.333333 0.093600
0.024000 0.836654 0.333333 0.093600
0.025000 0.831339 0.333333 0.093600
0.026000 0.826083 0.333333 0.093600
0.027000 0.820884 0.333333 0.093600
0.028000 0.815739 0.333333 0.093600
0.029000 0.810648 0.333333 0.093600
0.030000 0.805608 0.333333 0.093600
0.031000 0.800618 0.333333 0.093600
0.032000 0.795675 0.333333 0.093600
0.033000 0.790780 0.333333 0.093600
0.034000 0.785929 0.333333 0.093600
0.035000 0.781122 0.333333 0.093600
0.036000 0.776358 0.333333 0.093600
0.037000 0.771636 0.333333 0.093600
0.038000 0.766954 0.333333 0.093600
0.039000 0.762312 0.333333 0.093600
0.040000 0.757708 0.333333 0.093600
0.041000 0.753141 0.333333 0.093600
0.042000 0.748612 0.333333 0.093600
0.043000 0.744118 0.333333 0.093600
0.044000 0.739659 0.333333 0.093600
0.045000 0.735235 0.333333 0.093600
0.046000 0.730844 0.333333 0.093600
0.047000 0.726486 0.333333 0.093600
0.048000 0.722160 0.333333 0.093600
0.049000 0.717866 0.333333 0.093600
0.050000 0.713603 0.333333 0.093600
0.051000 0.709370 0.333333 0.093600
0.052000 0.705167 0.333333 0.093600
0.053000 0.700993 0.333333 0.093600
0.054000 0.696848 0.333333 0.093600
0.055000 0.692732 0.333333 0.093600
0.056000 0.688643 0.333333 0.093600
0.057000 0.684581 0.333333 0.093600
0.058000 0.680546 0.333333 0.093600
0.059000 0.676538 0.333333 0.093600
0.060000 0.672555 0.333333 0.093600
0.061000 0.668598 0.333333 0.093600
0.062000 0.664666 0.333333 0.093600
0.063000 0.660760 0.333333 0.093600
0.064000 0.656877 0.333333 0.093600
0.065000 0.653019 0.333333 0.093600
0.066000 0.649184 0.333333 0.093600
0.067000 0.645373 0.333333 0.093600
0.068000 0.641585 0.333333 0.093600
0.069000 0.637819 0.333333 0.093600
0.070000 0.634076 0.333333 0.093600
0.071000 0.630356 0.333333 0.093600
0.072000 0.626657 0.333333 0.093600
0.073000 0.622979 0.333333 0.093600
0.074000 0.619323 0.333333 0.093600
0.075000 0.615688 0.333333 0.093600
0.076000 0.612074 0.333333 0.093600
0.077000 0.608481 0.333333 0.093600
0.078000 0.604907 0.333333 0.093600
0.079000 0.601354 0.333333 0.093600
0.080000 0.597821 0.333333 0.093600
0.081000 0.594307 0.333333 0.093600
0.082000 0.590813 0.333333 0.093600
0.083000 0.587337 0.333333 0.093600
0.084000 0.583881 0.333333 0.093600
0.085000 0.580444 0.333333 0.093600
0.086000 0.577025 0.333333 0.093600
0.087000 0.573624 0.333333 0.093600
0.088000 0.570241 0.333333 0.093600
0.089000 0.566877 0.333333 0.093600
0.090000 0.563530 0.333333 0.093600
0.091000 0.560201 0.333333 0.093600
0.092000 0.556889 0.333333 0.093600
0.093000 0.553595 0.333333 0.093600
0.094000 0.550318 0.333333 0.093600
0.095000 0.547057 0.333333 0.093600
0.096000 0.543814 0.333333 0.093600
0.097000 0.540587 0.333333 0.093600
0.098000 0.537377 0.333333 0.093600
0.099000 0.534182 0.333333 0.093600
0.100000 0.531004 0.333333 0.093600
0.101000 0.527842 0.333333 0.093600
0.102000 0.524696 0.333333 0.093600
0.103000 0.521566 0.333333 0.093600
0.104000 0.518451 0.333333 0.093600
0.105000 0.515352 0.333333 0.093600
0.106000 0.512268 0.333333 0.093600
0.107000 0.509200 0.333333 0.093600
0.108000 0.506146 0.333333 0.093600
0.109000 0.503108 0.333333 0.093600
0.110000 0.500084 0.333333 0.093600
0.111000 0.497075 0.333333 0.093600
0.112000 0.494081 0.333333 0.093600
0.113000 0.491101 0.333333 0.093600
0.114000 0.488135 0.333333 0.093600
0.115000 0.485184 0.333333 0.093600
0.116000 0.482247 0.333333 0.093600
0.117000 0.479324 0.333333 0.093600
0.118000 0.476416 0.333333 0.093600
0.119000 0.473520 0.333333 0.093600
0.120000 0.470639 0.333333 0.093600
0.121000 0.467771 0.333333 0.093600
0.122000 0.464917 0.333333 0.093600
0.123000 0.462077 0.333333 0.093600
0.124000 0.459250 0.333333 0.093600
0.125000 0.456436 0.333333 0.093600
0.126000 0.453635 0.333333 0.093600
0.127000 0.450847 0.333333 0.093600
0.128000 0.448072 0.333333 0.093600
0.129000 0.445311 0.333333 0.093600
0.130000 0.442562 0.333333 0.093600
0.131000 0.439826 0.333333 0.093600
0.132000 0.437102 0.333333 0.093600
0.133000 0.434391 0.333333 0.093600
0.134000 0.431693 0.333333 0.093600
0.135000 0.429007 0.333333 0.093600
0.136000 0.426333 0.333333 0.093600
0.137000 0.423672 0.333333 0.093600
0.138000 0.421023 0.333333 0.093600
0.139000 0.418386 0.333333 0.093600
0.140000 0.415761 0.333333 0.093600
0.141000 0.413148 0.333333 0.093600
0.142000 0.410547 0.333333 0.093600
0.143000 0.407958 0.333333 0.093600
0.144000 0.405381 0.333333 0.093600
0.145000 0.402815 0.333333 0.093600
0.146000 0.400261 0.333333 0.093600
0.147000 0.397718 0.333333 0.093600
0.148000 0.395187 0.333333 0.093600
0.149000 0.392668 0.333333 0.093600
0.150000 0.390160 0.333333 0.093600
0.151000 0.387663 0.333333 0.093600
0.152000 0.385177 0.333333 0.093600
0.153000 0.382703 0.333333 0.093600
0.154000 0.380240 0.333333 0.093600
0.155000 0.377787 0.333333 0.093600
0.156000 0.375346 0.333333 0.093600
0.157000 0.372916 0.333333 0.093600
0.158000 0.370497 0.333333 0.093600
0.159000 0.368088 0.333333 0.093600
0.160000 0.365690 0.333333 0.093600
0.161000 0.363303 0.333333 0.093600
0.162000 0.360927 0.333333 0.093600
0.163000 0.358562 0.333333 0.093600
0.164000 0.356206 0.333333 0.093600
0.165000 0.353862 0.333333 0.093600
0.166000 0.351528 0.333333 0.093600
0.167000 0.349204 0.333333 0.093600
0.168000 0.346891 0.333333 0.093600
0.169000 0.344588 0.333333 0.093600
0.170000 0.342295 0.333333 0.093600
0.171000 0.340013 0.333333 0.093600
0.172000 0.337740 0.333333 0.093600
0.173000 0.335478 0.333333 0.093600
0.174000 0.333226 0.333333 0.093600
0.175000 0.330984 0.333333 0.093600
0.176000 0.328752 0.333333 0.093600
0.177000 0.326530 0.333333 0.093600
0.178000 0.324318 0.333333 0.093600
0.179000 0.322115 0.333333 0.093600
0.180000 0.319923 0.333333 0.093600
0.181000 0.317740 0.333333 0.093600
0.182000 0.315567 0.333333 0.093600
0.183000 0.313404 0.333333 0.093600
0.184000 0.311250 0.333333 0.093600
0.185000 0.309106 0.333333 0.093600
0.186000 0.306972 0.333333 0.093600
0.187000 0.304847 0.333333 0.093600
0.188000 0.302731 0.333333 0.093600
0.189000 0.300625 0.333333 0.093600
0.190000 0.298529 0.333333 0.093600
0.191000 0.296441 0.333333 0.093600
0.192000 0.294363 0.333333 0.093600
0.193000 0.292295 0.333333 0.093600
0.194000 0.290235 0.333333 0.093600
0.195000 0.288185 0.333333 0.093600
0.196000 0.286144 0.333333 0.093600
0.197000 0.284113 0.333333 0.093600
0.198000 0.282090 0.333333 0.093600
0.199000 0.280076 0.333333 0.093600
0.200000 0.278072 0.333333 0.093600
0.201000 0.276076 0.333333 0.093600
0.202000 0.274090 0.333333 0.093600
0.203000 0.272112 0.333333 0.093600
0.204000 0.270144 0.333333 0.093600
0.205000 0.268184 0.333333 0.093600
0.206000 0.266233 0.333333 0.093600
0.207000 0.264291 0.333333 0.093600
0.208000 0.262358 0.333333 0.093600
0.209000 0.260433 0.333333 0.093600
0.210000 0.258517 0.333333 0.093600
0.211000 0.256610 0.333333 0.093600
0.212000 0.254712 0.333333 0.093600
0.213000 0.252822 0.333333 0.093600
0.214000 0.250941 0.333333 0.093600
0.215000 0.249068 0.333333 0.093600
0.216000 0.247204 0.333333 0.093600
0.217000 0.245348 0.333333 0.093600
0.218000 0.243501 0.333333 0.093600
0.219000 0.241663 0.333333 0.093600
0.220000 0.239832 0.333333 0.093600
0.221000 0.238011 0.333333 0.093600
0.222000 0.236197 0.333333 0.093600
0.223000 0.234392 0.333333 0.093600
0.224000 0.232596 0.333333 0.093600
0.225000 0.230807 0.333333 0.093600
0.226000 0.229027 0.333333 0.093600
0.227000 0.227255 0.333333 0.093600
0.228000 0.225491 0.333333 0.093600
0.229000 0.223736 0.333333 0.093600
0.230000 0.221989 0.333333 0.093600
0.231000 0.220250 0.333333 0.093600
0.232000 0.218519 0.333333 0.093600
0.233000 0.216796 0.333333 0.093600
0.234000 0.215081 0.333333 0.093600
0.235000 0.213374 0.333333 0.093600
0.236000 0.211675 0.333333 0.093600
0.237000 0.209984 0.333333 0.093600
0.238000 0.208301 0.333333 0.093600
0.239000 0.206627 0.333333 0.093600
0.240000 0.204960 0.333333 0.093600
0.241000 0.203301 0.333333 0.093600
0.242000 0.201650 0.333333 0.093600
0.243000 0.200006 0.333333 0.093600
0.244000 0.198371 0.333333 0.093600
0.245000 0.196743 0.333333 0.093600
0.246000 0.195124 0.333333 0.093600
0.247000 0.193511 0.333333 0.093600
0.248000 0.191907 0.333333 0.093600
0.249000 0.190311 0.333333 0.093600
0.250000 0.188722 0.333333 0.093600
0.251000 0.187141 0.333333 0.093600
0.252000 0.185567 0.333333 0.093600
0.253000 0.184002 0.333333 0.093600
0.254000 0.182443 0.333333 0.093600
0.255000 0.180893 0.333333 0.093600
0.256000 0.179350 0.333333 0.093600
0.257000 0.177814 0.333333 0.093600
0.258000 0.176287 0.333333 0.093600
0.259000 0.174766 0.333333 0.093600
0.260000 0.173254 0.333333 0.093600
0.261000 0.171748 0.333333 0.093600
0.262000 0.170251 0.333333 0.093600
0.263000 0.168760 0.333333 0.093600
0.264000 0.167277 0.333333 0.093600
0.265000 0.165802 0.333333 0.093600
0.266000 0.164334 0.333333 0.093600
0.267000 0.162873 0.333333 0.093600
0.268000 0.161420 0.333333 0.093600
0.269000 0.159974 0.333333 0.093600
0.270000 0.158535 0.333333 0.093600
0.271000 0.157104 0.333333 0.093600
0.272000 0.155680 0.333333 0.093600
0.273000 0.154263 0.333333 0.093600
0.274000 0.152854 0.333333 0.093600
0.275000 0.151452 0.333333 0.093600
0.276000 0.150057 0.333333 0.093600
0.277000 0.148669 0.333333 0.093600
0.278000 0.147289 0.333333 0.093600
0.279000 0.145915 0.333333 0.093600
0.280000 0.144549 0.333333 0.093600
0.281000 0.143190 0.333333 0.093600
0.282000 0.141838 0.333333 0.093600
0.283000 0.140494 0.333333 0.093600
0.284000 0.139156 0.333333 0.093600
0.285000 0.137825 0.333333 0.093600
0.286000 0.136502 0.333333 0.093600
0.287000 0.135186 0.333333 0.093600
0.288000 0.133876 0.333333 0.093600
0.289000 0.132574 0.333333 0.093600
0.290000 0.131279 0.333333 0.093600
0.291000 0.129990 0.333333 0.093600
0.292000 0.128709 0.333333 0.093600
0.293000 0.127435 0.333333 0.093600
0.294000 0.126168 0.333333 0.093600
0.295000 0.124907 0.333333 0.093600
0.296000 0.123654 0.333333 0.093600
0.297000 0.122407 0.333333 0.093600
0.298000 0.121168 0.333333 0.093600
0.299000 0.119935 0.333333 0.093600
0.300000 0.118709 0.333333 0.093600
0.301000 0.117490 0.333333 0.093600
0.302000 0.116278 0.333333 0.093600
0.303000 0.115073 0.333333 0.093600
0.304000 0.113874 0.333333 0.093600
0.305000 0.112683 0.333333 0.093600
0.306000 0.111498 0.333333 0.093600
0.307000 0.110320 0.333333 0.093600
0.308000 0.109149 0.333333 0.093600
0.309000 0.107984 0.333333 0.093600
0.310000 0.106827 0.333333 0.093600
0.311000 0.105676 0.333333 0.093600
0.312000 0.104531 0.333333 0.093600
0.313000 0.103394 0.333333 0.093600
0.314000 0.102263 0.333333 0.093600
0.315000 0.101139 0.333333 0.093600
0.316000 0.100022 0.333333 0.093600
0.317000 0.098911 0.333333 0.093600
0.318000 0.097807 0.333333 0.093600
0.319000 0.096709 0.333333 0.093600
0.320000 0.095619 0.333333 0.093600
0.321000 0.094534 0.333333 0.093600
0.322000 0.093457 0.333333 0.093600
0.323000 0.092386 0.333333 0.093600
0.324000 0.091322 0.333333 0.093600
0.325000 0.090264 0.333333 0.093600
0.326000 0.089213 0.333333 0.093600
0.327000 0.088168 0.333333 0.093600
0.328000 0.087130 0.333333 0.093600
0.329000 0.086099 0.333333 0.093600
0.330000 0.085074 0.333333 0.093600
0.331000 0.084055 0.333333 0.093600
0.332000 0.083043 0.333333 0.093600
0.333000 0.082038 0.333333 0.093600
0.334000 0.081039 0.333333 0.093600
0.335000 0.080047 0.333333 0.093600
0.336000 0.079061 0.333333 0.093600
0.337000 0.078081 0.333333 0.093600
0.338000 0.077108 0.333333 0.093600
0.339000 0.076141 0.333333 0.093600
0.340000 0.075181 0.333333 0.093600
0.341000 0.074228 0.333333 0.093600
0.342000 0.073280 0.333333 0.093600
0.343000 0.072339 0.333333 0.093600
0.344000 0.071405 0.333333 0.093600
0.345000 0.070477 0.333333 0.093600
0.346000 0.069555 0.333333 0.093600
0.347000 0.068640 0.333333 0.093600
0.348000 0.067731 0.333333 0.093600
0.349000 0.066828 0.333333 0.093600
0.350000 0.065932 0.333333 0.093600
0.351000 0.065042 0.333333 0.093600
0.352000 0.064158 0.333333 0.093600
0.353000 0.063281 0.333333 0.093600
0.354000 0.062410 0.333333 0.093600
0.355000 0.061546 0.333333 0.093600
0.356000 0.060687 0.333333 0.093600
0.357000 0.059835 0.333333 0.093600
0.358000 0.058989 0.333333 0.093600
0.359000 0.058150 0.333333 0.093600
0.360000 0.057317 0.333333 0.093600
0.361000 0.056490 0.333333 0.093600
0.362000 0.055669 0.333333 0.093600
0.363000 0.054855 0.333333 0.093600
0.364000 0.054047 0.333333 0.093600
0.365000 0.053245 0.333333 0.093600
0.366000 0.052449 0.333333 0.093600
0.367000 0.051659 0.333333 0.093600
0.368000 0.050876 0.333333 0.093600
0.369000 0.050099 0.333333 0.093600
0.370000 0.049328 0.333333 0.093600
0.371000 0.048563 0.333333 0.093600
0.372000 0.047805 0.333333 0.093600
0.373000 0.047052 0.333333 0.093600
0.374000 0.046306 0.333333 0.093600
0.375000 0.045566 0.333333 0.093600
0.376000 0.044832 0.333333 0.093600
0.377000 0.044104 0.333333 0.093600
0.378000 0.043383 0.333333 0.093600
0.379000 0.042667 0.333333 0.093600
0.380000 0.041958 0.333333 0.093600
0.381000 0.041255 0.333333 0.093600
0.382000 0.040558 0.333333 0.093600
0.383000 0.039867 0.333333 0.093600
0.384000 0.039182 0.333333 0.093600
0.385000 0.038503 0.333333 0.093600
0.386000 0.037830 0.333333 0.093600
0.387000 0.037164 0.333333 0.093600
0.388000 0.036503 0.333333 0.093600
0.389000 0.035849 0.333333 0.093600
0.390000 0.035200 0.333333 0.093600
0.391000 0.034558 0.333333 0.093600
0.392000 0.033922 0.333333 0.093600
0.393000 0.033292 0.333333 0.093600
0.394000 0.032668 0.333333 0.093600
0.395000 0.032049 0.333333 0.093600
0.396000 0.031437 0.333333 0.093600
0.397000 0.030831 0.333333 0.093600
0.398000 0.030231 0.333333 0.093600
0.399000 0.029637 0.333333 0.093600
0.400000 0.029049 0.333333 0.093600
0.401000 0.028467 0.333333 0.093600
0.402000 0.027891 0.333333 0.093600
0.403000 0.027322 0.333333 0.093600
0.404000 0.026758 0.333333 0.093600
0.405000 0.026200 0.333333 0.093600
0.406000 0.025648 0.333333 0.093600
0.407000 0.025102 0.333333 0.093600
0.408000 0.024562 0.333333 0.093600
0.409000 0.024028 0.333333 0.093600
0.410000 0.023500 0.333333 0.093600
0.411000 0.022977 0.333333 0.093600
0.412000 0.022461 0.333333 0.093600
0.413000 0.021951 0.333333 0.093600
0.414000 0.021447 0.333333 0.093600
0.415000 0.020949 0.333333 0.093600
0.416000 0.020456 0.333333 0.093600
0.417000 0.019970 0.333333 0.093600
0.418000 0.019489 0.333333 0.093600
0.419000 0.019015 0.333333 0.093600
0.420000 0.018546 0.333333 0.093600
0.421000 0.018083 0.333333 0.093600
0.422000 0.017627 0.333333 0.093600
0.423000 0.017176 0.333333 0.093600
0.424000 0.016731 0.333333 0.093600
0.425000 0.016292 0.333333 0.093600
0.426000 0.015859 0.333333 0.093600
0.427000 0.015431 0.333333 0.093600
0.428000 0.015010 0.333333 0.093600
0.429000 0.014595 0.333333 0.093600
0.430000 0.014185 0.333333 0.093600
0.431000 0.013781 0.333333 0.093600
0.432000 0.013383 0.333333 0.093600
0.433000 0.012992 0.333333 0.093600
0.434000 0.012606 0.333333 0.093600
0.435000 0.012225 0.333333 0.093600
0.436000 0.011851 0.333333 0.093600
0.437000 0.011483 0.333333 0.093600
0.438000 0.011120 0.333333 0.093600
0.439000 0.010763 0.333333 0.093600
0.440000 0.010412 0.333333 0.093600
0.441000 0.010067 0.333333 0.093600
0.442000 0.009728 0.333333 0.093600
0.443000 0.009395 0.333333 0.093600
0.444000 0.009068 0.333333 0.093600
0.445000 0.008746 0.333333 0.093600
0.446000 0.008430 0.333333 0.093600
0.447000 0.008120 0.333333 0.093600
0.448000 0.007816 0.333333 0.093600
0.449000 0.007518 0.333333 0.093600
0.450000 0.007226 0.333333 0.093600
0.451000 0.006939 0.333333 0.093600
0.452000 0.006658 0.333333 0.093600
0.453000 0.006383 0.333333 0.093600
0.454000 0.006114 0.333333 0.093600
0.455000 0.005851 0.333333 0.093600
0.456000 0.005593 0.333333 0.093600
0.457000 0.005342 0.333333 0.093600
0.458000 0.005096 0.333333 0.093600
0.459000 0.004856 0.333333 0.093600
0.460000 0.004622 0.333333 0.093600
0.461000 0.004393 0.333333 0.093600
0.462000 0.004171 0.333333 0.093600
0.463000 0.003954 0.333333 0.093600
0.464000 0.003743 0.333333 0.093600
0.465000 0.003537 0.333333 0.093600
0.466000 0.003338 0.333333 0.093600
0.467000 0.003144 0.333333 0.093600
0.468000 0.002957 0.333333 0.093600
0.469000 0.002775 0.333333 0.093600
0.470000 0.002598 0.333333 0.093600
0.471000 0.002428 0.333333 0.093600
0.472000 0.002263 0.333333 0.093600
0.473000 0.002104 0.333333 0.093600
0.474000 0.001951 0.333333 0.093600
0.475000 0.001804 0.333333 0.093600
0.476000 0.001663 0.333333 0.093600
0.477000 0.001527 0.333333 0.093600
0.478000 0.001397 0.333333 0.093600
0.479000 0.001273 0.333333 0.093600
0.480000 0.001154 0.333333 0.093600
0.481000 0.001042 0.333333 0.093600
0.482000 0.000935 0.333333 0.093600
0.483000 0.000834 0.333333 0.093600
0.484000 0.000739 0.333333 0.093600
0.485000 0.000649 0.333333 0.093600
0.486000 0.000566 0.333333 0.093600
0.487000 0.000488 0.333333 0.093600
0.488000 0.000416 0.333333 0.093600
0.489000 0.000349 0.333333 0.093600
0.490000 0.000289 0.333333 0.093600
0.491000 0.000234 0.333333 0.093600
0.492000 0.000185 0.333333 0.093600
0.493000 0.000141 0.333333 0.093600
0.494000 0.000104 0.333333 0.093600
0.495000 0.000072 0.333333 0.093600
0.496000 0.000046 0.333333 0.093600
0.497000 0.000026 0.333333 0.093600
0.498000 0.000012 0.333333 0.093600
0.499000 0.000003 0.333333 0.093600
0.500000 0.000000 0.333333 0.093600
0.501000 0.000003 0.333333 0.093600
0.502000 0.000012 0.333333 0.093600
0.503000 0.000026 0.333333 0.093600
0.504000 0.000046 0.333333 0.093600
0.505000 0.000072 0.333333 0.093600
0.506000 0.000104 0.333333 0.093600
0.507000 0.000141 0.333333 0.093600
0.508000 0.000185 0.333333 0.093600
0.509000 0.000234 0.333333 0.093600
0.510000 0.000289 0.333333 0.093600
0.511000 0.000349 0.333333 0.093600
0.512000 0.000416 0.333333 0.093600
0.513000 0.000488 0.333333 0.093600
0.514000 0.000566 0.333333 0.093600
0.515000 0.000649 0.333333 0.093600
0.516000 0.000739 0.333333 0.093600
0.517000 0.000834 0.333333 0.093600
0.518000 0.000935 0.333333 0.093600
0.519000 0.001042 0.333333 0.093600
0.520000 0.001154 0.333333 0.093600
0.521000 0.001273 0.333333 0.093600
0.522000 0.001397 0.333333 0.093600
0.523000 0.001527 0.333333 0.093600
0.524000 0.001663 0.333333 0.093600
0.525000 0.001804 0.333333 0.093600
0.526000 0.001951 0.333333 0.093600
0.527000 0.002104 0.333333 0.093600
0.528000 0.002263 0.333333 0.093600
0.529000 0.002428 0.333333 0.093600
0.530000 0.002598 0.333333 0.093600
0.531000 0.002775 0.333333 0.093600
0.532000 0.002957 0.333333 0.093600
0.533000 0.003144 0.333333 0.093600
0.534000 0.003338 0.333333 0.093600
0.535000 0.003537 0.333333 0.093600
0.536000 0.003743 0.333333 0.093600
0.537000 0.003954 0.333333 0.093600
0.538000 0.004171 0.333333 0.093600
0.539000 0.004393 0.333333 0.093600
0.540000 0.004622 0.333333 0.093600
0.541000 0.004856 0.333333 0.093600
0.542000 0.005096 0.333333 0.093600
0.543000 0.005342 0.333333 0.093600
0.544000 0.005593 0.333333 0.093600
0.545000 0.005851 0.333333 0.093600
0.546000 0.006114 0.333333 0.093600
0.547000 0.006383 0.333333 0.093600
0.548000 0.006658 0.333333 0.093600
0.549000 0.006939 0.333333 0.093600
0.550000 0.007226 0.333333 0.093600
0.551000 0.007518 0.333333 0.093600
0.552000 0.007816 0.333333 0.093600
0.553000 0.008120 0.333333 0.093600
0.554000 0.008430 0.333333 0.093600
0.555000 0.008746 0.333333 0.093600
0.556000 0.009068 0.333333 0.093600
0.557000 0.009395 0.333333 0.093600
0.558000 0.009728 0.333333 0.093600
0.559000 0.010067 0.333333 0.093600
0.560000 0.010412 0.333333 0.093600
0.561000 0.010763 0.333333 0.093600
0.562000 0.011120 0.333333 0.093600
0.563000 0.011483 0.333333 0.093600
0.564000 0.011851 0.333333 0.093600
0.565000 0.012225 0.333333 0.093600
0.566000 0.012606 0.333333 0.093600
0.567000 0.012992 0.333333 0.093600
0.568000 0.013383 0.333333 0.093600
0.569000 0.013781 0.333333 0.093600
0.570000 0.014185 0.333333 0.093600
0.571000 0.014595 0.333333 0.093600
0.572000 0.015010 0.333333 0.093600
0.573000 0.015431 0.333333 0.093600
0.574000 0.015859 0.333333 0.093600
0.575000 0.016292 0.333333 0.093600
0.576000 0.016731 0.333333 0.093600
0.577000 0.017176 0.333333 0.093600
0.578000 0.017627 0.333333 0.093600
0.579000 0.018083 0.333333 0.093600
0.580000 0.018546 0.333333 0.093600
0.581000 0.019015 0.333333 0.093600
0.582000 0.019489 0.333333 0.093600
0.583000 0.019970 0.333333 0.093600
0.584000 0.020456 0.333333 0.093600
0.585000 0.020949 0.333333 0.093600
0.586000 0.021447 0.333333 0.093600
0.587000 0.021951 0.333333 0.093600
0.588000 0.022461 0.333333 0.093600
0.589000 0.022977 0.333333 0.093600
0.590000 0.023500 0.333333 0.093600
0.591000 0.024028 0.333333 0.093600
0.592000 0.024562 0.333333 0.093600
0.593000 0.025102 0.333333 0.093600
0.594000 0.025648 0.333333 0.093600
0.595000 0.026200 0.333333 0.093600
0.596000 0.026758 0.333333 0.093600
0.597000 0.027322 0.333333 0.093600
0.598000 0.027891 0.333333 0.093600
0.599000 0.028467 0.333333 0.093600
0.600000 0.029049 0.333333 0.093600
0.601000 0.029637 0.333333 0.093600
0.602000 0.030231 0.333333 0.093600
0.603000 0.030831 0.333333 0.093600
0.604000 0.031437 0.333333 0.093600
0.605000 0.032049 0.333333 0.093600
0.606000 0.032668 0.333333 0.093600
0.607000 0.033292 0.333333 0.093600
0.608000 0.033922 0.333333 0.093600
0.609000 0.034558 0.333333 0.093600
0.610000 0.035200 0.333333 0.093600
0.611000 0.035849 0.333333 0.093600
0.612000 0.036503 0.333333 0.093600
0.613000 0.037164 0.333333 0.093600
0.614000 0.037830 0.333333 0.093600
0.615000 0.038503 0.333333 0.093600
0.616000 0.039182 0.333333 0.093600
0.617000 0.039867 0.333333 0.093600
0.618000 0.040558 0.333333 0.093600
0.619000 0.041255 0.333333 0.093600
0.620000 0.041958 0.333333 0.093600
0.621000 0.042667 0.333333 0.093600
0.622000 0.043383 0.333333 0.093600
0.623000 0.044104 0.333333 0.093600
0.624000 0.044832 0.333333 0.093600
0.625000 0.045566 0.333333 0.093600
0.626000 0.046306 0.333333 0.093600
0.627000 0.047052 0.333333 0.093600
0.628000 0.047805 0.333333 0.093600
0.629000 0.048563 0.333333 0.093600
0.630000 0.049328 0.333333 0.093600
0.631000 0.050099 0.333333 0.093600
0.632000 0.050876 0.333333 0.093600
0.633000 0.051659 0.333333 0.093600
0.634000 0.052449 0.333333 0.093600
0.635000 0.053245 0.333333 0.093600
0.636000 0.054047 0.333333 0.093600
0.637000 0.054855 0.333333 0.093600
0.638000 0.055669 0.333333 0.093600
0.639000 0.056490 0.333333 0.093600
0.640000 0.057317 0.333333 0.093600
0.641000 0.058150 0.333333 0.093600
0.642000 0.058989 0.333333 0.093600
0.643000 0.059835 0.333333 0.093600
0.644000 0.060687 0.333333 0.093600
0.645000 0.061546 0.333333 0.093600
0.646000 0.062410 0.333333 0.093600
0.647000 0.063281 0.333333 0.093600
0.648000 0.064158 0.333333 0.093600
0.649000 0.065042 0.333333 0.093600
0.650000 0.065932 0.333333 0.093600
0.651000 0.066828 0.333333 0.093600
0.652000 0.067731 0.333333 0.093600
0.653000 0.068640 0.333333 0.093600
0.654000 0.069555 0.333333 0.093600
0.655000 0.070477 0.333333 0.093600
0.656000 0.071405 0.333333 0.093600
0.657000 0.072339 0.333333 0.093600
0.658000 0.073280 0.333333 0.093600
0.659000 0.074228 0.333333 0.093600
0.660000 0.075181 0.333333 0.093600
0.661000 0.076141 0.333333 0.093600
0.662000 0.077108 0.333333 0.093600
0.663000 0.078081 0.333333 0.093600
0.664000 0.079061 0.333333 0.093600
0.665000 0.080047 0.333333 0.093600
0.666000 0.081039 0.333333 0.093600
0.667000 0.082038 0.333333 0.093600
0.668000 0.083043 0.333333 0.093600
0.669000 0.084055 0.333333 0.093600
0.670000 0.085074 0.333333 0.093600
0.671000 0.086099 0.333333 0.093600
0.672000 0.087130 0.333333 0.093600
0.673000 0.088168 0.333333 0.093600
0.674000 0.089213 0.333333 0.093600
0.675000 0.090264 0.333333 0.093600
0.676000 0.091322 0.333333 0.093600
0.677000 0.092386 0.333333 0.093600
0.678000 0.093457 0.333333 0.093600
0.679000 0.094534 0.333333 0.093600
0.680000 0.095619 0.333333 0.093600
0.681000 0.096709 0.333333 0.093600
0.682000 0.097807 0.333333 0.093600
0.683000 0.098911 0.333333 0.093600
0.684000 0.100022 0.333333 0.093600
0.685000 0.101139 0.333333 0.093600
0.686000 0.102263 0.333333 0.093600
0.687000 0.103394 0.333333 0.093600
0.688000 0.104531 0.333333 0.093600
0.689000 0.105676 0.333333 0.093600
0.690000 0.106827 0.333333 0.093600
0.691000 0.107984 0.333333 0.093600
0.692000 0.109149 0.333333 0.093600
0.693000 0.110320 0.333333 0.093600
0.694000 0.111498 0.333333 0.093600
0.695000 0.112683 0.333333 0.093600
0.696000 0.113874 0.333333 0.093600
0.697000 0.115073 0.333333 0.093600
0.698000 0.116278 0.333333 0.093600
0.699000 0.117490 0.333333 0.093600
0.700000 0.118709 0.333333 0.093600
0.701000 0.119935 0.333333 0.093600
0.702000 0.121168 0.333333 0.093600
0.703000 0.122407 0.333333 0.093600
0.704000 0.123654 0.333333 0.093600
0.705000 0.124907 0.333333 0.093600
0.706000 0.126168 0.333333 0.093600
0.707000 0.127435 0.333333 0.093600
0.708000 0.128709 0.333333 0.093600
0.709000 0.129990 0.333333 0.093600
0.710000 0.131279 0.333333 0.093600
0.711000 0.132574 0.333333 0.093600
0.712000 0.133876 0.333333 0.093600
0.713000 0.135186 0.333333 0.093600
0.714000 0.136502 0.333333 0.093600
0.715000 0.137825 0.333333 0.093600
0.716000 0.139156 0.333333 0.093600
0.717000 0.140494 0.333333 0.093600
0.718000 0.141838 0.333333 0.093600
0.719000 0.143190 0.333333 0.093600
0.720000 0.144549 0.333333 0.093600
0.721000 0.145915 0.333333 0.093600
0.722000 0.147289 0.333333 0.093600
0.723000 0.148669 0.333333 0.093600
0.724000 0.150057 0.333333 0.093600
0.725000 0.151452 0.333333 0.093600
0.726000 0.152854 0.333333 0.093600
0.727000 0.154263 0.333333 0.093600
0.728000 0.155680 0.333333 0.093600
0.729000 0.157104 0.333333 0.093600
0.730000 0.158535 0.333333 0.093600
0.731000 0.159974 0.333333 0.093600
0.732000 0.161420 0.333333 0.093600
0.733000 0.162873 0.333333 0.093600
0.734000 0.164334 0.333333 0.093600
0.735000 0.165802 0.333333 0.093600
0.736000 0.167277 0.333333 0.093600
0.737000 0.168760 0.333333 0.093600
0.738000 0.170251 0.333333 0.093600
0.739000 0.171748 0.333333 0.093600
0.740000 0.173254 0.333333 0.093600
0.741000 0.174766 0.333333 0.093600
0.742000 0.176287 0.333333 0.093600
0.743000 0.177814 0.333333 0.093600
0.744000 0.179350 0.333333 0.093600
0.745000 0.180893 0.333333 0.093600
0.746000 0.182443 0.333333 0.093600
0.747000 0.184002 0.333333 0.093600
0.748000 0.185567 0.333333 0.093600
0.749000 0.187141 0.333333 0.093600
0.750000 0.188722 0.333333 0.093600
0.751000 0.190311 0.333333 0.093600
0.752000 0.191907 0.333333 0.093600
0.753000 0.193511 0.333333 0.093600
0.754000 0.195124 0.333333 0.093600
0.755000 0.196743 0.333333 0.093600
0.756000 0.198371 0.333333 0.093600
0.757000 0.200006 0.333333 0.093600
0.758000 0.201650 0.333333 0.093600
0.759000 0.203301 0.333333 0.093600
0.760000 0.204960 0.333333 0.093600
0.761000 0.206627 0.333333 0.093600
0.762000 0.208301 0.333333 0.093600
0.763000 0.209984 0.333333 0.093600
0.764000 0.211675 0.333333 0.093600
0.765000 0.213374 0.333333 0.093600
0.766000 0.215081 0.333333 0.093600
0.767000 0.216796 0.333333 0.093600
0.768000 0.218519 0.333333 0.093600
0.769000 0.220250 0.333333 0.093600
0.770000 0.221989 0.333333 0.093600
0.771000 0.223736 0.333333 0.093600
0.772000 0.225491 0.333333 0.093600
0.773000 0.227255 0.333333 0.093600
0.774000 0.229027 0.333333 0.093600
0.775000 0.230807 0.333333 0.093600
0.776000 0.232596 0.333333 0.093600
0.777000 0.234392 0.333333 0.093600
0.778000 0.236197 0.333333 0.093600
0.779000 0.238011 0.333333 0.093600
0.780000 0.239832 0.333333 0.093600
0.781000 0.241663 0.333333 0.093600
0.782000 0.243501 0.333333 0.093600
0.783000 0.245348 0.333333 0.093600
0.784000 0.247204 0.333333 0.093600
0.785000 0.249068 0.333333 0.093600
0.786000 0.250941 0.333333 0.093600
0.787000 0.252822 0.333333 0.093600
0.788000 0.254712 0.333333 0.093600
0.789000 0.256610 0.333333 0.093600
0.790000 0.258517 0.333333 0.093600
0.791000 0.260433 0.333333 0.093600
0.792000 0.262358 0.333333 0.093600
0.793000 0.264291 0.333333 0.093600
0.794000 0.266233 0.333333 0.093600
0.795000 0.268184 0.333333 0.093600
0.796000 0.270144 0.333333 0.093600
0.797000 0.272112 0.333333 0.093600
0.798000 0.274090 0.333333 0.093600
0.799000 0.276076 0.333333 0.093600
0.800000 0.278072 0.333333 0.093600
0.801000 0.280076 0.333333 0.093600
0.802000 0.282090 0.333333 0.093600
0.803000 0.284113 0.333333 0.093600
0.804000 0.286144 0.333333 0.093600
0.805000 0.288185 0.333333 0.093600
0.806000 0.290235 0.333333 0.093600
0.807000 0.292295 0.333333 0.093600
0.808000 0.294363 0.333333 0.093600
0.809000 0.296441 0.333333 0.093600
0.810000 0.298529 0.333333 0.093600
0.811000 0.300625 0.333333 0.093600
0.812000 0.302731 0.333333 0.093600
0.813000 0.304847 0.333333 0.093600
0.814000 0.306972 0.333333 0.093600
0.815000 0.309106 0.333333 0.093600
0.816000 0.311250 0.333333 0.093600
0.817000 0.313404 0.333333 0.093600
0.818000 0.315567 0.333333 0.093600
0.819000 0.317740 0.333333 0.093600
0.820000 0.319923 0.333333 0.093600
0.821000 0.322115 0.333333 0.093600
0.822000 0.324318 0.333333 0.093600
0.823000 0.326530 0.333333 0.093600
0.824000 0.328752 0.333333 0.093600
0.825000 0.330984 0.333333 0.093600
0.826000 0.333226 0.333333 0.093600
0.827000 0.335478 0.333333 0.093600
0.828000 0.337740 0.333333 0.093600
0.829000 0.340013 0.333333 0.093600
0.830000 0.342295 0.333333 0.093600
0.831000 0.344588 0.333333 0.093600
0.832000 0.346891 0.333333 0.093600
0.833000 0.349204 0.333333 0.093600
0.834000 0.351528 0.333333 0.093600
0.835000 0.353862 0.333333 0.093600
0.836000 0.356206 0.333333 0.093600
0.837000 0.358562 0.333333 0.093600
0.838000 0.360927 0.333333 0.093600
0.839000 0.363303 0.333333 0.093600
0.840000 0.365690 0.333333 0.093600
0.841000 0.368088 0.333333 0.093600
0.842000 0.370497 0.333333 0.093600
0.843000 0.372916 0.333333 0.093600
0.844000 0.375346 0.333333 0.093600
0.845000 0.377787 0.333333 0.093600
0.846000 0.380240 0.333333 0.093600
0.847000 0.382703 0.333333 0.093600
0.848000 0.385177 0.333333 0.093600
0.849000 0.387663 0.333333 0.093600
0.850000 0.390160 0.333333 0.093600
0.851000 0.392668 0.333333 0.093600
0.852000 0.395187 0.333333 0.093600
0.853000 0.397718 0.333333 0.093600
0.854000 0.400261 0.333333 0.093600
0.855000 0.402815 0.333333 0.093600
0.856000 0.405381 0.333333 0.093600
0.857000 0.407958 0.333333 0.093600
0.858000 0.410547 0.333333 0.093600
0.859000 0.413148 0.333333 0.093600
0.860000 0.415761 0.333333 0.093600
0.861000 0.418386 0.333333 0.093600
0.862000 0.421023 0.333333 0.093600
0.863000 0.423672 0.333333 0.093600
0.864000 0.426333 0.333333 0.093600
0.865000 0.429007 0.333333 0.093600
0.866000 0.431693 0.333333 0.093600
0.867000 0.434391 0.333333 0.093600
0.868000 0.437102 0.333333 0.093600
0.869000 0.439826 0.333333 0.093600
0.870000 0.442562 0.333333 0.093600
0.871000 0.445311 0.333333 0.093600
0.872000 0.448072 0.333333 0.093600
0.873000 0.450847 0.333333 0.093600
0.874000 0.453635 0.333333 0.093600
0.875000 0.456436 0.333333 0.093600
0.876000 0.459250 0.333333 0.093600
0.877000 0.462077 0.333333 0.093600
0.878000 0.464917 0.333333 0.093600
0.879000 0.467771 0.333333 0.093600
0.880000 0.470639 0.333333 0.093600
0.881000 0.473520 0.333333 0.093600
0.882000 0.476416 0.333333 0.093600
0.883000 0.479324 0.333333 0.093600
0.884000 0.482247 0.333333 0.093600
0.885000 0.485184 0.333333 0.093600
0.886000 0.488135 0.333333 0.093600
0.887000 0.491101 0.333333 0.093600
0.888000 0.494081 0.333333 0.093600
0.889000 0.497075 0.333333 0.093600
0.890000 0.500084 0.333333 0.093600
0.891000 0.503108 0.333333 0.093600
0.892000 0.506146 0.333333 0.093600
0.893000 0.509200 0.333333 0.093600
0.894000 0.512268 0.333333 0.093600
0.895000 0.515352 0.333333 0.093600
0.896000 0.518451 0.333333 0.093600
0.897000 0.521566 0.333333 0.093600
0.898000 0.524696 0.333333 0.093600
0.899000 0.527842 0.333333 0.093600
0.900000 0.531004 0.333333 0.093600
0.901000 0.534182 0.333333 0.093600
0.902000 0.537377 0.333333 0.093600
0.903000 0.540587 0.333333 0.093600
0.904000 0.543814 0.333333 0.093600
0.905000 0.547057 0.333333 0.093600
0.906000 0.550318 0.333333 0.093600
0.907000 0.553595 0.333333 0.093600
0.908000 0.556889 0.333333 0.093600
0.909000 0.560201 0.333333 0.093600
0.910000 0.563530 0.333333 0.093600
0.911000 0.566877 0.333333 0.093600
0.912000 0.570241 0.333333 0.093600
0.913000 0.573624 0.333333 0.093600
0.914000 0.577025 0.333333 0.093600
0.915000 0.580444 0.333333 0.093600
0.916000 0.583881 0.333333 0.093600
0.917000 0.587337 0.333333 0.093600
0.918000 0.590813 0.333333 0.093600
0.919000 0.594307 0.333333 0.093600
0.920000 0.597821 0.333333 0.093600
0.921000 0.601354 0.333333 0.093600
0.922000 0.604907 0.333333 0.093600
0.923000 0.608481 0.333333 0.093600
0.924000 0.612074 0.333333 0.093600
0.925000 0.615688 0.333333 0.093600
0.926000 0.619323 0.333333 0.093600
0.927000 0.622979 0.333333 0.093600
0.928000 0.626657 0.333333 0.093600
0.929000 0.630356 0.333333 0.093600
0.930000 0.634076 0.333333 0.093600
0.931000 0.637819 0.333333 0.093600
0.932000 0.641585 0.333333 0.093600
0.933000 0.645373 0.333333 0.093600
0.934000 0.649184 0.333333 0.093600
0.935000 0.653019 0.333333 0.093600
0.936000 0.656877 0.333333 0.093600
0.937000 0.660760 0.333333 0.093600
0.938000 0.664666 0.333333 0.093600
0.939000 0.668598 0.333333 0.093600
0.940000 0.672555 0.333333 0.093600
0.941000 0.676538 0.333333 0.093600
0.942000 0.680546 0.333333 0.093600
0.943000 0.684581 0.333333 0.093600
0.944000 0.688643 0.333333 0.093600
0.945000 0.692732 0.333333 0.093600
0.946000 0.696848 0.333333 0.093600
0.947000 0.700993 0.333333 0.093600
0.948000 0.705167 0.333333 0.093600
0.949000 0.709370 0.333333 0.093600
0.950000 0.713603 0.333333 0.093600
0.951000 0.717866 0.333333 0.093600
0.952000 0.722160 0.333333 0.093600
0.953000 0.726486 0.333333 0.093600
0.954000 0.730844 0.333333 0.093600
0.955000 0.735235 0.333333 0.093600
0.956000 0.739659 0.333333 0.093600
0.957000 0.744118 0.333333 0.093600
0.958000 0.748612 0.333333 0.093600
0.959000 0.753141 0.333333 0.093600
0.960000 0.757708 0.333333 0.093600
0.961000 0.762312 0.333333 0.093600
0.962000 0.766954 0.333333 0.093600
0.963000 0.771636 0.333333 0.093600
0.964000 0.776358 0.333333 0.093600
0.965000 0.781122 0.333333 0.093600
0.966000 0.785929 0.333333 0.093600
0.967000 0.790780 0.333333 0.093600
0.968000 0.795675 0.333333 0.093600
0.969000 0.800618 0.333333 0.093600
0.970000 0.805608 0.333333 0.093600
0.971000 0.810648 0.333333 0.093600
0.972000 0.815739 0.333333 0.093600
0.973000 0.820884 0.333333 0.093600
0.974000 0.826083 0.333333 0.093600
0.975000 0.831339 0.333333 0.093600
0.976000 0.836654 0.333333 0.093600
0.977000 0.842031 0.333333 0.093600
0.978000 0.847473 0.333333 0.093600
0.979000 0.852981 0.333333 0.093600
0.980000 0.858559 0.333333 0.093600
0.981000 0.864212 0.333333 0.093600
0.982000 0.869941 0.333333 0.093600
0.983000 0.875752 0.333333 0.093600
0.984000 0.881650 0.333333 0.093600
0.985000 0.887639 0.333333 0.093600
0.986000 0.893726 0.333333 0.093600
0.987000 0.899918 0.333333 0.093600
0.988000 0.906222 0.333333 0.093600
0.989000 0.912648 0.333333 0.093600
0.990000 0.919207 0.333333 0.093600
0.991000 0.925912 0.333333 0.093600
0.992000 0.932778 0.333333 0.093600
0.993000 0.939828 0.333333 0.093600
0.994000 0.947085 0.333333 0.093600
0.995000 0.954585 0.333333 0.093600
0.996000 0.962378 0.333333 0.093600
0.997000 0.970536 0.333333 0.093600
0.998000 0.979186 0.333333 0.093600
0.999000 0.988592 0.333333 0.093600
