0.000000 0.000000 0.110000 112.640000 9.99511599482467261168495E-01 3.19843711834389523573918E+01 
0.002500 0.005000 0.110000 112.640000 9.50716349697469986779197E-01 3.04229231903190395769343E+01 
0.005000 0.010000 0.110000 112.640000 9.04300536080202110866821E-01 2.89376171545664675477383E+01 
0.007500 0.015000 0.110000 112.640000 8.60149917682963893739156E-01 2.75247973658548445996530E+01 
0.010000 0.020000 0.110000 112.640000 8.18155589271049810129455E-01 2.61809788566735939241426E+01 
0.012500 0.025000 0.110000 112.640000 7.78213741028561667434360E-01 2.49028397129139733578995E+01 
0.015000 0.030000 0.110000 112.640000 7.40225428610620350688976E-01 2.36872137155398512220472E+01 
0.017500 0.035000 0.110000 112.640000 7.04096353120915785517298E-01 2.25310832998693051365535E+01 
0.020000 0.040000 0.110000 112.640000 6.69736650609505601572380E-01 2.14315728195041792503162E+01 
0.022500 0.045000 0.110000 112.640000 6.37060690701179099804108E-01 2.03859421024377311937315E+01 
0.025000 0.050000 0.110000 112.640000 6.05986883979576784753363E-01 1.93915802873464571121076E+01 
0.027500 0.055000 0.110000 112.640000 5.76437497766604467486218E-01 1.84459999285313429595590E+01 
0.030000 0.060000 0.110000 112.640000 5.48338479950520540917580E-01 1.75468313584166573093626E+01 
0.032500 0.065000 0.110000 112.640000 5.21619290529444223913913E-01 1.66918172969422151652452E+01 
0.035000 0.070000 0.110000 112.640000 4.96212740549891173635899E-01 1.58788076975965175563488E+01 
0.037500 0.075000 0.110000 112.640000 4.72054838132384413373899E-01 1.51057548202363012279648E+01 
0.040000 0.080000 0.110000 112.640000 4.49084641288161112715471E-01 1.43707085212211556068951E+01 
0.042500 0.085000 0.110000 112.640000 4.27244117242543297585655E-01 1.36718117517613855227410E+01 
0.045000 0.090000 0.110000 112.640000 4.06478007991678047527984E-01 1.30072962557336975208955E+01 
0.047500 0.095000 0.110000 112.640000 3.86733701830083709261032E-01 1.23754784585626786963530E+01 
0.050000 0.100000 0.110000 112.640000 3.67961110596785268000986E-01 1.17747555390971285760315E+01 
0.052500 0.105000 0.110000 112.640000 3.50112552397787157865139E-01 1.12036016767291890516844E+01 
0.055000 0.110000 0.110000 112.640000 3.33142639572237497791463E-01 1.06605644663115999293268E+01 
0.057500 0.115000 0.110000 112.640000 3.17008171678897499035088E-01 1.01442614937247199691228E+01 
0.060000 0.120000 0.110000 112.640000 3.01668033288433168337406E-01 9.65337706522986138679698E+00 
0.062500 0.125000 0.110000 112.640000 2.87083096375644886144585E-01 9.18665908402063635662671E+00 
0.065000 0.130000 0.110000 112.640000 2.73216127114011386733949E-01 8.74291606764836437548638E+00 
0.067500 0.135000 0.110000 112.640000 2.60031696882893070821297E-01 8.32101430025257826628149E+00 
0.070000 0.140000 0.110000 112.640000 2.47496097305406032029751E-01 7.91987511377299302495203E+00 
0.072500 0.145000 0.110000 112.640000 2.35577259142359607402284E-01 7.53847229255550743687309E+00 
0.075000 0.150000 0.110000 112.640000 2.24244674874756882987370E-01 7.17582959599222025559584E+00 
0.077500 0.155000 0.110000 112.640000 2.13469324814200334117231E-01 6.83101839405441069175140E+00 
0.080000 0.160000 0.110000 112.640000 2.03223606587124433486835E-01 6.50315541078798187157872E+00 
0.082500 0.165000 0.110000 112.640000 1.93481267845114518477700E-01 6.19140057104366459128642E+00 
0.085000 0.170000 0.110000 112.640000 1.84217342059666916442850E-01 5.89495494590934132617122E+00 
0.087500 0.175000 0.110000 112.640000 1.75408087265609385907439E-01 5.61305879249950034903804E+00 
0.090000 0.180000 0.110000 112.640000 1.67030927623043029539573E-01 5.34498968393737694526635E+00 
0.092500 0.185000 0.110000 112.640000 1.59064397673093854690407E-01 5.09006072553900335009303E+00 
0.095000 0.190000 0.110000 112.640000 1.51488089167982287186476E-01 4.84761885337543318996723E+00 
0.097500 0.195000 0.110000 112.640000 1.44282600360935875372093E-01 4.61704321154994801190696E+00 
0.100000 0.200000 0.110000 112.640000 1.37429487646298836844849E-01 4.39774360468156277903518E+00 
0.102500 0.205000 0.110000 112.640000 1.30911219444830057012652E-01 4.18915902223456182440486E+00 
0.105000 0.210000 0.110000 112.640000 1.24711132233642885136504E-01 3.99075623147657232436814E+00 
0.107500 0.215000 0.110000 112.640000 1.18813388624524521319792E-01 3.80202843598478468223334E+00 
0.110000 0.220000 0.110000 112.640000 1.13202937398494171694630E-01 3.62249399675181349422814E+00 
0.112500 0.225000 0.110000 112.640000 1.07865475408415636970894E-01 3.45169521306930038306859E+00 
0.115000 0.230000 0.110000 112.640000 1.02787411265282610517424E-01 3.28919716048904353655757E+00 
0.117500 0.235000 0.110000 112.640000 9.79558307274479983517423E-02 3.13458658327833594725575E+00 
0.120000 0.240000 0.110000 112.640000 9.33584637155732560698240E-02 2.98747083889834419423437E+00 
0.122500 0.245000 0.110000 112.640000 8.89836528794419601151588E-02 2.84747689214214272368508E+00 
0.125000 0.250000 0.110000 112.640000 8.48203236460157300458107E-02 2.71425035667250336146594E+00 
0.127500 0.255000 0.110000 112.640000 8.08579556812068223070611E-02 2.58745458179861831382595E+00 
0.130000 0.260000 0.110000 112.640000 7.70865557008233032165734E-02 2.46676978242634570293035E+00 
0.132500 0.265000 0.110000 112.640000 7.34966315689932619958924E-02 2.35189221020778438386856E+00 
0.135000 0.270000 0.110000 112.640000 7.00791676251118350604585E-02 2.24253336400357872193467E+00 
0.137500 0.275000 0.110000 112.640000 6.68256011829800045109806E-02 2.13841923785536014435138E+00 
0.140000 0.280000 0.110000 112.640000 6.37278001483173317520681E-02 2.03928960474615461606618E+00 
0.142500 0.285000 0.110000 112.640000 6.07780417032398115328995E-02 1.94489733450367396905278E+00 
0.145000 0.290000 0.110000 112.640000 5.79689920086017829170544E-02 1.85500774427525705334574E+00 
0.147500 0.295000 0.110000 112.640000 5.52936868773104064911372E-02 1.76939798007393300771639E+00 
0.150000 0.300000 0.110000 112.640000 5.27455133738336107152023E-02 1.68785642796267554288647E+00 
0.152500 0.305000 0.110000 112.640000 5.03181922971482203932325E-02 1.61018215350874305258344E+00 
0.155000 0.310000 0.110000 112.640000 4.80057615063083226170093E-02 1.53618436820186632374430E+00 
0.157500 0.315000 0.110000 112.640000 4.58025600496642509851242E-02 1.46568192158925603152397E+00 
0.160000 0.320000 0.110000 112.640000 4.37032130605328958394828E-02 1.39850281793705266686345E+00 
0.162500 0.325000 0.110000 112.640000 4.17026173838077190980655E-02 1.33448375628184701113810E+00 
0.165000 0.330000 0.110000 112.640000 3.97959278996141627149363E-02 1.27346969278765320687796E+00 
0.167500 0.335000 0.110000 112.640000 3.79785445116554085109861E-02 1.21531342437297307235156E+00 
0.170000 0.340000 0.110000 112.640000 3.62460997693677816622326E-02 1.15987519261976901319144E+00 
0.172500 0.345000 0.110000 112.640000 3.45944470944086410191254E-02 1.10702230702107651261201E+00 
0.175000 0.350000 0.110000 112.640000 3.30196495833414913056991E-02 1.05662878666692772178237E+00 
0.177500 0.355000 0.110000 112.640000 3.15179693596618626383332E-02 1.00857501950917960442666E+00 
0.180000 0.360000 0.110000 112.640000 3.00858574495281513860867E-02 9.62747438384900844354775E-01 
0.182500 0.365000 0.110000 112.640000 2.87199441567252723717107E-02 9.19038213015208715894744E-01 
0.185000 0.370000 0.110000 112.640000 2.74170299134995111567381E-02 8.77344957231984357015619E-01 
0.187500 0.375000 0.110000 112.640000 2.61740765849611152493726E-02 8.37570450718755687979922E-01 
0.190000 0.380000 0.110000 112.640000 2.49881992057603835588608E-02 7.99622374584332273883547E-01 
0.192500 0.385000 0.110000 112.640000 2.38566581287066106775718E-02 7.63413060118611541682299E-01 
0.195000 0.390000 0.110000 112.640000 2.27768515659153812646931E-02 7.28859250109292200470179E-01 
0.197500 0.395000 0.110000 112.640000 2.17463085039468588532952E-02 6.95881872126299483305445E-01 
0.200000 0.400000 0.110000 112.640000 2.07626819752313243605535E-02 6.64405823207402379537712E-01 
0.202500 0.405000 0.110000 112.640000 1.98237426688752382819558E-02 6.34359765404007625022587E-01 
0.205000 0.410000 0.110000 112.640000 1.89273728647007220826648E-02 6.05675931670423106645273E-01 
0.207500 0.415000 0.110000 112.640000 1.80715606750963993232251E-02 5.78289941603084778343202E-01 
0.210000 0.420000 0.110000 112.640000 1.72543945799499276461120E-02 5.52140626558397684675583E-01 
0.212500 0.425000 0.110000 112.640000 1.64740582405926531961438E-02 5.27169863698964902276600E-01 
0.215000 0.430000 0.110000 112.640000 1.57288255793183832931259E-02 5.03322418538188265380029E-01 
0.217500 0.435000 0.110000 112.640000 1.50170561116408172314118E-02 4.80545795572506151405179E-01 
0.220000 0.440000 0.110000 112.640000 1.43371905190297962290336E-02 4.58790096608953479329074E-01 
0.222500 0.445000 0.110000 112.640000 1.36877464504173273346366E-02 4.38007886413354474708370E-01 
0.225000 0.450000 0.110000 112.640000 1.30673145412904152806721E-02 4.18154065321293288981508E-01 
0.227500 0.455000 0.110000 112.640000 1.24745546396908373043555E-02 3.99185748470106793739376E-01 
0.230000 0.460000 0.110000 112.640000 1.19081922289238292811397E-02 3.81062151325562536996472E-01 
0.232500 0.465000 0.110000 112.640000 1.13670150372375648728518E-02 3.63744481191602075931257E-01 
0.235000 0.470000 0.110000 112.640000 1.08498698251769665201749E-02 3.47195834405662928645597E-01 
0.237500 0.475000 0.110000 112.640000 1.03556593417365727649582E-02 3.31381098935570328478661E-01 
0.240000 0.480000 0.110000 112.640000 9.88333944084178635247628E-03 3.16266862106937163279241E-01 
0.242500 0.485000 0.110000 112.640000 9.43191635007442283344936E-03 3.01821323202381530670380E-01 
0.245000 0.490000 0.110000 112.640000 9.00044408392917591466009E-03 2.88014210685733629269123E-01 
0.247500 0.495000 0.110000 112.640000 8.58802199424238583980173E-03 2.74816703815756346873656E-01 
0.250000 0.500000 0.110000 112.640000 8.19379245077462084467790E-03 2.62201358424787867029693E-01 
0.252500 0.505000 0.110000 112.640000 7.81693864525423096067946E-03 2.50142036648135390741743E-01 
0.255000 0.510000 0.110000 112.640000 7.45668251250098616106365E-03 2.38613840400031557154037E-01 
0.257500 0.515000 0.110000 112.640000 7.11228276254789477245355E-03 2.27593048401532632718514E-01 
0.260000 0.520000 0.110000 112.640000 6.78303301796559076491944E-03 2.17057056574898904477422E-01 
0.262500 0.525000 0.110000 112.640000 6.46826005086790969261790E-03 2.06984321627773110163773E-01 
0.265000 0.530000 0.110000 112.640000 6.16732211434002555033862E-03 1.97354307658880817610836E-01 
0.267500 0.535000 0.110000 112.640000 5.87960736328207739936902E-03 1.88147435625026476779809E-01 
0.270000 0.540000 0.110000 112.640000 5.60453235990209831796083E-03 1.79345035516867146174746E-01 
0.272500 0.545000 0.110000 112.640000 5.34154065932278439288172E-03 1.70929301098329100572215E-01 
0.275000 0.550000 0.110000 112.640000 5.09010147098736681625653E-03 1.62883247071595738120209E-01 
0.277500 0.555000 0.110000 112.640000 4.84970839176125743247292E-03 1.55190668536360237839133E-01 
0.280000 0.560000 0.110000 112.640000 4.61987820682839989833157E-03 1.47836102618508796746610E-01 
0.282500 0.565000 0.110000 112.640000 4.40014975467469329761805E-03 1.40804792149590185523778E-01 
0.285000 0.570000 0.110000 112.640000 4.19008285263610703863524E-03 1.34082651284355425236328E-01 
0.287500 0.575000 0.110000 112.640000 3.98925727966611270991493E-03 1.27656232949315606717278E-01 
0.290000 0.580000 0.110000 112.640000 3.79727181314636497849735E-03 1.21512698020683679311915E-01 
0.292500 0.585000 0.110000 112.640000 3.61374331672661454339934E-03 1.15639786135251665388779E-01 
0.295000 0.590000 0.110000 112.640000 3.43830587633445769815688E-03 1.10025788042702646341020E-01 
0.297500 0.595000 0.110000 112.640000 3.27060998164365812970744E-03 1.04659519412597060150638E-01 
0.300000 0.600000 0.110000 112.640000 3.11032175043106417014482E-03 9.95302960137940534446344E-02 
0.302500 0.605000 0.110000 112.640000 2.95712219338734689719206E-03 9.46279101883951007101459E-02 
0.305000 0.610000 0.110000 112.640000 2.81070651707586915621362E-03 8.99426085464278129988358E-02 
0.307500 0.615000 0.110000 112.640000 2.67078346285736607443329E-03 8.54650708114357143818651E-02 
0.310000 0.620000 0.110000 112.640000 2.53707467971588150959517E-03 8.11863897509082083070453E-02 
0.312500 0.625000 0.110000 112.640000 2.40931412903399189834319E-03 7.70980521290877407469821E-02 
0.315000 0.630000 0.110000 112.640000 2.28724751947273789373649E-03 7.31919206231276125995677E-02 
0.317500 0.635000 0.110000 112.640000 2.17063177021430348326292E-03 6.94602166468577114644134E-02 
0.320000 0.640000 0.110000 112.640000 2.05923450092336621924938E-03 6.58955040295477190159801E-02 
0.322500 0.645000 0.110000 112.640000 1.95283354687652882693272E-03 6.24906735000489224618470E-02 
0.325000 0.650000 0.110000 112.640000 1.85121649779834696047942E-03 5.92389279295471027353415E-02 
0.327500 0.655000 0.110000 112.640000 1.75418025902751855034378E-03 5.61337682888805936110010E-02 
0.330000 0.660000 0.110000 112.640000 1.66153063371791303616531E-03 5.31689802789732171572901E-02 
0.332500 0.665000 0.110000 112.640000 1.57308192485628556799016E-03 5.03386215954011381756850E-02 
0.335000 0.670000 0.110000 112.640000 1.48865655595221144449902E-03 4.76370097904707662239687E-02 
0.337500 0.675000 0.110000 112.640000 1.40808470932576933025426E-03 4.50587106984246185681364E-02 
0.340000 0.680000 0.110000 112.640000 1.33120398098519020224639E-03 4.25985273915260864718846E-02 
0.342500 0.685000 0.110000 112.640000 1.25785905115003587319278E-03 4.02514896368011479421689E-02 
0.345000 0.690000 0.110000 112.640000 1.18790136953563743756057E-03 3.80128438251403980019383E-02 
0.347500 0.695000 0.110000 112.640000 1.12118885457165450188211E-03 3.58780433462929440602274E-02 
0.350000 0.700000 0.110000 112.640000 1.05758560578171406305059E-03 3.38427393850148500176189E-02 
0.352500 0.705000 0.110000 112.640000 9.96961628602320787742586E-04 3.19027721152742652077627E-02 
0.355000 0.710000 0.110000 112.640000 9.39192570967695150585541E-04 3.00541622709662448187373E-02 
0.357500 0.715000 0.110000 112.640000 8.84159471032878855646653E-04 2.82931030730521233806929E-02 
0.360000 0.720000 0.110000 112.640000 8.31748515450563734655032E-04 2.66159524944180395089610E-02 
0.362500 0.725000 0.110000 112.640000 7.81850807657641236683710E-04 2.50192258450445195738787E-02 
0.365000 0.730000 0.110000 112.640000 7.34362145665504086750053E-04 2.34995886612961307760017E-02 
0.367500 0.735000 0.110000 112.640000 6.89182808883829155742473E-04 2.20538498842825329837591E-02 
0.370000 0.740000 0.110000 112.640000 6.46217353540910126145913E-04 2.06789553133091240366692E-02 
0.372500 0.745000 0.110000 112.640000 6.05374416294693156424811E-04 1.93719813214301810055940E-02 
0.375000 0.750000 0.110000 112.640000 5.66566525657632232178262E-04 1.81301288210442314297044E-02 
0.377500 0.755000 0.110000 112.640000 5.29709920885315654892622E-04 1.69507174683301009565639E-02 
0.380000 0.760000 0.110000 112.640000 4.94724378003660479261039E-04 1.58311800961171353363532E-02 
0.382500 0.765000 0.110000 112.640000 4.61533042672392340276949E-04 1.47690573655165548888624E-02 
0.385000 0.770000 0.110000 112.640000 4.30062269603595026881693E-04 1.37619926273150408602142E-02 
0.387500 0.775000 0.110000 112.640000 4.00241468273420492821751E-04 1.28077269847494557702960E-02 
0.390000 0.780000 0.110000 112.640000 3.72002954682693000483529E-04 1.19040945498461760154729E-02 
0.392500 0.785000 0.110000 112.640000 3.45281808938167878407499E-04 1.10490178860213721090400E-02 
0.395000 0.790000 0.110000 112.640000 3.20015738440756613170796E-04 1.02405036301042116214655E-02 
0.397500 0.795000 0.110000 112.640000 2.96144946480133555363756E-04 9.47663828736427377164020E-03 
0.400000 0.800000 0.110000 112.640000 2.73612006046934663240633E-04 8.75558419350190922370025E-03 
0.402500 0.805000 0.110000 112.640000 2.52361738684304037425021E-04 8.07557563789772919760068E-03 
0.405000 0.810000 0.110000 112.640000 2.32341098209912048921932E-04 7.43491514271718556550184E-03 
0.407500 0.815000 0.110000 112.640000 2.13499059147900414282889E-04 6.83196989273281325705245E-03 
0.410000 0.820000 0.110000 112.640000 1.95786509717510534989843E-04 6.26516831096033711967497E-03 
0.412500 0.825000 0.110000 112.640000 1.79156149231577023614101E-04 5.73299677541046475565123E-03 
0.415000 0.830000 0.110000 112.640000 1.63562389763641870309499E-04 5.23399647243653984990397E-03 
0.417500 0.835000 0.110000 112.640000 1.48961261947281464615780E-04 4.76676038231300686770497E-03 
0.420000 0.840000 0.110000 112.640000 1.35310324775385218756818E-04 4.32993039281232700021818E-03 
0.422500 0.845000 0.110000 112.640000 1.22568579270669527356633E-04 3.92219453666142487541224E-03 
0.425000 0.850000 0.110000 112.640000 1.10696385901710094728546E-04 3.54228434885472303131349E-03 
0.427500 0.855000 0.110000 112.640000 9.96553856212986129007106E-05 3.18897233988155561282274E-03 
0.430000 0.860000 0.110000 112.640000 8.94084244060272439590803E-05 2.86106958099287180669057E-03 
0.432500 0.865000 0.110000 112.640000 7.99194811777412792742903E-05 2.55742339768772093677729E-03 
0.435000 0.870000 0.110000 112.640000 7.11535989889196636903543E-05 2.27691516764542923809134E-03 
0.437500 0.875000 0.110000 112.640000 6.30768193551925438963823E-05 2.01845821936616140468423E-03 
0.440000 0.880000 0.110000 112.640000 5.56561196191293977510346E-05 1.78099582781214072803311E-03 
0.442500 0.885000 0.110000 112.640000 4.88593532301655027118466E-05 1.56349930336529608677909E-03 
0.445000 0.890000 0.110000 112.640000 4.26551928261124829234487E-05 1.36496617043559945355036E-03 
0.447500 0.895000 0.110000 112.640000 3.70130760021554827752903E-05 1.18441843206897544880929E-03 
0.450000 0.900000 0.110000 112.640000 3.19031536535919956420158E-05 1.02090091691494386054451E-03 
0.452500 0.905000 0.110000 112.640000 2.72962407788470701869559E-05 8.73479704923106245982589E-04 
0.455000 0.910000 0.110000 112.640000 2.31637696295218712782930E-05 7.41240628144699880905377E-04 
0.457500 0.915000 0.110000 112.640000 1.94777450944118487848131E-05 6.23287843021179161114020E-04 
0.460000 0.920000 0.110000 112.640000 1.62107022045844023541272E-05 5.18742470546700875332069E-04 
0.462500 0.925000 0.110000 112.640000 1.33356656467411167346290E-05 4.26741300695715735508129E-04 
0.465000 0.930000 0.110000 112.640000 1.08261111722168801036609E-05 3.46435557510940163317148E-04 
0.467500 0.935000 0.110000 112.640000 8.65592878909024345359443E-06 2.76989721250887790515022E-04 
0.470000 0.940000 0.110000 112.640000 6.79938762500597578480139E-06 2.17580404000191225113645E-04 
0.472500 0.945000 0.110000 112.640000 5.23110234843744617284607E-06 1.67395275149998277531074E-04 
0.475000 0.950000 0.110000 112.640000 3.92600103625053045805927E-06 1.25632033160016974657897E-04 
0.477500 0.955000 0.110000 112.640000 2.85929437556806044002820E-06 9.14974200181779340809024E-05 
0.480000 0.960000 0.110000 112.640000 2.00644608807537054744117E-06 6.42062748184118575181176E-05 
0.482500 0.965000 0.110000 112.640000 1.34314446505075034213881E-06 4.29806228816240109484419E-05 
0.485000 0.970000 0.110000 112.640000 8.45274901547583283819307E-07 2.70487968495226650822178E-05 
0.487500 0.975000 0.110000 112.640000 4.88893318294767040009031E-07 1.56445861854325452802890E-05 
0.490000 0.980000 0.110000 112.640000 2.50200360015913829376350E-07 8.00641152050924254004322E-06 
0.492500 0.985000 0.110000 112.640000 1.05516258992882054425807E-07 3.37652028777222574162584E-06 
0.495000 0.990000 0.110000 112.640000 3.12562528125240173478591E-08 1.00020009000076855513149E-06 
0.497500 0.995000 0.110000 112.640000 3.90644533447090745610038E-09 1.25006250703069038595212E-07 
0.500000 1.000000 0.110000 112.640000 0.00000000000000000000000E+00 0.00000000000000000000000E+00 
