0.000000 0.000000 0.009000 9663676.416000 9.99999999534338712692261E-01 3.27679999847412109375000E+04 
0.002500 0.005000 0.009000 9663676.416000 3.67880978679303027867320E-01 1.20547239093634016171563E+04 
0.005000 0.010000 0.009000 9663676.416000 1.35339826945770042021522E-01 4.43481544935899273696123E+03 
0.007500 0.015000 0.009000 9663676.416000 4.97927316359797755840333E-02 1.63160823024778528633760E+03 
0.010000 0.020000 0.009000 9663676.416000 1.83205963629641740975096E-02 6.00329301621610056827194E+02 
0.012500 0.025000 0.009000 9663676.416000 6.74152286036015443992930E-03 2.20906221088281540687603E+02 
0.015000 0.030000 0.009000 9663676.416000 2.48103428566303621169431E-03 8.12985314726063705847992E+01 
0.017500 0.035000 0.009000 9663676.416000 9.13220461904830317287352E-04 2.99244080956974798368719E+01 
0.020000 0.040000 0.009000 9663676.416000 3.36200647551697091690304E-04 1.10166228189740103005079E+01 
0.022500 0.045000 0.009000 9663676.416000 1.23797990775712104475487E-04 4.05661256173853423945275E+00 
0.025000 0.050000 0.009000 9663676.416000 4.55966614305202197618069E-05 1.49411140175528656115489E+00 
0.027500 0.055000 0.009000 9663676.416000 1.67984539789294347485443E-05 5.50451739981559717840298E-01 
0.030000 0.060000 0.009000 9663676.416000 6.19063196778963300702554E-06 2.02854628320530694374213E-01 
0.032500 0.065000 0.009000 9663676.416000 2.28214273019692661322619E-06 7.47812529830928912621957E-02 
0.035000 0.070000 0.009000 9663676.416000 8.41599869955505541648476E-07 2.75775445387020055887373E-02 
0.037500 0.075000 0.009000 9663676.416000 3.10482124921545522718670E-07 1.01738782694292036884454E-02 
0.040000 0.080000 0.009000 9663676.416000 1.14590552852915630442738E-07 3.75490323588433937834763E-03 
0.042500 0.085000 0.009000 9663676.416000 4.23112259990926226412005E-08 1.38645425353826705870686E-03 
0.045000 0.090000 0.009000 9663676.416000 1.56304112048567516456034E-08 5.12177314360746037923133E-04 
0.047500 0.095000 0.009000 9663676.416000 5.77705745748677234816733E-09 1.89302618766926556304747E-04 
0.050000 0.100000 0.009000 9663676.416000 2.13637739041125618284987E-09 7.00048143289960425996246E-05 
0.052500 0.105000 0.009000 9663676.416000 7.90492448497559781845043E-10 2.59028565523680389314984E-05 
0.055000 0.110000 0.009000 9663676.416000 2.92670703178476865043062E-10 9.59023360175232991373107E-06 
0.057500 0.115000 0.009000 9663676.416000 1.08426527357878489150516E-10 3.55292044846296233248412E-06 
0.060000 0.120000 0.009000 9663676.416000 4.01956540509528258316468E-11 1.31713119194162219685140E-06 
0.062500 0.125000 0.009000 9663676.416000 1.49115086820635434291434E-11 4.88620316493858191086172E-07 
0.065000 0.130000 0.009000 9663676.416000 5.53571235055413850107839E-12 1.81394222302958010403337E-07 
0.067500 0.135000 0.009000 9663676.416000 2.05657118613854660980891E-12 6.73897246273878953102185E-08 
0.070000 0.140000 0.009000 9663676.416000 7.64608104637202306297274E-13 2.50546783727518451727491E-08 
0.072500 0.145000 0.009000 9663676.416000 2.84487128561620289466881E-13 9.32207422870717364525077E-09 
0.075000 0.150000 0.009000 9663676.416000 1.05928976685865879012582E-13 3.47108070804245312348428E-09 
0.077500 0.155000 0.009000 9663676.416000 3.94721215839279098791852E-14 1.29342248006214975092114E-09 
0.080000 0.160000 0.009000 9663676.416000 1.47190245189152609113526E-14 4.82312995435815269543202E-10 
0.082500 0.165000 0.009000 9663676.416000 5.49240974195054505698965E-15 1.79975282424235460427437E-10 
0.085000 0.170000 0.009000 9663676.416000 2.05076895304376870822197E-15 6.71995970533382130310174E-11 
0.087500 0.175000 0.009000 9663676.416000 7.66136437804429520512260E-16 2.51047587939755465281457E-11 
0.090000 0.180000 0.009000 9663676.416000 2.86343308302963500449910E-16 9.38289752647150798274265E-12 
0.092500 0.185000 0.009000 9663676.416000 1.07054550250358397510215E-16 3.50796350260374396961471E-12 
0.095000 0.190000 0.009000 9663676.416000 4.00309034981195828257028E-17 1.31173264582638249003263E-12 
0.097500 0.195000 0.009000 9663676.416000 1.49686343801569584240672E-17 4.90492211368983213639833E-13 
0.100000 0.200000 0.009000 9663676.416000 5.59602402121938147156908E-18 1.83370515127316692060376E-13 
0.102500 0.205000 0.009000 9663676.416000 2.09118298392087264666297E-18 6.85238840171191548858521E-14 
0.105000 0.210000 0.009000 9663676.416000 7.80936004627373974504572E-19 2.55897109996297903965658E-14 
0.107500 0.215000 0.009000 9663676.416000 2.91365610370427297238760E-19 9.54746832061816167591968E-15 
0.110000 0.220000 0.009000 9663676.416000 1.08578313604883296336532E-19 3.55789418020481585435549E-15 
0.112500 0.225000 0.009000 9663676.416000 4.04024680000622749163984E-20 1.32390807142604062446054E-15 
0.115000 0.230000 0.009000 9663676.416000 1.50074800618884307256381E-20 4.91765106667960098017710E-16 
0.117500 0.235000 0.009000 9663676.416000 5.56309249516264318380896E-21 1.82291414881489491847052E-16 
0.120000 0.240000 0.009000 9663676.416000 2.05734325662238412445224E-21 6.74150238330022829900510E-17 
0.122500 0.245000 0.009000 9663676.416000 7.58845753035468379792000E-22 2.48658576354662278690243E-17 
0.125000 0.250000 0.009000 9663676.416000 2.79082604132741452052311E-22 9.14497877222167190085012E-18 
0.127500 0.255000 0.009000 9663676.416000 1.02311270023876442040563E-22 3.35253569614238325278518E-18 
0.130000 0.260000 0.009000 9663676.416000 3.73772946719028563367871E-23 1.22477919180891279644384E-18 
0.132500 0.265000 0.009000 9663676.416000 1.36041636611674653196109E-23 4.45781234849135503593011E-19 
0.135000 0.270000 0.009000 9663676.416000 4.93179778507754638011013E-24 1.61605149821421039783449E-19 
0.137500 0.275000 0.009000 9663676.416000 1.78033590943457802663994E-24 5.83380470803522527769376E-20 
0.140000 0.280000 0.009000 9663676.416000 6.39822862899965526724263E-25 2.09657155715060703797006E-20 
0.142500 0.285000 0.009000 9663676.416000 2.28865523733614967820649E-25 7.49946548170309526554701E-21 
0.145000 0.290000 0.009000 9663676.416000 8.14646503693208974933969E-26 2.66943366330190716906363E-21 
0.147500 0.295000 0.009000 9663676.416000 2.88492841084309798962319E-26 9.45333341665066349239727E-22 
0.150000 0.300000 0.009000 9663676.416000 1.01622500469957425032139E-26 3.32996609539956490345313E-22 
0.152500 0.305000 0.009000 9663676.416000 3.55998796633737548528860E-27 1.16653685680943119901937E-22 
0.155000 0.310000 0.009000 9663676.416000 1.24001905659372671124073E-27 4.06329444464632368739363E-23 
0.157500 0.315000 0.009000 9663676.416000 4.29387048678573637649229E-28 1.40701548110995009584899E-23 
0.160000 0.320000 0.009000 9663676.416000 1.47785474905426593405640E-28 4.84263444170101861271603E-24 
0.162500 0.325000 0.009000 9663676.416000 5.05475211203972281512389E-29 1.65634117207317637205980E-24 
0.165000 0.330000 0.009000 9663676.416000 1.71781995593993675782037E-29 5.62895243162398476802580E-25 
0.167500 0.335000 0.009000 9663676.416000 5.79949906538490890732036E-30 1.90037985374532695075074E-25 
0.170000 0.340000 0.009000 9663676.416000 1.94475330799550607085500E-30 6.37256763963967429297766E-26 
0.172500 0.345000 0.009000 9663676.416000 6.47629156831444221017101E-31 2.12215122110527642342884E-26 
0.175000 0.350000 0.009000 9663676.416000 2.14142571708466982791362E-31 7.01702378974304609210735E-27 
0.177500 0.355000 0.009000 9663676.416000 7.02944994673434067406308E-32 2.30341015854590875207699E-27 
0.180000 0.360000 0.009000 9663676.416000 2.29038341462739083082839E-32 7.50512837305103427445846E-28 
0.182500 0.365000 0.009000 9663676.416000 7.40610781341919448839350E-33 2.42683340830120164995678E-28 
0.185000 0.370000 0.009000 9663676.416000 2.37625381895318306572361E-33 7.78650851394579026976314E-29 
0.187500 0.375000 0.009000 9663676.416000 7.56383214015688671583695E-34 2.47851651568660863904545E-29 
0.190000 0.380000 0.009000 9663676.416000 2.38815042001631815955827E-34 7.82549129630947134524055E-30 
0.192500 0.385000 0.009000 9663676.416000 7.47783280100770350988482E-35 2.45033625223420428611906E-30 
0.195000 0.390000 0.009000 9663676.416000 2.32170246436996443257442E-35 7.60775463524749945265986E-31 
0.197500 0.395000 0.009000 9663676.416000 7.14620361967948460467261E-36 2.34166800209657351525912E-31 
0.200000 0.400000 0.009000 9663676.416000 2.18022943709119644534681E-36 7.14417581946043251211243E-32 
0.202500 0.405000 0.009000 9663676.416000 6.59182362691324301354411E-37 2.16000876606693147067814E-32 
0.205000 0.410000 0.009000 9663676.416000 1.97470675695309775624493E-37 6.47071910118391072766340E-33 
0.207500 0.415000 0.009000 9663676.416000 5.86015097856036133023057E-38 1.92025427265465920068995E-33 
0.210000 0.420000 0.009000 9663676.416000 1.72241578197460526699321E-38 5.64401203437438653888336E-34 
0.212500 0.425000 0.009000 9663676.416000 5.01305274933993770577882E-39 1.64267712490371078742960E-34 
0.215000 0.430000 0.009000 9663676.416000 1.44448121892012557271728E-39 4.73327605815746747667999E-35 
0.217500 0.435000 0.009000 9663676.416000 4.11979135345649346443186E-40 1.34997323070062377842503E-35 
0.220000 0.440000 0.009000 9663676.416000 1.16278281217370700683945E-40 3.81020671893080312001150E-36 
0.222500 0.445000 0.009000 9663676.416000 3.24703028945574594028391E-41 1.06398688524885882971223E-36 
0.225000 0.450000 0.009000 9663676.416000 8.96892882724863845946423E-42 2.93893859811283385039724E-37 
0.227500 0.455000 0.009000 9663676.416000 2.44997263274481829168465E-42 8.02807032297822057819226E-38 
0.230000 0.460000 0.009000 9663676.416000 6.61676798274133167324066E-43 2.16818253258467956268750E-38 
0.232500 0.465000 0.009000 9663676.416000 1.76640299668124041325602E-43 5.78814933952508858615732E-39 
0.235000 0.470000 0.009000 9663676.416000 4.65999650349547827466528E-44 1.52698765426539832104232E-39 
0.237500 0.475000 0.009000 9663676.416000 1.21457239028487694574394E-44 3.97991080848548477581374E-40 
0.240000 0.480000 0.009000 9663676.416000 3.12673188099001211312199E-45 1.02456750276280716922781E-40 
0.242500 0.485000 0.009000 9663676.416000 7.94825711212036386416749E-46 2.60448489049960083101040E-41 
0.245000 0.490000 0.009000 9663676.416000 1.99456818971870197377536E-46 6.53580104407024262766711E-42 
0.247500 0.495000 0.009000 9663676.416000 4.93969615442828612524345E-47 1.61863963588306079751977E-42 
0.250000 0.500000 0.009000 9663676.416000 1.20698378821369178040062E-47 3.95504447721862522601676E-43 
0.252500 0.505000 0.009000 9663676.416000 2.90887246795607420942212E-48 9.53179330299846396943441E-44 
0.255000 0.510000 0.009000 9663676.416000 6.91255690239168687772388E-49 2.26510664577570795609256E-44 
0.257500 0.515000 0.009000 9663676.416000 1.61923063891613068631428E-49 5.30589495760037703291464E-45 
0.260000 0.520000 0.009000 9663676.416000 3.73762801036163701413814E-50 1.22474594643530121679279E-45 
0.262500 0.525000 0.009000 9663676.416000 8.49881364635467320071164E-51 2.78489125563749931440919E-46 
0.265000 0.530000 0.009000 9663676.416000 1.90304392007557489782172E-51 6.23589431730364382518221E-47 
0.267500 0.535000 0.009000 9663676.416000 4.19485271241151406869524E-52 1.37456933680300493003006E-47 
0.270000 0.540000 0.009000 9663676.416000 9.09927249264219538376467E-53 2.98164961038899458335201E-48 
0.272500 0.545000 0.009000 9663676.416000 1.94159495707144826690989E-53 6.36221835533172168101033E-49 
0.275000 0.550000 0.009000 9663676.416000 4.07387465976584851723860E-54 1.33492724851207324212874E-49 
0.277500 0.555000 0.009000 9663676.416000 8.40201910406910192682818E-55 2.75317362002136331938306E-50 
0.280000 0.560000 0.009000 9663676.416000 1.70259424733517954230566E-55 5.57906082966791632422720E-51 
0.282500 0.565000 0.009000 9663676.416000 3.38851197240899090068129E-56 1.11034760311897813833524E-51 
0.285000 0.570000 0.009000 9663676.416000 6.62049094592866221812452E-57 2.16940247316190403563504E-52 
0.287500 0.575000 0.009000 9663676.416000 1.26929158011146505454940E-57 4.15921464970924869074748E-53 
0.290000 0.580000 0.009000 9663676.416000 2.38683735987130198316486E-58 7.82118866082628233843461E-54 
0.292500 0.585000 0.009000 9663676.416000 4.40015337092960763088733E-59 1.44184225658621382848916E-54 
0.295000 0.590000 0.009000 9663676.416000 7.94845080383470846374075E-60 2.60454835940055726939857E-55 
0.297500 0.595000 0.009000 9663676.416000 1.40619454813820750578628E-60 4.60781829533927835496049E-56 
0.300000 0.600000 0.009000 9663676.416000 2.43515809017002626825327E-61 7.97952602986914207581230E-57 
0.302500 0.605000 0.009000 9663676.416000 4.12562690490435852824950E-62 1.35188542419906020253680E-57 
0.305000 0.610000 0.009000 9663676.416000 6.83419180644703393078130E-63 2.23942797113656407843842E-58 
0.307500 0.615000 0.009000 9663676.416000 1.10627447198590673982991E-63 3.62504018980341920507465E-59 
0.310000 0.620000 0.009000 9663676.416000 1.74884545409144064950941E-64 5.73061678396683272031245E-60 
0.312500 0.625000 0.009000 9663676.416000 2.69821630997180832770051E-65 8.84151520451562152820903E-61 
0.315000 0.630000 0.009000 9663676.416000 4.06024243572191511021360E-66 1.33046024133735714331479E-61 
0.317500 0.635000 0.009000 9663676.416000 5.95495695116769441740128E-67 1.95132029375863010669405E-62 
0.320000 0.640000 0.009000 9663676.416000 8.50640753216265560652351E-68 2.78737962013905898914562E-63 
0.322500 0.645000 0.009000 9663676.416000 1.18258195791384076651699E-68 3.87508455969207342372287E-64 
0.325000 0.650000 0.009000 9663676.416000 1.59880996572301555743477E-69 5.23898049568117737860225E-65 
0.327500 0.655000 0.009000 9663676.416000 2.10034985194721134409050E-70 6.88242639486062213231576E-66 
0.330000 0.660000 0.009000 9663676.416000 2.67885418162739241101336E-71 8.77806938235663945240858E-67 
0.332500 0.665000 0.009000 9663676.416000 3.31425913029202476227114E-72 1.08601643181409067410101E-67 
0.335000 0.670000 0.009000 9663676.416000 3.97378169333009539037852E-73 1.30212878527040565751924E-68 
0.337500 0.675000 0.009000 9663676.416000 4.61300305012723892305893E-74 1.51158883946569365030795E-69 
0.340000 0.680000 0.009000 9663676.416000 5.17950681583905371162147E-75 1.69722079341414112022412E-70 
0.342500 0.685000 0.009000 9663676.416000 5.61901532316755585659389E-76 1.84123894109554470308869E-71 
0.345000 0.690000 0.009000 9663676.416000 5.88328011166488290019686E-77 1.92783322699034882873651E-72 
0.347500 0.695000 0.009000 9663676.416000 5.93831761881554442692054E-78 1.94586791733347759781332E-73 
0.350000 0.700000 0.009000 9663676.416000 5.77117395658625204910204E-79 1.89109828209418307144976E-74 
0.352500 0.705000 0.009000 9663676.416000 5.39346061565554424820858E-80 1.76732917453800873925299E-75 
0.355000 0.710000 0.009000 9663676.416000 4.84050752746197629146718E-81 1.58613750659874039118796E-76 
0.357500 0.715000 0.009000 9663676.416000 4.16602113230271333823508E-82 1.36512180463295310667287E-77 
0.360000 0.720000 0.009000 9663676.416000 3.43331702696779769255802E-83 1.12502932339680794789741E-78 
0.362500 0.725000 0.009000 9663676.416000 2.70512980867102417419755E-84 8.86416935705321201401052E-80 
0.365000 0.730000 0.009000 9663676.416000 2.03435441281848416083245E-85 6.66617253992360889821577E-81 
0.367500 0.735000 0.009000 9663676.416000 1.45771226260361781080492E-86 4.77663154209953484244555E-82 
0.370000 0.740000 0.009000 9663676.416000 9.93397013089865121030580E-88 3.25516333249287002859300E-83 
0.372500 0.745000 0.009000 9663676.416000 6.42587576688751262492231E-89 2.10563097129370013693454E-84 
0.375000 0.750000 0.009000 9663676.416000 3.93733653225321492849105E-90 1.29018643488873346776795E-85 
0.377500 0.755000 0.009000 9663676.416000 2.28024463136628452944617E-91 7.47190560806104114608922E-87 
0.380000 0.760000 0.009000 9663676.416000 1.24525463076131654722267E-92 4.08045037407868206193923E-88 
0.382500 0.765000 0.009000 9663676.416000 6.39673026215713727829552E-94 2.09608057230365074335188E-89 
0.385000 0.770000 0.009000 9663676.416000 3.08274146047354328421243E-95 1.01015272176797066337073E-90 
0.387500 0.775000 0.009000 9663676.416000 1.38987590019969291214726E-96 4.55434534977435373452414E-92 
0.390000 0.780000 0.009000 9663676.416000 5.84484905382431520871784E-98 1.91524013795715160759266E-93 
0.392500 0.785000 0.009000 9663676.416000 2.28527097462764198043792E-99 7.48837592965985724149898E-95 
0.395000 0.790000 0.009000 9663676.416000 8.27903725181853153745628E-101 2.71287492667589641419367E-96 
0.397500 0.795000 0.009000 9663676.416000 2.76887058311699308082281E-102 9.07303512675776292724018E-98 
0.400000 0.800000 0.009000 9663676.416000 8.51512141048826244052031E-104 2.79023498378879383650969E-99 
0.402500 0.805000 0.009000 9663676.416000 2.39772192648117548637268E-105 7.85685520869351583374600E-101 
0.405000 0.810000 0.009000 9663676.416000 6.15371219496501566955913E-107 2.01644841204613633460114E-102 
0.407500 0.815000 0.009000 9663676.416000 1.43237722076808352499040E-108 4.69361367701285609468856E-104 
0.410000 0.820000 0.009000 9663676.416000 3.00769888574968222863405E-110 9.85562770882455872678804E-106 
0.412500 0.825000 0.009000 9663676.416000 5.66430183395614361604547E-112 1.85607842495074914010578E-107 
0.415000 0.830000 0.009000 9663676.416000 9.50719855705708346136128E-114 3.11531882317646510861886E-109 
0.417500 0.835000 0.009000 9663676.416000 1.41242842768633245386658E-115 4.62824547184257418483000E-111 
0.420000 0.840000 0.009000 9663676.416000 1.84342675379463892922047E-117 6.04054078683427284326964E-113 
0.422500 0.845000 0.009000 9663676.416000 2.09632185419432855518994E-119 6.86922745182397580964640E-115 
0.425000 0.850000 0.009000 9663676.416000 2.05844013101106582412892E-121 6.74509662129706049250566E-117 
0.427500 0.855000 0.009000 9663676.416000 1.72799734246755203406123E-123 5.66230169179767450521185E-119 
0.430000 0.860000 0.009000 9663676.416000 1.22657336029167501006069E-125 4.01923558700376067296689E-121 
0.432500 0.865000 0.009000 9663676.416000 7.27259092320712664902182E-128 2.38308259371651126035147E-123 
0.435000 0.870000 0.009000 9663676.416000 3.55327821344049048685081E-130 1.16433820498017992273127E-125 
0.437500 0.875000 0.009000 9663676.416000 1.40902408716305963776356E-132 4.61709012881591382102364E-128 
0.440000 0.880000 0.009000 9663676.416000 4.45813808616432795876465E-135 1.46084268807432698552800E-130 
0.442500 0.885000 0.009000 9663676.416000 1.10404211570890634168222E-137 3.61772520475494430042429E-133 
0.445000 0.890000 0.009000 9663676.416000 2.09388136530881598506883E-140 6.86123045784392821987354E-136 
0.447500 0.895000 0.009000 9663676.416000 2.96666726327324337470680E-143 9.72117528829376389023924E-139 
0.450000 0.900000 0.009000 9663676.416000 3.05191673130573745572769E-146 1.00005207451426404949285E-141 
0.452500 0.905000 0.009000 9663676.416000 2.20595554969194674788350E-149 7.22847514523057110346464E-145 
0.455000 0.910000 0.009000 9663676.416000 1.07834720813968008295120E-152 3.53352813163210369581448E-148 
0.457500 0.915000 0.009000 9663676.416000 3.40902559713768882486002E-156 1.11706950767007787413013E-151 
0.460000 0.920000 0.009000 9663676.416000 6.61069862032316468818406E-160 2.16619372390749460502415E-155 
0.462500 0.925000 0.009000 9663676.416000 7.38236020402428485190645E-164 2.41905179165467766027271E-159 
0.465000 0.930000 0.009000 9663676.416000 4.39925387012935836097279E-168 1.44154750816398814772357E-163 
0.467500 0.935000 0.009000 9663676.416000 1.27449253019432297488667E-172 4.17625712294075752410863E-168 
0.470000 0.940000 0.009000 9663676.416000 1.59911325967912326600304E-177 5.23997432931655111803875E-173 
0.472500 0.945000 0.009000 9663676.416000 7.51088815742068879182148E-183 2.46116783142361130330406E-178 
0.475000 0.950000 0.009000 9663676.416000 1.09476788091887030618301E-188 3.58733539219495421930050E-184 
0.477500 0.955000 0.009000 9663676.416000 3.86825775671586967369449E-195 1.26755070172065617467621E-190 
0.480000 0.960000 0.009000 9663676.416000 2.37142504253454552230430E-202 7.77068557937719876748674E-198 
0.482500 0.965000 0.009000 9663676.416000 1.57813679557864858069694E-210 5.17123865175211566922773E-206 
0.485000 0.970000 0.009000 9663676.416000 5.73650210171110790675947E-220 1.87973700868869583888694E-215 
0.487500 0.975000 0.009000 9663676.416000 3.92727554118474077387959E-231 1.28688964933541585678486E-226 
0.490000 0.980000 0.009000 9663676.416000 8.50705985463470909067099E-245 2.78759337316670147483107E-240 
0.492500 0.985000 0.009000 9663676.416000 2.05786842162825228103448E-262 6.74322324399145707449378E-258 
0.495000 0.990000 0.009000 9663676.416000 3.05175782772801294002645E-287 1.00000000498991528018787E-282 
0.497500 0.995000 0.009000 9663676.416000 1.09476442557212513910980E-329 3.58732406971473965583499E-325 
0.500000 1.000000 0.009000 9663676.416000 0.00000000000000000000000E+00 0.00000000000000000000000E+00 
