0.000000 0.000000 0.110000 115343.360000 9.99999523162728110037278E-01 1.02399951171863358467817E+03 
0.002500 0.005000 0.110000 115343.360000 9.04837269481809425286656E-01 9.26553363949372851493536E+02 
0.005000 0.010000 0.110000 115343.360000 8.18732920328986257807458E-01 8.38382510416881927994837E+02 
0.007500 0.015000 0.110000 115343.360000 7.40826005624843464403284E-01 7.58605829759839707548963E+02 
0.010000 0.020000 0.110000 115343.360000 6.70337480541751018492391E-01 6.86425580074753042936209E+02 
0.012500 0.025000 0.110000 115343.360000 6.06562063261026573890433E-01 6.21119552779291211663804E+02 
0.015000 0.030000 0.110000 115343.360000 5.48861288629751364886999E-01 5.62033959556865397644287E+02 
0.017500 0.035000 0.110000 115343.360000 4.96657211400174547488717E-01 5.08576984473778736628446E+02 
0.020000 0.040000 0.110000 115343.360000 4.49426698817215419801130E-01 4.60212939588828589876357E+02 
0.022500 0.045000 0.110000 115343.360000 4.06696257850481523998809E-01 4.16456968038893080574780E+02 
0.025000 0.050000 0.110000 115343.360000 3.68037347395909264502478E-01 3.76870243733411086850538E+02 
0.027500 0.055000 0.110000 115343.360000 3.33062130343593498782440E-01 3.41055621471839742753218E+02 
0.030000 0.060000 0.110000 115343.360000 3.01419624563707799769219E-01 3.08653695553236786963680E+02 
0.032500 0.065000 0.110000 115343.360000 2.72792215639026336404527E-01 2.79339228814362968478235E+02 
0.035000 0.070000 0.110000 115343.360000 2.46892497604515731568497E-01 2.52817917547024109126141E+02 
0.037500 0.075000 0.110000 115343.360000 2.23460411072930326126240E-01 2.28823460938680653953270E+02 
0.040000 0.080000 0.110000 115343.360000 2.02260650958516419173350E-01 2.07114906581520813233510E+02 
0.042500 0.085000 0.110000 115343.360000 1.83080318584673856774359E-01 1.87474246230706029336943E+02 
0.045000 0.090000 0.110000 115343.360000 1.65726795299195595045916E-01 1.69704238386376289327018E+02 
0.047500 0.095000 0.110000 115343.360000 1.50025816843892517704617E-01 1.53626436448145938129528E+02 
0.050000 0.100000 0.110000 115343.360000 1.35819729653481269249227E-01 1.39079403165164819711208E+02 
0.052500 0.105000 0.110000 115343.360000 1.22965912009324898623852E-01 1.25917093897548696190825E+02 
0.055000 0.110000 0.110000 115343.360000 1.11335344563056784505939E-01 1.14007392832570147334081E+02 
0.057500 0.115000 0.110000 115343.360000 1.00811316188033656127132E-01 1.03230787776546463874183E+02 
0.060000 0.120000 0.110000 115343.360000 9.12882524262635525191811E-02 9.34791704844938777796415E+01 
0.062500 0.125000 0.110000 115343.360000 8.26706549871543266982954E-02 8.46547507068460305390545E+01 
0.065000 0.130000 0.110000 115343.360000 7.48721418331454169337036E-02 7.66690732371409069401125E+01 
0.067500 0.135000 0.110000 115343.360000 6.78145783661209394788116E-02 6.94421282469078420263031E+01 
0.070000 0.140000 0.110000 115343.360000 6.14272911165935769917112E-02 6.29015461033918228395123E+01 
0.072500 0.145000 0.110000 115343.360000 5.56463561433190589955444E-02 5.69818686907587164114375E+01 
0.075000 0.150000 0.110000 115343.360000 5.04139550818378801011477E-02 5.16238900038019892235752E+01 
0.077500 0.155000 0.110000 115343.360000 4.56777924433060394937556E-02 4.67740594619453844416057E+01 
0.080000 0.160000 0.110000 115343.360000 4.13905683661459564137708E-02 4.23839420069334593677013E+01 
0.082500 0.165000 0.110000 115343.360000 3.75095015681971427623509E-02 3.84097296058338741886473E+01 
0.085000 0.170000 0.110000 115343.360000 3.39958977413482854590399E-02 3.48117992871406443100568E+01 
0.087500 0.175000 0.110000 115343.360000 3.08147590787884763374738E-02 3.15543132966793997695731E+01 
0.090000 0.180000 0.110000 115343.360000 2.79344310312839815002572E-02 2.86048573760347970562634E+01 
0.092500 0.185000 0.110000 115343.360000 2.53262827571581160268632E-02 2.59341135433299108115079E+01 
0.095000 0.190000 0.110000 115343.360000 2.29644180644361303733625E-02 2.35155640979825975023232E+01 
0.097500 0.195000 0.110000 115343.360000 2.08254139461246726150456E-02 2.13252238808316647578067E+01 
0.100000 0.200000 0.110000 115343.360000 1.88880840837217962857597E-02 1.93413981017311193966179E+01 
0.102500 0.205000 0.110000 115343.360000 1.71332649424461962162081E-02 1.75444633010649049253971E+01 
0.105000 0.210000 0.110000 115343.360000 1.55436223067225032928862E-02 1.59166692420838433719155E+01 
0.107500 0.215000 0.110000 115343.360000 1.41034763083412399004013E-02 1.44419597397414296580109E+01 
0.110000 0.220000 0.110000 115343.360000 1.27986431844013502645563E-02 1.31058106208269826709056E+01 
0.112500 0.225000 0.110000 115343.360000 1.16162921694303623854072E-02 1.18950831814966910826570E+01 
0.115000 0.230000 0.110000 115343.360000 1.05448160775907483210911E-02 1.07978916634529262807973E+01 
0.117500 0.235000 0.110000 115343.360000 9.57371426809517853118159E-03 9.80348341052946281592995E+00 
0.120000 0.240000 0.110000 115343.360000 8.69348681120696645252544E-03 8.90213049467593364738605E+00 
0.122500 0.245000 0.110000 115343.360000 7.89553878471090098134511E-03 8.08503171554396260489739E+00 
0.125000 0.250000 0.110000 115343.360000 7.17209373260528811055980E-03 7.34422398218781502521324E+00 
0.127500 0.255000 0.110000 115343.360000 6.51611540998658662210419E-03 6.67250217982626470103469E+00 
0.130000 0.260000 0.110000 115343.360000 5.92123702158280518920153E-03 6.06334671010079251374236E+00 
0.132500 0.265000 0.110000 115343.360000 5.38169723695998327567258E-03 5.51085797064702287428872E+00 
0.135000 0.270000 0.110000 115343.360000 4.89228233382455780786646E-03 5.00969710983634719525526E+00 
0.137500 0.275000 0.110000 115343.360000 4.44827388274855739513924E-03 4.55503245593452277262259E+00 
0.140000 0.280000 0.110000 115343.360000 4.04540144266708496384455E-03 4.14249107729109500297682E+00 
0.142500 0.285000 0.110000 115343.360000 3.67979978719352356433814E-03 3.76811498208616812988225E+00 
0.145000 0.290000 0.110000 115343.360000 3.34797022767043895088990E-03 3.42832151313452948571125E+00 
0.147500 0.295000 0.110000 115343.360000 3.04674564038069856444779E-03 3.11986753574983532999454E+00 
0.150000 0.300000 0.110000 115343.360000 2.77325884289444848235240E-03 2.83981705512391524592886E+00 
0.152500 0.305000 0.110000 115343.360000 2.52491399850150038952634E-03 2.58551193446553639887497E+00 
0.155000 0.310000 0.110000 115343.360000 2.29936075841105994066460E-03 2.35454541661292537924055E+00 
0.157500 0.315000 0.110000 115343.360000 2.09447087920130309290911E-03 2.14473818030213436713893E+00 
0.160000 0.320000 0.110000 115343.360000 1.90831707814790338222088E-03 1.95411668802345306339419E+00 
0.162500 0.325000 0.110000 115343.360000 1.73915391180467257363496E-03 1.78089360568798471540219E+00 
0.165000 0.330000 0.110000 115343.360000 1.58540048378063604117560E-03 1.62345009539137130616382E+00 
0.167500 0.335000 0.110000 115343.360000 1.44562480626170687496301E-03 1.48031980161198783996213E+00 
0.170000 0.340000 0.110000 115343.360000 1.31852965665001640484244E-03 1.35017436840961679855866E+00 
0.172500 0.345000 0.110000 115343.360000 1.20293978590846318242613E-03 1.23181034077026629880436E+00 
0.175000 0.350000 0.110000 115343.360000 1.09779034895662419395179E-03 1.12413731733158317460664E+00 
0.177500 0.355000 0.110000 115343.360000 1.00211643990484947086550E-03 1.02616723446256585816627E+00 
0.180000 0.360000 0.110000 115343.360000 9.15043626162803614906838E-04 9.37004673190710901664602E-01 
0.182500 0.365000 0.110000 115343.360000 8.35779385629980458086163E-04 8.55838090885099989080231E-01 
0.185000 0.370000 0.110000 115343.360000 7.63605360372519577187578E-04 7.81931889021460047040080E-01 
0.187500 0.375000 0.110000 115343.360000 6.97870348505561714606837E-04 7.14619236869695195757402E-01 
0.190000 0.380000 0.110000 115343.360000 6.37983963518351645735627E-04 6.53295578642792085233282E-01 
0.192500 0.385000 0.110000 115343.360000 5.83410897076235479205564E-04 5.97412758606065130706497E-01 
0.195000 0.390000 0.110000 115343.360000 5.33665727478680926819388E-04 5.46473704938169269063053E-01 
0.197500 0.395000 0.110000 115343.360000 4.88308221508209250490140E-04 5.00027618824406272501903E-01 
0.200000 0.400000 0.110000 115343.360000 4.46939082427676701893271E-04 4.57665620405940942738710E-01 
0.202500 0.405000 0.110000 115343.360000 4.09196101424141617675795E-04 4.19016807858321016500014E-01 
0.205000 0.410000 0.110000 115343.360000 3.74750673902485547522856E-04 3.83744690076145200663404E-01 
0.207500 0.415000 0.110000 115343.360000 3.43304645742948592694599E-04 3.51543957240779358919269E-01 
0.210000 0.420000 0.110000 115343.360000 3.14587457991376826579172E-04 3.22137556983169870417072E-01 
0.212500 0.425000 0.110000 115343.360000 2.88353561483443868260906E-04 2.95274046959046521099168E-01 
0.215000 0.430000 0.110000 115343.360000 2.64380075645219458132379E-04 2.70725197460704725127556E-01 
0.217500 0.435000 0.110000 115343.360000 2.42464668190046195956830E-04 2.48283820226607304659794E-01 
0.220000 0.440000 0.110000 115343.360000 2.22423634670929087518362E-04 2.27761801903031385618803E-01 
0.222500 0.445000 0.110000 115343.360000 2.04090158871383014821052E-04 2.08988322684296207176757E-01 
0.225000 0.450000 0.110000 115343.360000 1.87312736846407482810273E-04 1.91808242530721262397719E-01 
0.227500 0.455000 0.110000 115343.360000 1.71953749077652362758223E-04 1.76080639055516019464420E-01 
0.230000 0.460000 0.110000 115343.360000 1.57888166699743029289596E-04 1.61677482700536861992546E-01 
0.232500 0.465000 0.110000 115343.360000 1.45002379103323228914588E-04 1.48482436201802986408538E-01 
0.235000 0.470000 0.110000 115343.360000 1.33193131438564768033450E-04 1.36389766593090322466253E-01 
0.237500 0.475000 0.110000 115343.360000 1.22366561643033242533229E-04 1.25303359122466040354027E-01 
0.240000 0.480000 0.110000 115343.360000 1.12437327611352943742586E-04 1.15135823474025414392408E-01 
0.242500 0.485000 0.110000 115343.360000 1.03327816021209217822729E-04 1.05807683605718239050475E-01 
0.245000 0.490000 0.110000 115343.360000 9.49674251402524301733654E-05 9.72466433436184884975262E-02 
0.247500 0.495000 0.110000 115343.360000 8.72919146697880048635029E-05 8.93869206218629169802270E-02 
0.250000 0.500000 0.110000 115343.360000 8.02428163414209161827598E-05 8.21686439336150181711460E-02 
0.252500 0.505000 0.110000 115343.360000 7.37668995789869967258379E-05 7.55373051688826846472580E-02 
0.255000 0.510000 0.110000 115343.360000 6.78156870763950870174136E-05 6.94432635662285691058315E-02 
0.257500 0.515000 0.110000 115343.360000 6.23450156281484338133964E-05 6.38412960032239962249179E-02 
0.260000 0.520000 0.110000 115343.360000 5.73146379883946041015191E-05 5.86901893001160745999556E-02 
0.262500 0.525000 0.110000 115343.360000 5.26878619310746287504599E-05 5.39523706174204198404709E-02 
0.265000 0.530000 0.110000 115343.360000 4.84312230422531485958190E-05 4.95935723952672241621187E-02 
0.267500 0.535000 0.110000 115343.360000 4.45141880998474530036282E-05 4.55825286142437918757153E-02 
0.270000 0.540000 0.110000 115343.360000 4.09088861891152426081449E-05 4.18906994576540084307403E-02 
0.272500 0.545000 0.110000 115343.360000 3.75898649675121817128644E-05 3.84920217267324740739731E-02 
0.275000 0.550000 0.110000 115343.360000 3.45338697326483170385591E-05 3.53626826062318766474846E-02 
0.277500 0.555000 0.110000 115343.360000 3.17196431645449909708656E-05 3.24809146004940707541664E-02 
0.280000 0.560000 0.110000 115343.360000 2.91277438104632856424436E-05 2.98268096619144044978622E-02 
0.282500 0.565000 0.110000 115343.360000 2.67403815592342998432723E-05 2.73821507166559230395109E-02 
0.285000 0.570000 0.110000 115343.360000 2.45412685140802647469540E-05 2.51302589584181911008809E-02 
0.287500 0.575000 0.110000 115343.360000 2.25154838199731837885577E-05 2.30558554316525401994831E-02 
0.290000 0.580000 0.110000 115343.360000 2.06493511350851550914098E-05 2.11449355623271988136036E-02 
0.292500 0.585000 0.110000 115343.360000 1.89303275571332422578044E-05 1.93846554185044400719917E-02 
0.295000 0.590000 0.110000 115343.360000 1.73469029255723463137876E-05 1.77632285957860826253185E-02 
0.297500 0.595000 0.110000 115343.360000 1.58885085206813956486618E-05 1.62698327251777491442297E-02 
0.300000 0.600000 0.110000 115343.360000 1.45454342715601056361657E-05 1.48945246940775481714336E-02 
0.302500 0.605000 0.110000 115343.360000 1.33087536677435722305696E-05 1.36281637557694179641032E-02 
0.305000 0.610000 0.110000 115343.360000 1.21702556443078166480750E-05 1.24623417797712042476288E-02 
0.307500 0.615000 0.110000 115343.360000 1.11223827786654058018614E-05 1.13893199653533755411061E-02 
0.310000 0.620000 0.110000 115343.360000 1.01581751993521962232998E-05 1.04019714041366489326590E-02 
0.312500 0.625000 0.110000 115343.360000 9.27121966354270261282018E-06 9.49372893546772747552787E-03 
0.315000 0.630000 0.110000 115343.360000 8.45560331130807332614997E-06 8.65853779077946708597757E-03 
0.317500 0.635000 0.110000 115343.360000 7.70587165120810071029366E-06 7.89081257083709512734071E-03 
0.320000 0.640000 0.110000 115343.360000 7.01699037410166420595300E-06 7.18539814308010414689587E-03 
0.322500 0.645000 0.110000 115343.360000 6.38431063045222901814564E-06 6.53753408558308251458113E-03 
0.325000 0.650000 0.110000 115343.360000 5.80353744123946063568570E-06 5.94282233982920769094216E-03 
0.327500 0.655000 0.110000 115343.360000 5.27070094418397664526440E-06 5.39719776684439208475075E-03 
0.330000 0.660000 0.110000 115343.360000 4.78213020563603588515339E-06 4.89690133057130074639707E-03 
0.332500 0.665000 0.110000 115343.360000 4.33442935443529015328377E-06 4.43845565894173711696258E-03 
0.335000 0.670000 0.110000 115343.360000 3.92445581755958087919909E-06 4.01864275718101082029987E-03 
0.337500 0.675000 0.110000 115343.360000 3.54930045866473093524578E-06 3.63448366967268447769168E-03 
0.340000 0.680000 0.110000 115343.360000 3.20626943987820493085360E-06 3.28321990643528184919409E-03 
0.342500 0.685000 0.110000 115343.360000 2.89286764462992931665306E-06 2.96229646810104762025273E-03 
0.345000 0.690000 0.110000 115343.360000 2.60678351505334125675175E-06 2.66934631941462144691379E-03 
0.347500 0.695000 0.110000 115343.360000 2.34587517172243958108444E-06 2.40217617584377813103047E-03 
0.350000 0.700000 0.110000 115343.360000 2.10815769634675650098256E-06 2.15875348105907865700615E-03 
0.352500 0.705000 0.110000 115343.360000 1.89179146965480888806287E-06 1.93719446492652430137638E-03 
0.355000 0.710000 0.110000 115343.360000 1.69507146717444963681645E-06 1.73575318238663642810005E-03 
0.357500 0.715000 0.110000 115343.360000 1.51641742507266314370735E-06 1.55281144327440705915633E-03 
0.360000 0.720000 0.110000 115343.360000 1.35436479674522625008589E-06 1.38686955186711168008795E-03 
0.362500 0.725000 0.110000 115343.360000 1.20755642853668029478768E-06 1.23653778282156062186259E-03 
0.365000 0.730000 0.110000 115343.360000 1.07473488990391278721662E-06 1.10052852726160669410982E-03 
0.367500 0.735000 0.110000 115343.360000 9.54735399585841150183743E-07 9.77649049175901337788153E-04 
0.370000 0.740000 0.110000 115343.360000 8.46479294973281964064584E-07 8.66794798052640731202134E-04 
0.372500 0.745000 0.110000 115343.360000 7.48967996947858348415835E-07 7.66943228874606948777815E-04 
0.375000 0.750000 0.110000 115343.360000 6.61277427031175457732535E-07 6.77148085279923668718116E-04 
0.377500 0.755000 0.110000 115343.360000 5.82552837805306363530469E-07 5.96534105912633716255200E-04 
0.380000 0.760000 0.110000 115343.360000 5.12004021277362321729065E-07 5.24292117788019017450563E-04 
0.382500 0.765000 0.110000 115343.360000 4.48900863205551083464024E-07 4.59674483922484309467160E-04 
0.385000 0.770000 0.110000 115343.360000 3.92569214417989618374772E-07 4.01990875564021369215767E-04 
0.387500 0.775000 0.110000 115343.360000 3.42387052871887048566106E-07 3.50604342140812337731692E-04 
0.390000 0.780000 0.110000 115343.360000 2.97780912649408973715567E-07 3.04927654552994789084741E-04 
0.392500 0.785000 0.110000 115343.360000 2.58222558294436494374328E-07 2.64419899693502970239312E-04 
0.395000 0.790000 0.110000 115343.360000 2.23225884885920275476812E-07 2.28583306123182362088256E-04 
0.397500 0.795000 0.110000 115343.360000 1.92344026040341036024446E-07 1.96960282665309220889033E-04 
0.400000 0.800000 0.110000 115343.360000 1.65166653657721187252908E-07 1.69130653345506495746978E-04 
0.402500 0.805000 0.110000 115343.360000 1.41317454690292173710394E-07 1.44709073602859185879443E-04 
0.405000 0.810000 0.110000 115343.360000 1.20451771536253794798617E-07 1.23342614053123885873783E-04 
0.407500 0.815000 0.110000 115343.360000 1.02254393857414401282910E-07 1.04708499309992346913700E-04 
0.410000 0.820000 0.110000 115343.360000 8.64374907016187371430367E-08 8.85119904784575868344695E-05 
0.412500 0.825000 0.110000 115343.360000 7.27386727904246121271720E-08 7.44844009373948028182241E-05 
0.415000 0.830000 0.110000 115343.360000 6.09191757196911428554954E-08 6.23812359369637302840272E-05 
0.417500 0.835000 0.110000 115343.360000 5.07621556250263476107326E-08 5.19804473600269799533902E-05 
0.420000 0.840000 0.110000 115343.360000 4.20710895936298047780198E-08 4.30807957438769200926923E-05 
0.422500 0.845000 0.110000 115343.360000 3.46682737665139563922241E-08 3.55003123369102913456374E-05 
0.425000 0.850000 0.110000 115343.360000 2.83934126770690569552648E-08 2.90748545813187143221912E-05 
0.427500 0.855000 0.110000 115343.360000 2.31022939194676428318205E-08 2.36567489735348662597842E-05 
0.430000 0.860000 0.110000 115343.360000 1.86655427388988710736996E-08 1.91135157646324439794684E-05 
0.432500 0.865000 0.110000 115343.360000 1.49674515898941054726938E-08 1.53266704280515640040385E-05 
0.435000 0.870000 0.110000 115343.360000 1.19048801234126503131380E-08 1.21905972463745539206533E-05 
0.437500 0.875000 0.110000 115343.360000 9.38622144178906519128927E-09 9.61149075639200275588021E-06 
0.440000 0.880000 0.110000 115343.360000 7.33043080658700479214987E-09 7.50636114594509290716146E-06 
0.442500 0.885000 0.110000 115343.360000 5.66611330101381882886744E-09 5.80210002023815048076026E-06 
0.445000 0.890000 0.110000 115343.360000 4.33066723863193591797428E-09 4.43460325235910238000567E-06 
0.447500 0.895000 0.110000 115343.360000 3.26948037619952136588329E-09 3.34794790522830987866449E-06 
0.450000 0.900000 0.110000 115343.360000 2.43517623286357336184162E-09 2.49362046245229912252582E-06 
0.452500 0.905000 0.110000 115343.360000 1.78690804266997248609340E-09 1.82979383569405182575964E-06 
0.455000 0.910000 0.110000 115343.360000 1.28969807430068849160084E-09 1.32065082808390501539926E-06 
0.457500 0.915000 0.110000 115343.360000 9.13820242771551141266116E-10 9.35751928598068368656503E-07 
0.460000 0.920000 0.110000 115343.360000 6.34224114041341444960913E-10 6.49445492778333639639974E-07 
0.462500 0.925000 0.110000 115343.360000 4.29998566464408897672109E-10 4.40318532059554711216240E-07 
0.465000 0.930000 0.110000 115343.360000 2.83873524012857039258125E-10 2.90686488589165608200320E-07 
0.467500 0.935000 0.110000 115343.360000 1.81758316332996998830965E-10 1.86120515924988926802908E-07 
0.470000 0.940000 0.110000 115343.360000 1.12315351019968699994952E-10 1.15010919444447948794830E-07 
0.472500 0.945000 0.110000 115343.360000 6.65679049403987368637410E-11 6.81655346589683065484708E-08 
0.475000 0.950000 0.110000 115343.360000 3.75409548746105755271625E-11 3.84419377916012293398144E-08 
0.477500 0.955000 0.110000 115343.360000 1.99340739874560729718835E-11 2.04124917631550187232087E-08 
0.480000 0.960000 0.110000 115343.360000 9.82552040977459675204153E-12 1.00613328996091870740905E-08 
0.482500 0.965000 0.110000 115343.360000 4.40673820725011208641139E-12 4.51249992422411477648526E-09 
0.485000 0.970000 0.110000 115343.360000 1.74657986984977695402660E-12 1.78849778672617160092324E-09 
0.487500 0.975000 0.110000 115343.360000 5.84643772273075093219962E-13 5.98675222807628895457241E-10 
0.490000 0.980000 0.110000 115343.360000 1.53200397955805321170905E-13 1.56877207506744648879006E-10 
0.492500 0.985000 0.110000 115343.360000 2.72580198690259022788353E-14 2.79122123458825239335274E-11 
0.495000 0.990000 0.110000 115343.360000 2.39249856178087912013218E-15 2.44991852726362021901535E-12 
0.497500 0.995000 0.110000 115343.360000 3.73778826246943024220175E-17 3.82749518076869656801460E-14 
0.500000 1.000000 0.110000 115343.360000 0.00000000000000000000000E+00 0.00000000000000000000000E+00 
