0.000000 0.009000 9.99999999534338712692261E-01 3.27679999847412109375000E+04 
0.008333 0.009000 3.56795669278156327153262E-02 1.16914804909066265281581E+03 
0.016667 0.009000 3.57023136150226780283212E-02 1.16989341253706311363203E+03 
0.025000 0.009000 3.57023427315848532193066E-02 1.16989436662857247029024E+03 
0.033333 0.009000 3.57023427690908723430852E-02 1.16989436785756970493821E+03 
0.041667 0.009000 3.57023427691395833782906E-02 1.16989436785916586813983E+03 
0.050000 0.009000 3.57023427691396458283357E-02 1.16989436785916791450290E+03 
0.058333 0.009000 3.57023427691396458283357E-02 1.16989436785916791450290E+03 
0.066667 0.009000 3.57023427691396458283357E-02 1.16989436785916791450290E+03 
0.075000 0.009000 3.57023427691396458283357E-02 1.16989436785916791450290E+03 
0.083333 0.009000 3.57023427691396458283357E-02 1.16989436785916791450290E+03 
0.091667 0.009000 3.57023427691396458283357E-02 1.16989436785916791450290E+03 
0.100000 0.009000 3.57023427691396458283357E-02 1.16989436785916791450290E+03 
0.108333 0.009000 3.57023427691396458283357E-02 1.16989436785916791450290E+03 
0.116667 0.009000 3.57023427691396458283357E-02 1.16989436785916791450290E+03 
0.125000 0.009000 3.57023427691396458283357E-02 1.16989436785916791450290E+03 
0.133333 0.009000 3.57023427691396458283357E-02 1.16989436785916791450290E+03 
0.141667 0.009000 3.57023427691396458283357E-02 1.16989436785916791450290E+03 
0.150000 0.009000 3.57023427691396458283357E-02 1.16989436785916791450290E+03 
0.158333 0.009000 3.57023427691396458283357E-02 1.16989436785916791450290E+03 
0.166667 0.009000 3.57023427691396458283357E-02 1.16989436785916791450290E+03 
0.175000 0.009000 3.57023427691396458283357E-02 1.16989436785916791450290E+03 
0.183333 0.009000 3.57023427691396458283357E-02 1.16989436785916791450290E+03 
0.191667 0.009000 3.57023427691396458283357E-02 1.16989436785916791450290E+03 
0.200000 0.009000 3.57023427691396458283357E-02 1.16989436785916791450290E+03 
0.208333 0.009000 3.57023427691396458283357E-02 1.16989436785916791450290E+03 
0.216667 0.009000 3.57023427691396458283357E-02 1.16989436785916791450290E+03 
0.225000 0.009000 3.57023427691396458283357E-02 1.16989436785916791450290E+03 
0.233333 0.009000 3.57023427691396458283357E-02 1.16989436785916791450290E+03 
0.241667 0.009000 3.57023427691396458283357E-02 1.16989436785916791450290E+03 
0.250000 0.009000 3.57023427691396458283357E-02 1.16989436785916791450290E+03 
0.258333 0.009000 3.57023427691396458283357E-02 1.16989436785916791450290E+03 
0.266667 0.009000 3.57023427691396458283357E-02 1.16989436785916791450290E+03 
0.275000 0.009000 3.57023427691396458283357E-02 1.16989436785916791450290E+03 
0.283333 0.009000 3.57023427691396458283357E-02 1.16989436785916791450290E+03 
0.291667 0.009000 3.57023427691396458283357E-02 1.16989436785916791450290E+03 
0.300000 0.009000 3.57023427691396458283357E-02 1.16989436785916791450290E+03 
0.308333 0.009000 3.57023427691396458283357E-02 1.16989436785916791450290E+03 
0.316667 0.009000 3.57023427691396458283357E-02 1.16989436785916791450290E+03 
0.325000 0.009000 3.57023427691396458283357E-02 1.16989436785916791450290E+03 
0.333333 0.009000 3.57023427691396458283357E-02 1.16989436785916791450290E+03 
0.341667 0.009000 3.57023427691396458283357E-02 1.16989436785916791450290E+03 
0.350000 0.009000 3.57023427691396458283357E-02 1.16989436785916791450290E+03 
0.358333 0.009000 3.57023427691396458283357E-02 1.16989436785916791450290E+03 
0.366667 0.009000 3.57023427691396458283357E-02 1.16989436785916791450290E+03 
0.375000 0.009000 3.57023427691396458283357E-02 1.16989436785916791450290E+03 
0.383333 0.009000 3.57023427691396458283357E-02 1.16989436785916791450290E+03 
0.391667 0.009000 3.57023427691396458283357E-02 1.16989436785916791450290E+03 
0.400000 0.009000 3.57023427691396458283357E-02 1.16989436785916791450290E+03 
0.408333 0.009000 3.57023427691396458283357E-02 1.16989436785916791450290E+03 
0.416667 0.009000 3.57023427691396458283357E-02 1.16989436785916791450290E+03 
0.425000 0.009000 3.57023427691396458283357E-02 1.16989436785916791450290E+03 
0.433333 0.009000 3.57023427691396458283357E-02 1.16989436785916791450290E+03 
0.441667 0.009000 3.57023427691396458283357E-02 1.16989436785916791450290E+03 
0.450000 0.009000 3.57023427691396458283357E-02 1.16989436785916791450290E+03 
0.458333 0.009000 3.57023427691396458283357E-02 1.16989436785916791450290E+03 
0.466667 0.009000 3.57023427691396458283357E-02 1.16989436785916791450290E+03 
0.475000 0.009000 3.57023427691396458283357E-02 1.16989436785916791450290E+03 
0.483333 0.009000 3.57023427691396458283357E-02 1.16989436785916791450290E+03 
0.491667 0.009000 3.57023427691396458283357E-02 1.16989436785916791450290E+03 
0.500000 0.009000 0.00000000000000000000000E+00 0.00000000000000000000000E+00 
