0.000000 0.174000 9.99999999999545252649114E-01 1.04857599999952316284180E+06 
0.008333 0.174000 6.06544876610724648102746E-01 6.36008400536967208608985E+05 
0.016667 0.174000 7.09424678399936503581102E-01 7.43885691577891819179058E+05 
0.025000 0.174000 7.43730528398984902516133E-01 7.79857982546493993140757E+05 
0.033333 0.174000 7.55981402509551148050093E-01 7.92703955117855104617774E+05 
0.041667 0.174000 7.60452146347288526762043E-01 7.97391869808254414238036E+05 
0.050000 0.174000 7.62097818039310093141125E-01 7.99117481648387620225549E+05 
0.058333 0.174000 7.62706306645615561556895E-01 7.99755528197232983075082E+05 
0.066667 0.174000 7.62932027086299591189800E-01 7.99992213234043680131435E+05 
0.075000 0.174000 7.63016014526695429687209E-01 8.00080280448344186879694E+05 
0.083333 0.174000 7.63047366706142260461831E-01 8.00113155591259826906025E+05 
0.091667 0.174000 7.63059112516000448422915E-01 8.00125471965577686205506E+05 
0.100000 0.174000 7.63063530678295354192642E-01 8.00130104744524229317904E+05 
0.108333 0.174000 7.63065200005758281776025E-01 8.00131855161237996071577E+05 
0.116667 0.174000 7.63065833862895392947223E-01 8.00132519808619399555027E+05 
0.125000 0.174000 7.63066075859510695167387E-01 8.00132773560462286695838E+05 
0.133333 0.174000 7.63066168803644195861580E-01 8.00132871019450016319752E+05 
0.141667 0.174000 7.63066204734251685160018E-01 8.00132908695422695018351E+05 
0.150000 0.174000 7.63066218723048028671485E-01 8.00132923363738809712231E+05 
0.158333 0.174000 7.63066224211131460819502E-01 8.00132929118411382660270E+05 
0.166667 0.174000 7.63066226382056012056410E-01 8.00132931394790764898062E+05 
0.175000 0.174000 7.63066227248456740994698E-01 8.00132932303277775645256E+05 
0.183333 0.174000 7.63066227597528623505241E-01 8.00132932669306173920631E+05 
0.191667 0.174000 7.63066227739601976587380E-01 8.00132932818280882202089E+05 
0.200000 0.174000 7.63066227798052665320938E-01 8.00132932879570871591568E+05 
0.208333 0.174000 7.63066227822376319522846E-01 8.00132932905076071619987E+05 
0.216667 0.174000 7.63066227832621124527179E-01 8.00132932915818528272212E+05 
0.225000 0.174000 7.63066227836990851329801E-01 8.00132932920400518923998E+05 
0.233333 0.174000 7.63066227838879451716991E-01 8.00132932922380859963596E+05 
0.241667 0.174000 7.63066227839707011959547E-01 8.00132932923248619772494E+05 
0.250000 0.174000 7.63066227840074606803000E-01 8.00132932923634070903063E+05 
0.258333 0.174000 7.63066227840240252078274E-01 8.00132932923807762563229E+05 
0.266667 0.174000 7.63066227840315969288554E-01 8.00132932923887157812715E+05 
0.275000 0.174000 7.63066227840350941313829E-01 8.00132932923923828639090E+05 
0.283333 0.174000 7.63066227840367261592291E-01 8.00132932923940941691399E+05 
0.291667 0.174000 7.63066227840375144175766E-01 8.00132932923949207179248E+05 
0.300000 0.174000 7.63066227840378807911748E-01 8.00132932923953048884869E+05 
0.308333 0.174000 7.63066227840380584268587E-01 8.00132932923954911530018E+05 
0.316667 0.174000 7.63066227840381472447007E-01 8.00132932923955842852592E+05 
0.325000 0.174000 7.63066227840381694491612E-01 8.00132932923956075683236E+05 
0.333333 0.174000 7.63066227840381916536217E-01 8.00132932923956308513880E+05 
0.341667 0.174000 7.63066227840381916536217E-01 8.00132932923956308513880E+05 
0.350000 0.174000 7.63066227840381916536217E-01 8.00132932923956308513880E+05 
0.358333 0.174000 7.63066227840381916536217E-01 8.00132932923956308513880E+05 
0.366667 0.174000 7.63066227840381916536217E-01 8.00132932923956308513880E+05 
0.375000 0.174000 7.63066227840381916536217E-01 8.00132932923956308513880E+05 
0.383333 0.174000 7.63066227840381916536217E-01 8.00132932923956308513880E+05 
0.391667 0.174000 7.63066227840381916536217E-01 8.00132932923956308513880E+05 
0.400000 0.174000 7.63066227840381916536217E-01 8.00132932923956308513880E+05 
0.408333 0.174000 7.63066227840381916536217E-01 8.00132932923956308513880E+05 
0.416667 0.174000 7.63066227840381916536217E-01 8.00132932923956308513880E+05 
0.425000 0.174000 7.63066227840381916536217E-01 8.00132932923956308513880E+05 
0.433333 0.174000 7.63066227840381916536217E-01 8.00132932923956308513880E+05 
0.441667 0.174000 7.63066227840381916536217E-01 8.00132932923956308513880E+05 
0.450000 0.174000 7.63066227840381916536217E-01 8.00132932923956308513880E+05 
0.458333 0.174000 7.63066227840381916536217E-01 8.00132932923956308513880E+05 
0.466667 0.174000 7.63066227840381916536217E-01 8.00132932923956308513880E+05 
0.475000 0.174000 7.63066227840381916536217E-01 8.00132932923956308513880E+05 
0.483333 0.174000 7.63066227840381916536217E-01 8.00132932923956308513880E+05 
0.491667 0.174000 7.63066227840381916536217E-01 8.00132932923956308513880E+05 
0.500000 0.174000 0.00000000000000000000000E+00 0.00000000000000000000000E+00 
