0.000000 0.110000 9.99999999534338712692261E-01 3.27679999847412109375000E+04 
0.008333 0.110000 6.06544875843865627373930E-01 1.98752624916517888777889E+04 
0.016667 0.110000 7.09424677093819511242145E-01 2.32464278190102777443826E+04 
0.025000 0.110000 7.43730526562874083573718E-01 2.43705618944122579705436E+04 
0.033333 0.110000 7.55981400195512187600855E-01 2.47719985216065433633048E+04 
0.041667 0.110000 7.60452143650188761014874E-01 2.49184958431293853209354E+04 
0.050000 0.110000 7.62097815068992434639483E-01 2.49724212041807440982666E+04 
0.058333 0.110000 7.62706303499763316189330E-01 2.49923601530802443448920E+04 
0.066667 0.110000 7.62932023836944361860901E-01 2.49997565570889928494580E+04 
0.075000 0.110000 7.63016011219668999210342E-01 2.50025086556461137661245E+04 
0.083333 0.110000 7.63047363367259645627882E-01 2.50035360028183640679345E+04 
0.091667 0.110000 7.63059109158465753708356E-01 2.50039208889046058175154E+04 
0.100000 0.110000 7.63063527308534994553213E-01 2.50040656628460747015197E+04 
0.108333 0.110000 7.63065196627053743405611E-01 2.50041203630752970639151E+04 
0.116667 0.110000 7.63065830477251738628297E-01 2.50041411330785849713720E+04 
0.125000 0.110000 7.63066072468441602971723E-01 2.50041490626458944461774E+04 
0.133333 0.110000 7.63066165408420427063163E-01 2.50041521081031205540057E+04 
0.141667 0.110000 7.63066201335944049866100E-01 2.50041532853762146260124E+04 
0.150000 0.110000 7.63066215322522944930483E-01 2.50041537436884318594821E+04 
0.158333 0.110000 7.63066220809056172669216E-01 2.50041539234711526660249E+04 
0.166667 0.110000 7.63066222978921460118329E-01 2.50041539945732984051574E+04 
0.175000 0.110000 7.63066223844610203030925E-01 2.50041540229401871329173E+04 
0.183333 0.110000 7.63066224193209574622188E-01 2.50041540343630913412198E+04 
0.191667 0.110000 7.63066224334970288900593E-01 2.50041540390083064266946E+04 
0.200000 0.110000 7.63066224393215253307687E-01 2.50041540409168774203863E+04 
0.208333 0.110000 7.63066224417402794166776E-01 2.50041540417094547592569E+04 
0.216667 0.110000 7.63066224427557560083812E-01 2.50041540420422061288264E+04 
0.225000 0.110000 7.63066224431867778932315E-01 2.50041540421834433800541E+04 
0.233333 0.110000 7.63066224433716855379828E-01 2.50041540422440339170862E+04 
0.241667 0.110000 7.63066224434518325381305E-01 2.50041540422702964860946E+04 
0.250000 0.110000 7.63066224434868822790179E-01 2.50041540422817815851886E+04 
0.258333 0.110000 7.63066224435023254812904E-01 2.50041540422868420137092E+04 
0.266667 0.110000 7.63066224435091755573524E-01 2.50041540422890866466332E+04 
0.275000 0.110000 7.63066224435122064662096E-01 2.50041540422900798148476E+04 
0.283333 0.110000 7.63066224435135720405299E-01 2.50041540422905272862408E+04 
0.291667 0.110000 7.63066224435141715609632E-01 2.50041540422907237370964E+04 
0.300000 0.110000 7.63066224435144380144891E-01 2.50041540422908110485878E+04 
0.308333 0.110000 7.63066224435145490367915E-01 2.50041540422908474283759E+04 
0.316667 0.110000 7.63066224435145934457125E-01 2.50041540422908619802911E+04 
0.325000 0.110000 7.63066224435146045479428E-01 2.50041540422908656182699E+04 
0.333333 0.110000 7.63066224435146156501730E-01 2.50041540422908692562487E+04 
0.341667 0.110000 7.63066224435146156501730E-01 2.50041540422908692562487E+04 
0.350000 0.110000 7.63066224435146156501730E-01 2.50041540422908692562487E+04 
0.358333 0.110000 7.63066224435146156501730E-01 2.50041540422908692562487E+04 
0.366667 0.110000 7.63066224435146156501730E-01 2.50041540422908692562487E+04 
0.375000 0.110000 7.63066224435146156501730E-01 2.50041540422908692562487E+04 
0.383333 0.110000 7.63066224435146156501730E-01 2.50041540422908692562487E+04 
0.391667 0.110000 7.63066224435146156501730E-01 2.50041540422908692562487E+04 
0.400000 0.110000 7.63066224435146156501730E-01 2.50041540422908692562487E+04 
0.408333 0.110000 7.63066224435146156501730E-01 2.50041540422908692562487E+04 
0.416667 0.110000 7.63066224435146156501730E-01 2.50041540422908692562487E+04 
0.425000 0.110000 7.63066224435146156501730E-01 2.50041540422908692562487E+04 
0.433333 0.110000 7.63066224435146156501730E-01 2.50041540422908692562487E+04 
0.441667 0.110000 7.63066224435146156501730E-01 2.50041540422908692562487E+04 
0.450000 0.110000 7.63066224435146156501730E-01 2.50041540422908692562487E+04 
0.458333 0.110000 7.63066224435146156501730E-01 2.50041540422908692562487E+04 
0.466667 0.110000 7.63066224435146156501730E-01 2.50041540422908692562487E+04 
0.475000 0.110000 7.63066224435146156501730E-01 2.50041540422908692562487E+04 
0.483333 0.110000 7.63066224435146156501730E-01 2.50041540422908692562487E+04 
0.491667 0.110000 7.63066224435146156501730E-01 2.50041540422908692562487E+04 
0.500000 0.110000 0.00000000000000000000000E+00 0.00000000000000000000000E+00 
